CRITICAL - 2022-05-31 07:03:51 --> Argument 2 passed to CodeIgniter\Database\BaseBuilder::get() must be of the type int, null given, called in D:\Usuarios\Documents\Projetos\Copercana\site-copercana\app\Models\GalleryModel.php on line 53
#0 D:\Usuarios\Documents\Projetos\Copercana\site-copercana\app\Models\GalleryModel.php(53): CodeIgniter\Database\BaseBuilder->get(NULL, NULL)
#1 D:\Usuarios\Documents\Projetos\Copercana\site-copercana\app\Controllers\Home.php(267): App\Models\GalleryModel->get_pictures_by_gallery_id('1')
#2 D:\Usuarios\Documents\Projetos\Copercana\site-copercana\system\CodeIgniter.php(825): App\Controllers\Home->galeria_de_fotos('2021')
#3 D:\Usuarios\Documents\Projetos\Copercana\site-copercana\system\CodeIgniter.php(412): CodeIgniter\CodeIgniter->runController(Object(App\Controllers\Home))
#4 D:\Usuarios\Documents\Projetos\Copercana\site-copercana\system\CodeIgniter.php(320): CodeIgniter\CodeIgniter->handleRequest(NULL, Object(Config\Cache), false)
#5 D:\Usuarios\Documents\Projetos\Copercana\site-copercana\public\index.php(37): CodeIgniter\CodeIgniter->run()
#6 D:\Usuarios\Documents\Projetos\Copercana\site-copercana\system\Commands\Server\rewrite.php(43): require_once('D:\\Usuarios\\Doc...')
#7 {main}
CRITICAL - 2022-05-31 07:04:17 --> Argument 2 passed to CodeIgniter\Database\BaseBuilder::get() must be of the type int, null given, called in D:\Usuarios\Documents\Projetos\Copercana\site-copercana\app\Models\GalleryModel.php on line 53
#0 D:\Usuarios\Documents\Projetos\Copercana\site-copercana\app\Models\GalleryModel.php(53): CodeIgniter\Database\BaseBuilder->get(NULL, NULL)
#1 D:\Usuarios\Documents\Projetos\Copercana\site-copercana\app\Controllers\Home.php(267): App\Models\GalleryModel->get_pictures_by_gallery_id('1')
#2 D:\Usuarios\Documents\Projetos\Copercana\site-copercana\system\CodeIgniter.php(825): App\Controllers\Home->galeria_de_fotos('2021')
#3 D:\Usuarios\Documents\Projetos\Copercana\site-copercana\system\CodeIgniter.php(412): CodeIgniter\CodeIgniter->runController(Object(App\Controllers\Home))
#4 D:\Usuarios\Documents\Projetos\Copercana\site-copercana\system\CodeIgniter.php(320): CodeIgniter\CodeIgniter->handleRequest(NULL, Object(Config\Cache), false)
#5 D:\Usuarios\Documents\Projetos\Copercana\site-copercana\public\index.php(37): CodeIgniter\CodeIgniter->run()
#6 D:\Usuarios\Documents\Projetos\Copercana\site-copercana\system\Commands\Server\rewrite.php(43): require_once('D:\\Usuarios\\Doc...')
#7 {main}
CRITICAL - 2022-05-31 07:04:35 --> Undefined variable: limit
#0 D:\Usuarios\Documents\Projetos\Copercana\site-copercana\app\Models\GalleryModel.php(53): CodeIgniter\Debug\Exceptions->errorHandler(8, 'Undefined varia...', 'D:\\Usuarios\\Doc...', 53, Array)
#1 D:\Usuarios\Documents\Projetos\Copercana\site-copercana\app\Controllers\Home.php(267): App\Models\GalleryModel->get_pictures_by_gallery_id('1')
#2 D:\Usuarios\Documents\Projetos\Copercana\site-copercana\system\CodeIgniter.php(825): App\Controllers\Home->galeria_de_fotos('2021')
#3 D:\Usuarios\Documents\Projetos\Copercana\site-copercana\system\CodeIgniter.php(412): CodeIgniter\CodeIgniter->runController(Object(App\Controllers\Home))
#4 D:\Usuarios\Documents\Projetos\Copercana\site-copercana\system\CodeIgniter.php(320): CodeIgniter\CodeIgniter->handleRequest(NULL, Object(Config\Cache), false)
#5 D:\Usuarios\Documents\Projetos\Copercana\site-copercana\public\index.php(37): CodeIgniter\CodeIgniter->run()
#6 D:\Usuarios\Documents\Projetos\Copercana\site-copercana\system\Commands\Server\rewrite.php(43): require_once('D:\\Usuarios\\Doc...')
#7 {main}
CRITICAL - 2022-05-31 08:36:42 --> Invalid file: auth\login.php
#0 D:\Usuarios\Documents\Projetos\Copercana\site-copercana\system\View\View.php(198): CodeIgniter\Exceptions\FrameworkException::forInvalidFile('auth\\login.php')
#1 D:\Usuarios\Documents\Projetos\Copercana\site-copercana\system\Common.php(1089): CodeIgniter\View\View->render('auth\\login', Array, true)
#2 D:\Usuarios\Documents\Projetos\Copercana\site-copercana\vendor\benedmunds\codeigniter-ion-auth\Controllers\Auth.php(923): view('auth\\login', Array)
#3 D:\Usuarios\Documents\Projetos\Copercana\site-copercana\vendor\benedmunds\codeigniter-ion-auth\Controllers\Auth.php(173): IonAuth\Controllers\Auth->renderPage('auth\\login', Array)
#4 D:\Usuarios\Documents\Projetos\Copercana\site-copercana\system\CodeIgniter.php(825): IonAuth\Controllers\Auth->login()
#5 D:\Usuarios\Documents\Projetos\Copercana\site-copercana\system\CodeIgniter.php(412): CodeIgniter\CodeIgniter->runController(Object(App\Controllers\Auth))
#6 D:\Usuarios\Documents\Projetos\Copercana\site-copercana\system\CodeIgniter.php(320): CodeIgniter\CodeIgniter->handleRequest(NULL, Object(Config\Cache), false)
#7 D:\Usuarios\Documents\Projetos\Copercana\site-copercana\public\index.php(37): CodeIgniter\CodeIgniter->run()
#8 D:\Usuarios\Documents\Projetos\Copercana\site-copercana\system\Commands\Server\rewrite.php(43): require_once('D:\\Usuarios\\Doc...')
#9 {main}
CRITICAL - 2022-05-31 08:36:59 --> Invalid file: auth\login.php
#0 D:\Usuarios\Documents\Projetos\Copercana\site-copercana\system\View\View.php(198): CodeIgniter\Exceptions\FrameworkException::forInvalidFile('auth\\login.php')
#1 D:\Usuarios\Documents\Projetos\Copercana\site-copercana\system\Common.php(1089): CodeIgniter\View\View->render('auth\\login', Array, true)
#2 D:\Usuarios\Documents\Projetos\Copercana\site-copercana\vendor\benedmunds\codeigniter-ion-auth\Controllers\Auth.php(923): view('auth\\login', Array)
#3 D:\Usuarios\Documents\Projetos\Copercana\site-copercana\vendor\benedmunds\codeigniter-ion-auth\Controllers\Auth.php(173): IonAuth\Controllers\Auth->renderPage('auth\\login', Array)
#4 D:\Usuarios\Documents\Projetos\Copercana\site-copercana\system\CodeIgniter.php(825): IonAuth\Controllers\Auth->login()
#5 D:\Usuarios\Documents\Projetos\Copercana\site-copercana\system\CodeIgniter.php(412): CodeIgniter\CodeIgniter->runController(Object(App\Controllers\Auth))
#6 D:\Usuarios\Documents\Projetos\Copercana\site-copercana\system\CodeIgniter.php(320): CodeIgniter\CodeIgniter->handleRequest(NULL, Object(Config\Cache), false)
#7 D:\Usuarios\Documents\Projetos\Copercana\site-copercana\public\index.php(37): CodeIgniter\CodeIgniter->run()
#8 D:\Usuarios\Documents\Projetos\Copercana\site-copercana\system\Commands\Server\rewrite.php(43): require_once('D:\\Usuarios\\Doc...')
#9 {main}
CRITICAL - 2022-05-31 08:53:36 --> Argument 1 passed to _get_uri() must be of the type string, null given, called in D:\Usuarios\Documents\Projetos\Copercana\site-copercana\system\Helpers\url_helper.php on line 87
#0 D:\Usuarios\Documents\Projetos\Copercana\site-copercana\system\Helpers\url_helper.php(87): _get_uri(NULL, Object(Config\App))
#1 D:\Usuarios\Documents\Projetos\Copercana\site-copercana\system\Helpers\url_helper.php(106): site_url(NULL, NULL, Object(Config\App))
#2 D:\Usuarios\Documents\Projetos\Copercana\site-copercana\app\Views\admin\banners\index.php(54): base_url(NULL)
#3 D:\Usuarios\Documents\Projetos\Copercana\site-copercana\system\View\View.php(210): include('D:\\Usuarios\\Doc...')
#4 D:\Usuarios\Documents\Projetos\Copercana\site-copercana\system\View\View.php(213): CodeIgniter\View\View->CodeIgniter\View\{closure}()
#5 D:\Usuarios\Documents\Projetos\Copercana\site-copercana\system\Common.php(1089): CodeIgniter\View\View->render('admin/banners/i...', Array, true)
#6 D:\Usuarios\Documents\Projetos\Copercana\site-copercana\app\Controllers\Banners.php(37): view('admin/banners/i...', Array)
#7 D:\Usuarios\Documents\Projetos\Copercana\site-copercana\system\CodeIgniter.php(825): App\Controllers\Banners->index()
#8 D:\Usuarios\Documents\Projetos\Copercana\site-copercana\system\CodeIgniter.php(412): CodeIgniter\CodeIgniter->runController(Object(App\Controllers\Banners))
#9 D:\Usuarios\Documents\Projetos\Copercana\site-copercana\system\CodeIgniter.php(320): CodeIgniter\CodeIgniter->handleRequest(NULL, Object(Config\Cache), false)
#10 D:\Usuarios\Documents\Projetos\Copercana\site-copercana\public\index.php(37): CodeIgniter\CodeIgniter->run()
#11 D:\Usuarios\Documents\Projetos\Copercana\site-copercana\system\Commands\Server\rewrite.php(43): require_once('D:\\Usuarios\\Doc...')
#12 {main}
CRITICAL - 2022-05-31 09:06:28 --> Argument 1 passed to _get_uri() must be of the type string, null given, called in D:\Usuarios\Documents\Projetos\Copercana\site-copercana\system\Helpers\url_helper.php on line 87
#0 D:\Usuarios\Documents\Projetos\Copercana\site-copercana\system\Helpers\url_helper.php(87): _get_uri(NULL, Object(Config\App))
#1 D:\Usuarios\Documents\Projetos\Copercana\site-copercana\system\Helpers\url_helper.php(106): site_url(NULL, NULL, Object(Config\App))
#2 D:\Usuarios\Documents\Projetos\Copercana\site-copercana\app\Views\admin\banners\index.php(54): base_url(NULL)
#3 D:\Usuarios\Documents\Projetos\Copercana\site-copercana\system\View\View.php(210): include('D:\\Usuarios\\Doc...')
#4 D:\Usuarios\Documents\Projetos\Copercana\site-copercana\system\View\View.php(213): CodeIgniter\View\View->CodeIgniter\View\{closure}()
#5 D:\Usuarios\Documents\Projetos\Copercana\site-copercana\system\Common.php(1089): CodeIgniter\View\View->render('admin/banners/i...', Array, true)
#6 D:\Usuarios\Documents\Projetos\Copercana\site-copercana\app\Controllers\Admin_Banners.php(37): view('admin/banners/i...', Array)
#7 D:\Usuarios\Documents\Projetos\Copercana\site-copercana\system\CodeIgniter.php(825): App\Controllers\Admin_Banners->index()
#8 D:\Usuarios\Documents\Projetos\Copercana\site-copercana\system\CodeIgniter.php(412): CodeIgniter\CodeIgniter->runController(Object(App\Controllers\Admin_Banners))
#9 D:\Usuarios\Documents\Projetos\Copercana\site-copercana\system\CodeIgniter.php(320): CodeIgniter\CodeIgniter->handleRequest(NULL, Object(Config\Cache), false)
#10 D:\Usuarios\Documents\Projetos\Copercana\site-copercana\public\index.php(37): CodeIgniter\CodeIgniter->run()
#11 D:\Usuarios\Documents\Projetos\Copercana\site-copercana\system\Commands\Server\rewrite.php(43): require_once('D:\\Usuarios\\Doc...')
#12 {main}
CRITICAL - 2022-05-31 09:06:32 --> Argument 1 passed to _get_uri() must be of the type string, null given, called in D:\Usuarios\Documents\Projetos\Copercana\site-copercana\system\Helpers\url_helper.php on line 87
#0 D:\Usuarios\Documents\Projetos\Copercana\site-copercana\system\Helpers\url_helper.php(87): _get_uri(NULL, Object(Config\App))
#1 D:\Usuarios\Documents\Projetos\Copercana\site-copercana\system\Helpers\url_helper.php(106): site_url(NULL, NULL, Object(Config\App))
#2 D:\Usuarios\Documents\Projetos\Copercana\site-copercana\app\Views\admin\banners\index.php(54): base_url(NULL)
#3 D:\Usuarios\Documents\Projetos\Copercana\site-copercana\system\View\View.php(210): include('D:\\Usuarios\\Doc...')
#4 D:\Usuarios\Documents\Projetos\Copercana\site-copercana\system\View\View.php(213): CodeIgniter\View\View->CodeIgniter\View\{closure}()
#5 D:\Usuarios\Documents\Projetos\Copercana\site-copercana\system\Common.php(1089): CodeIgniter\View\View->render('admin/banners/i...', Array, true)
#6 D:\Usuarios\Documents\Projetos\Copercana\site-copercana\app\Controllers\Admin_Banners.php(37): view('admin/banners/i...', Array)
#7 D:\Usuarios\Documents\Projetos\Copercana\site-copercana\system\CodeIgniter.php(825): App\Controllers\Admin_Banners->index()
#8 D:\Usuarios\Documents\Projetos\Copercana\site-copercana\system\CodeIgniter.php(412): CodeIgniter\CodeIgniter->runController(Object(App\Controllers\Admin_Banners))
#9 D:\Usuarios\Documents\Projetos\Copercana\site-copercana\system\CodeIgniter.php(320): CodeIgniter\CodeIgniter->handleRequest(NULL, Object(Config\Cache), false)
#10 D:\Usuarios\Documents\Projetos\Copercana\site-copercana\public\index.php(37): CodeIgniter\CodeIgniter->run()
#11 D:\Usuarios\Documents\Projetos\Copercana\site-copercana\system\Commands\Server\rewrite.php(43): require_once('D:\\Usuarios\\Doc...')
#12 {main}
CRITICAL - 2022-05-31 09:06:34 --> Argument 1 passed to _get_uri() must be of the type string, null given, called in D:\Usuarios\Documents\Projetos\Copercana\site-copercana\system\Helpers\url_helper.php on line 87
#0 D:\Usuarios\Documents\Projetos\Copercana\site-copercana\system\Helpers\url_helper.php(87): _get_uri(NULL, Object(Config\App))
#1 D:\Usuarios\Documents\Projetos\Copercana\site-copercana\system\Helpers\url_helper.php(106): site_url(NULL, NULL, Object(Config\App))
#2 D:\Usuarios\Documents\Projetos\Copercana\site-copercana\app\Views\admin\banners\index.php(54): base_url(NULL)
#3 D:\Usuarios\Documents\Projetos\Copercana\site-copercana\system\View\View.php(210): include('D:\\Usuarios\\Doc...')
#4 D:\Usuarios\Documents\Projetos\Copercana\site-copercana\system\View\View.php(213): CodeIgniter\View\View->CodeIgniter\View\{closure}()
#5 D:\Usuarios\Documents\Projetos\Copercana\site-copercana\system\Common.php(1089): CodeIgniter\View\View->render('admin/banners/i...', Array, true)
#6 D:\Usuarios\Documents\Projetos\Copercana\site-copercana\app\Controllers\Admin_Banners.php(37): view('admin/banners/i...', Array)
#7 D:\Usuarios\Documents\Projetos\Copercana\site-copercana\system\CodeIgniter.php(825): App\Controllers\Admin_Banners->index()
#8 D:\Usuarios\Documents\Projetos\Copercana\site-copercana\system\CodeIgniter.php(412): CodeIgniter\CodeIgniter->runController(Object(App\Controllers\Admin_Banners))
#9 D:\Usuarios\Documents\Projetos\Copercana\site-copercana\system\CodeIgniter.php(320): CodeIgniter\CodeIgniter->handleRequest(NULL, Object(Config\Cache), false)
#10 D:\Usuarios\Documents\Projetos\Copercana\site-copercana\public\index.php(37): CodeIgniter\CodeIgniter->run()
#11 D:\Usuarios\Documents\Projetos\Copercana\site-copercana\system\Commands\Server\rewrite.php(43): require_once('D:\\Usuarios\\Doc...')
#12 {main}
CRITICAL - 2022-05-31 09:22:17 --> Argument 2 passed to form_input() must be of the type string, null given, called in D:\Usuarios\Documents\Projetos\Copercana\site-copercana\app\Views\admin\banners\edit.php on line 106
#0 D:\Usuarios\Documents\Projetos\Copercana\site-copercana\app\Views\admin\banners\edit.php(106): form_input(Array, NULL, Array)
#1 D:\Usuarios\Documents\Projetos\Copercana\site-copercana\system\View\View.php(210): include('D:\\Usuarios\\Doc...')
#2 D:\Usuarios\Documents\Projetos\Copercana\site-copercana\system\View\View.php(213): CodeIgniter\View\View->CodeIgniter\View\{closure}()
#3 D:\Usuarios\Documents\Projetos\Copercana\site-copercana\system\Common.php(1089): CodeIgniter\View\View->render('admin/banners/e...', Array, true)
#4 D:\Usuarios\Documents\Projetos\Copercana\site-copercana\app\Controllers\Admin_Banners.php(89): view('admin/banners/e...', Array)
#5 D:\Usuarios\Documents\Projetos\Copercana\site-copercana\system\CodeIgniter.php(825): App\Controllers\Admin_Banners->edit('1')
#6 D:\Usuarios\Documents\Projetos\Copercana\site-copercana\system\CodeIgniter.php(412): CodeIgniter\CodeIgniter->runController(Object(App\Controllers\Admin_Banners))
#7 D:\Usuarios\Documents\Projetos\Copercana\site-copercana\system\CodeIgniter.php(320): CodeIgniter\CodeIgniter->handleRequest(NULL, Object(Config\Cache), false)
#8 D:\Usuarios\Documents\Projetos\Copercana\site-copercana\public\index.php(37): CodeIgniter\CodeIgniter->run()
#9 D:\Usuarios\Documents\Projetos\Copercana\site-copercana\system\Commands\Server\rewrite.php(43): require_once('D:\\Usuarios\\Doc...')
#10 {main}
CRITICAL - 2022-05-31 09:22:37 --> Argument 2 passed to form_input() must be of the type string, null given, called in D:\Usuarios\Documents\Projetos\Copercana\site-copercana\app\Views\admin\banners\edit.php on line 106
#0 D:\Usuarios\Documents\Projetos\Copercana\site-copercana\app\Views\admin\banners\edit.php(106): form_input(Array, NULL, Array)
#1 D:\Usuarios\Documents\Projetos\Copercana\site-copercana\system\View\View.php(210): include('D:\\Usuarios\\Doc...')
#2 D:\Usuarios\Documents\Projetos\Copercana\site-copercana\system\View\View.php(213): CodeIgniter\View\View->CodeIgniter\View\{closure}()
#3 D:\Usuarios\Documents\Projetos\Copercana\site-copercana\system\Common.php(1089): CodeIgniter\View\View->render('admin/banners/e...', Array, true)
#4 D:\Usuarios\Documents\Projetos\Copercana\site-copercana\app\Controllers\Admin_Banners.php(89): view('admin/banners/e...', Array)
#5 D:\Usuarios\Documents\Projetos\Copercana\site-copercana\system\CodeIgniter.php(825): App\Controllers\Admin_Banners->edit('1')
#6 D:\Usuarios\Documents\Projetos\Copercana\site-copercana\system\CodeIgniter.php(412): CodeIgniter\CodeIgniter->runController(Object(App\Controllers\Admin_Banners))
#7 D:\Usuarios\Documents\Projetos\Copercana\site-copercana\system\CodeIgniter.php(320): CodeIgniter\CodeIgniter->handleRequest(NULL, Object(Config\Cache), false)
#8 D:\Usuarios\Documents\Projetos\Copercana\site-copercana\public\index.php(37): CodeIgniter\CodeIgniter->run()
#9 D:\Usuarios\Documents\Projetos\Copercana\site-copercana\system\Commands\Server\rewrite.php(43): require_once('D:\\Usuarios\\Doc...')
#10 {main}
CRITICAL - 2022-05-31 09:24:23 --> Argument 2 passed to form_input() must be of the type string, null given, called in D:\Usuarios\Documents\Projetos\Copercana\site-copercana\app\Views\admin\banners\edit.php on line 106
#0 D:\Usuarios\Documents\Projetos\Copercana\site-copercana\app\Views\admin\banners\edit.php(106): form_input(Array, NULL, Array)
#1 D:\Usuarios\Documents\Projetos\Copercana\site-copercana\system\View\View.php(210): include('D:\\Usuarios\\Doc...')
#2 D:\Usuarios\Documents\Projetos\Copercana\site-copercana\system\View\View.php(213): CodeIgniter\View\View->CodeIgniter\View\{closure}()
#3 D:\Usuarios\Documents\Projetos\Copercana\site-copercana\system\Common.php(1089): CodeIgniter\View\View->render('admin/banners/e...', Array, true)
#4 D:\Usuarios\Documents\Projetos\Copercana\site-copercana\app\Controllers\Admin_Banners.php(89): view('admin/banners/e...', Array)
#5 D:\Usuarios\Documents\Projetos\Copercana\site-copercana\system\CodeIgniter.php(825): App\Controllers\Admin_Banners->edit('1')
#6 D:\Usuarios\Documents\Projetos\Copercana\site-copercana\system\CodeIgniter.php(412): CodeIgniter\CodeIgniter->runController(Object(App\Controllers\Admin_Banners))
#7 D:\Usuarios\Documents\Projetos\Copercana\site-copercana\system\CodeIgniter.php(320): CodeIgniter\CodeIgniter->handleRequest(NULL, Object(Config\Cache), false)
#8 D:\Usuarios\Documents\Projetos\Copercana\site-copercana\public\index.php(37): CodeIgniter\CodeIgniter->run()
#9 D:\Usuarios\Documents\Projetos\Copercana\site-copercana\system\Commands\Server\rewrite.php(43): require_once('D:\\Usuarios\\Doc...')
#10 {main}
CRITICAL - 2022-05-31 09:26:00 --> Undefined index: file
#0 D:\Usuarios\Documents\Projetos\Copercana\site-copercana\system\Debug\Toolbar\Collectors\Database.php(142): CodeIgniter\Debug\Exceptions->errorHandler(8, 'Undefined index...', 'D:\\Usuarios\\Doc...', 142, Array)
#1 [internal function]: CodeIgniter\Debug\Toolbar\Collectors\Database::CodeIgniter\Debug\Toolbar\Collectors\{closure}(Array)
#2 D:\Usuarios\Documents\Projetos\Copercana\site-copercana\system\Debug\Toolbar\Collectors\Database.php(166): array_map(Object(Closure), Array)
#3 D:\Usuarios\Documents\Projetos\Copercana\site-copercana\system\Debug\Toolbar\Collectors\BaseCollector.php(224): CodeIgniter\Debug\Toolbar\Collectors\Database->display()
#4 D:\Usuarios\Documents\Projetos\Copercana\site-copercana\system\Debug\Toolbar.php(90): CodeIgniter\Debug\Toolbar\Collectors\BaseCollector->getAsArray()
#5 D:\Usuarios\Documents\Projetos\Copercana\site-copercana\system\Debug\Toolbar.php(368): CodeIgniter\Debug\Toolbar->run(1654007160.8382, 0.0925, Object(CodeIgniter\HTTP\IncomingRequest), Object(CodeIgniter\HTTP\Response))
#6 D:\Usuarios\Documents\Projetos\Copercana\site-copercana\system\Filters\DebugToolbar.php(40): CodeIgniter\Debug\Toolbar->prepare(Object(CodeIgniter\HTTP\IncomingRequest), Object(CodeIgniter\HTTP\Response))
#7 D:\Usuarios\Documents\Projetos\Copercana\site-copercana\system\Filters\Filters.php(196): CodeIgniter\Filters\DebugToolbar->after(Object(CodeIgniter\HTTP\IncomingRequest), Object(CodeIgniter\HTTP\Response), NULL)
#8 D:\Usuarios\Documents\Projetos\Copercana\site-copercana\system\CodeIgniter.php(429): CodeIgniter\Filters\Filters->run('admin/banners/e...', 'after')
#9 D:\Usuarios\Documents\Projetos\Copercana\site-copercana\system\CodeIgniter.php(320): CodeIgniter\CodeIgniter->handleRequest(NULL, Object(Config\Cache), false)
#10 D:\Usuarios\Documents\Projetos\Copercana\site-copercana\public\index.php(37): CodeIgniter\CodeIgniter->run()
#11 D:\Usuarios\Documents\Projetos\Copercana\site-copercana\system\Commands\Server\rewrite.php(43): require_once('D:\\Usuarios\\Doc...')
#12 {main}
CRITICAL - 2022-05-31 09:26:29 --> Undefined index: file
#0 D:\Usuarios\Documents\Projetos\Copercana\site-copercana\system\Debug\Toolbar\Collectors\Database.php(142): CodeIgniter\Debug\Exceptions->errorHandler(8, 'Undefined index...', 'D:\\Usuarios\\Doc...', 142, Array)
#1 [internal function]: CodeIgniter\Debug\Toolbar\Collectors\Database::CodeIgniter\Debug\Toolbar\Collectors\{closure}(Array)
#2 D:\Usuarios\Documents\Projetos\Copercana\site-copercana\system\Debug\Toolbar\Collectors\Database.php(166): array_map(Object(Closure), Array)
#3 D:\Usuarios\Documents\Projetos\Copercana\site-copercana\system\Debug\Toolbar\Collectors\BaseCollector.php(224): CodeIgniter\Debug\Toolbar\Collectors\Database->display()
#4 D:\Usuarios\Documents\Projetos\Copercana\site-copercana\system\Debug\Toolbar.php(90): CodeIgniter\Debug\Toolbar\Collectors\BaseCollector->getAsArray()
#5 D:\Usuarios\Documents\Projetos\Copercana\site-copercana\system\Debug\Toolbar.php(368): CodeIgniter\Debug\Toolbar->run(1654007189.2451, 0.1008, Object(CodeIgniter\HTTP\IncomingRequest), Object(CodeIgniter\HTTP\Response))
#6 D:\Usuarios\Documents\Projetos\Copercana\site-copercana\system\Filters\DebugToolbar.php(40): CodeIgniter\Debug\Toolbar->prepare(Object(CodeIgniter\HTTP\IncomingRequest), Object(CodeIgniter\HTTP\Response))
#7 D:\Usuarios\Documents\Projetos\Copercana\site-copercana\system\Filters\Filters.php(196): CodeIgniter\Filters\DebugToolbar->after(Object(CodeIgniter\HTTP\IncomingRequest), Object(CodeIgniter\HTTP\Response), NULL)
#8 D:\Usuarios\Documents\Projetos\Copercana\site-copercana\system\CodeIgniter.php(429): CodeIgniter\Filters\Filters->run('admin/banners/e...', 'after')
#9 D:\Usuarios\Documents\Projetos\Copercana\site-copercana\system\CodeIgniter.php(320): CodeIgniter\CodeIgniter->handleRequest(NULL, Object(Config\Cache), false)
#10 D:\Usuarios\Documents\Projetos\Copercana\site-copercana\public\index.php(37): CodeIgniter\CodeIgniter->run()
#11 D:\Usuarios\Documents\Projetos\Copercana\site-copercana\system\Commands\Server\rewrite.php(43): require_once('D:\\Usuarios\\Doc...')
#12 {main}
CRITICAL - 2022-05-31 09:27:53 --> Undefined index: file
#0 D:\Usuarios\Documents\Projetos\Copercana\site-copercana\system\Debug\Toolbar\Collectors\Database.php(142): CodeIgniter\Debug\Exceptions->errorHandler(8, 'Undefined index...', 'D:\\Usuarios\\Doc...', 142, Array)
#1 [internal function]: CodeIgniter\Debug\Toolbar\Collectors\Database::CodeIgniter\Debug\Toolbar\Collectors\{closure}(Array)
#2 D:\Usuarios\Documents\Projetos\Copercana\site-copercana\system\Debug\Toolbar\Collectors\Database.php(166): array_map(Object(Closure), Array)
#3 D:\Usuarios\Documents\Projetos\Copercana\site-copercana\system\Debug\Toolbar\Collectors\BaseCollector.php(224): CodeIgniter\Debug\Toolbar\Collectors\Database->display()
#4 D:\Usuarios\Documents\Projetos\Copercana\site-copercana\system\Debug\Toolbar.php(90): CodeIgniter\Debug\Toolbar\Collectors\BaseCollector->getAsArray()
#5 D:\Usuarios\Documents\Projetos\Copercana\site-copercana\system\Debug\Toolbar.php(368): CodeIgniter\Debug\Toolbar->run(1654007273.7198, 0.1031, Object(CodeIgniter\HTTP\IncomingRequest), Object(CodeIgniter\HTTP\Response))
#6 D:\Usuarios\Documents\Projetos\Copercana\site-copercana\system\Filters\DebugToolbar.php(40): CodeIgniter\Debug\Toolbar->prepare(Object(CodeIgniter\HTTP\IncomingRequest), Object(CodeIgniter\HTTP\Response))
#7 D:\Usuarios\Documents\Projetos\Copercana\site-copercana\system\Filters\Filters.php(196): CodeIgniter\Filters\DebugToolbar->after(Object(CodeIgniter\HTTP\IncomingRequest), Object(CodeIgniter\HTTP\Response), NULL)
#8 D:\Usuarios\Documents\Projetos\Copercana\site-copercana\system\CodeIgniter.php(429): CodeIgniter\Filters\Filters->run('admin/banners/e...', 'after')
#9 D:\Usuarios\Documents\Projetos\Copercana\site-copercana\system\CodeIgniter.php(320): CodeIgniter\CodeIgniter->handleRequest(NULL, Object(Config\Cache), false)
#10 D:\Usuarios\Documents\Projetos\Copercana\site-copercana\public\index.php(37): CodeIgniter\CodeIgniter->run()
#11 D:\Usuarios\Documents\Projetos\Copercana\site-copercana\system\Commands\Server\rewrite.php(43): require_once('D:\\Usuarios\\Doc...')
#12 {main}
CRITICAL - 2022-05-31 09:28:04 --> Undefined index: file
#0 D:\Usuarios\Documents\Projetos\Copercana\site-copercana\system\Debug\Toolbar\Collectors\Database.php(142): CodeIgniter\Debug\Exceptions->errorHandler(8, 'Undefined index...', 'D:\\Usuarios\\Doc...', 142, Array)
#1 [internal function]: CodeIgniter\Debug\Toolbar\Collectors\Database::CodeIgniter\Debug\Toolbar\Collectors\{closure}(Array)
#2 D:\Usuarios\Documents\Projetos\Copercana\site-copercana\system\Debug\Toolbar\Collectors\Database.php(166): array_map(Object(Closure), Array)
#3 D:\Usuarios\Documents\Projetos\Copercana\site-copercana\system\Debug\Toolbar\Collectors\BaseCollector.php(224): CodeIgniter\Debug\Toolbar\Collectors\Database->display()
#4 D:\Usuarios\Documents\Projetos\Copercana\site-copercana\system\Debug\Toolbar.php(90): CodeIgniter\Debug\Toolbar\Collectors\BaseCollector->getAsArray()
#5 D:\Usuarios\Documents\Projetos\Copercana\site-copercana\system\Debug\Toolbar.php(368): CodeIgniter\Debug\Toolbar->run(1654007284.2361, 0.0919, Object(CodeIgniter\HTTP\IncomingRequest), Object(CodeIgniter\HTTP\Response))
#6 D:\Usuarios\Documents\Projetos\Copercana\site-copercana\system\Filters\DebugToolbar.php(40): CodeIgniter\Debug\Toolbar->prepare(Object(CodeIgniter\HTTP\IncomingRequest), Object(CodeIgniter\HTTP\Response))
#7 D:\Usuarios\Documents\Projetos\Copercana\site-copercana\system\Filters\Filters.php(196): CodeIgniter\Filters\DebugToolbar->after(Object(CodeIgniter\HTTP\IncomingRequest), Object(CodeIgniter\HTTP\Response), NULL)
#8 D:\Usuarios\Documents\Projetos\Copercana\site-copercana\system\CodeIgniter.php(429): CodeIgniter\Filters\Filters->run('admin/banners/', 'after')
#9 D:\Usuarios\Documents\Projetos\Copercana\site-copercana\system\CodeIgniter.php(320): CodeIgniter\CodeIgniter->handleRequest(NULL, Object(Config\Cache), false)
#10 D:\Usuarios\Documents\Projetos\Copercana\site-copercana\public\index.php(37): CodeIgniter\CodeIgniter->run()
#11 D:\Usuarios\Documents\Projetos\Copercana\site-copercana\system\Commands\Server\rewrite.php(43): require_once('D:\\Usuarios\\Doc...')
#12 {main}
CRITICAL - 2022-05-31 09:28:07 --> Undefined index: file
#0 D:\Usuarios\Documents\Projetos\Copercana\site-copercana\system\Debug\Toolbar\Collectors\Database.php(142): CodeIgniter\Debug\Exceptions->errorHandler(8, 'Undefined index...', 'D:\\Usuarios\\Doc...', 142, Array)
#1 [internal function]: CodeIgniter\Debug\Toolbar\Collectors\Database::CodeIgniter\Debug\Toolbar\Collectors\{closure}(Array)
#2 D:\Usuarios\Documents\Projetos\Copercana\site-copercana\system\Debug\Toolbar\Collectors\Database.php(166): array_map(Object(Closure), Array)
#3 D:\Usuarios\Documents\Projetos\Copercana\site-copercana\system\Debug\Toolbar\Collectors\BaseCollector.php(224): CodeIgniter\Debug\Toolbar\Collectors\Database->display()
#4 D:\Usuarios\Documents\Projetos\Copercana\site-copercana\system\Debug\Toolbar.php(90): CodeIgniter\Debug\Toolbar\Collectors\BaseCollector->getAsArray()
#5 D:\Usuarios\Documents\Projetos\Copercana\site-copercana\system\Debug\Toolbar.php(368): CodeIgniter\Debug\Toolbar->run(1654007287.2154, 0.0903, Object(CodeIgniter\HTTP\IncomingRequest), Object(CodeIgniter\HTTP\Response))
#6 D:\Usuarios\Documents\Projetos\Copercana\site-copercana\system\Filters\DebugToolbar.php(40): CodeIgniter\Debug\Toolbar->prepare(Object(CodeIgniter\HTTP\IncomingRequest), Object(CodeIgniter\HTTP\Response))
#7 D:\Usuarios\Documents\Projetos\Copercana\site-copercana\system\Filters\Filters.php(196): CodeIgniter\Filters\DebugToolbar->after(Object(CodeIgniter\HTTP\IncomingRequest), Object(CodeIgniter\HTTP\Response), NULL)
#8 D:\Usuarios\Documents\Projetos\Copercana\site-copercana\system\CodeIgniter.php(429): CodeIgniter\Filters\Filters->run('admin/banners/', 'after')
#9 D:\Usuarios\Documents\Projetos\Copercana\site-copercana\system\CodeIgniter.php(320): CodeIgniter\CodeIgniter->handleRequest(NULL, Object(Config\Cache), false)
#10 D:\Usuarios\Documents\Projetos\Copercana\site-copercana\public\index.php(37): CodeIgniter\CodeIgniter->run()
#11 D:\Usuarios\Documents\Projetos\Copercana\site-copercana\system\Commands\Server\rewrite.php(43): require_once('D:\\Usuarios\\Doc...')
#12 {main}
CRITICAL - 2022-05-31 09:28:08 --> Undefined index: file
#0 D:\Usuarios\Documents\Projetos\Copercana\site-copercana\system\Debug\Toolbar\Collectors\Database.php(142): CodeIgniter\Debug\Exceptions->errorHandler(8, 'Undefined index...', 'D:\\Usuarios\\Doc...', 142, Array)
#1 [internal function]: CodeIgniter\Debug\Toolbar\Collectors\Database::CodeIgniter\Debug\Toolbar\Collectors\{closure}(Array)
#2 D:\Usuarios\Documents\Projetos\Copercana\site-copercana\system\Debug\Toolbar\Collectors\Database.php(166): array_map(Object(Closure), Array)
#3 D:\Usuarios\Documents\Projetos\Copercana\site-copercana\system\Debug\Toolbar\Collectors\BaseCollector.php(224): CodeIgniter\Debug\Toolbar\Collectors\Database->display()
#4 D:\Usuarios\Documents\Projetos\Copercana\site-copercana\system\Debug\Toolbar.php(90): CodeIgniter\Debug\Toolbar\Collectors\BaseCollector->getAsArray()
#5 D:\Usuarios\Documents\Projetos\Copercana\site-copercana\system\Debug\Toolbar.php(368): CodeIgniter\Debug\Toolbar->run(1654007288.85, 0.0763, Object(CodeIgniter\HTTP\IncomingRequest), Object(CodeIgniter\HTTP\Response))
#6 D:\Usuarios\Documents\Projetos\Copercana\site-copercana\system\Filters\DebugToolbar.php(40): CodeIgniter\Debug\Toolbar->prepare(Object(CodeIgniter\HTTP\IncomingRequest), Object(CodeIgniter\HTTP\Response))
#7 D:\Usuarios\Documents\Projetos\Copercana\site-copercana\system\Filters\Filters.php(196): CodeIgniter\Filters\DebugToolbar->after(Object(CodeIgniter\HTTP\IncomingRequest), Object(CodeIgniter\HTTP\Response), NULL)
#8 D:\Usuarios\Documents\Projetos\Copercana\site-copercana\system\CodeIgniter.php(429): CodeIgniter\Filters\Filters->run('admin/banners', 'after')
#9 D:\Usuarios\Documents\Projetos\Copercana\site-copercana\system\CodeIgniter.php(320): CodeIgniter\CodeIgniter->handleRequest(NULL, Object(Config\Cache), false)
#10 D:\Usuarios\Documents\Projetos\Copercana\site-copercana\public\index.php(37): CodeIgniter\CodeIgniter->run()
#11 D:\Usuarios\Documents\Projetos\Copercana\site-copercana\system\Commands\Server\rewrite.php(43): require_once('D:\\Usuarios\\Doc...')
#12 {main}
CRITICAL - 2022-05-31 09:28:26 --> Undefined index: file
#0 D:\Usuarios\Documents\Projetos\Copercana\site-copercana\system\Debug\Toolbar\Collectors\Database.php(142): CodeIgniter\Debug\Exceptions->errorHandler(8, 'Undefined index...', 'D:\\Usuarios\\Doc...', 142, Array)
#1 [internal function]: CodeIgniter\Debug\Toolbar\Collectors\Database::CodeIgniter\Debug\Toolbar\Collectors\{closure}(Array)
#2 D:\Usuarios\Documents\Projetos\Copercana\site-copercana\system\Debug\Toolbar\Collectors\Database.php(166): array_map(Object(Closure), Array)
#3 D:\Usuarios\Documents\Projetos\Copercana\site-copercana\system\Debug\Toolbar\Collectors\BaseCollector.php(224): CodeIgniter\Debug\Toolbar\Collectors\Database->display()
#4 D:\Usuarios\Documents\Projetos\Copercana\site-copercana\system\Debug\Toolbar.php(90): CodeIgniter\Debug\Toolbar\Collectors\BaseCollector->getAsArray()
#5 D:\Usuarios\Documents\Projetos\Copercana\site-copercana\system\Debug\Toolbar.php(368): CodeIgniter\Debug\Toolbar->run(1654007306.1149, 0.1036, Object(CodeIgniter\HTTP\IncomingRequest), Object(CodeIgniter\HTTP\Response))
#6 D:\Usuarios\Documents\Projetos\Copercana\site-copercana\system\Filters\DebugToolbar.php(40): CodeIgniter\Debug\Toolbar->prepare(Object(CodeIgniter\HTTP\IncomingRequest), Object(CodeIgniter\HTTP\Response))
#7 D:\Usuarios\Documents\Projetos\Copercana\site-copercana\system\Filters\Filters.php(196): CodeIgniter\Filters\DebugToolbar->after(Object(CodeIgniter\HTTP\IncomingRequest), Object(CodeIgniter\HTTP\Response), NULL)
#8 D:\Usuarios\Documents\Projetos\Copercana\site-copercana\system\CodeIgniter.php(429): CodeIgniter\Filters\Filters->run('admin/banners', 'after')
#9 D:\Usuarios\Documents\Projetos\Copercana\site-copercana\system\CodeIgniter.php(320): CodeIgniter\CodeIgniter->handleRequest(NULL, Object(Config\Cache), false)
#10 D:\Usuarios\Documents\Projetos\Copercana\site-copercana\public\index.php(37): CodeIgniter\CodeIgniter->run()
#11 D:\Usuarios\Documents\Projetos\Copercana\site-copercana\system\Commands\Server\rewrite.php(43): require_once('D:\\Usuarios\\Doc...')
#12 {main}
CRITICAL - 2022-05-31 09:28:33 --> Undefined index: file
#0 D:\Usuarios\Documents\Projetos\Copercana\site-copercana\system\Debug\Toolbar\Collectors\Database.php(142): CodeIgniter\Debug\Exceptions->errorHandler(8, 'Undefined index...', 'D:\\Usuarios\\Doc...', 142, Array)
#1 [internal function]: CodeIgniter\Debug\Toolbar\Collectors\Database::CodeIgniter\Debug\Toolbar\Collectors\{closure}(Array)
#2 D:\Usuarios\Documents\Projetos\Copercana\site-copercana\system\Debug\Toolbar\Collectors\Database.php(166): array_map(Object(Closure), Array)
#3 D:\Usuarios\Documents\Projetos\Copercana\site-copercana\system\Debug\Toolbar\Collectors\BaseCollector.php(224): CodeIgniter\Debug\Toolbar\Collectors\Database->display()
#4 D:\Usuarios\Documents\Projetos\Copercana\site-copercana\system\Debug\Toolbar.php(90): CodeIgniter\Debug\Toolbar\Collectors\BaseCollector->getAsArray()
#5 D:\Usuarios\Documents\Projetos\Copercana\site-copercana\system\Debug\Toolbar.php(368): CodeIgniter\Debug\Toolbar->run(1654007313.8131, 0.0966, Object(CodeIgniter\HTTP\IncomingRequest), Object(CodeIgniter\HTTP\Response))
#6 D:\Usuarios\Documents\Projetos\Copercana\site-copercana\system\Filters\DebugToolbar.php(40): CodeIgniter\Debug\Toolbar->prepare(Object(CodeIgniter\HTTP\IncomingRequest), Object(CodeIgniter\HTTP\Response))
#7 D:\Usuarios\Documents\Projetos\Copercana\site-copercana\system\Filters\Filters.php(196): CodeIgniter\Filters\DebugToolbar->after(Object(CodeIgniter\HTTP\IncomingRequest), Object(CodeIgniter\HTTP\Response), NULL)
#8 D:\Usuarios\Documents\Projetos\Copercana\site-copercana\system\CodeIgniter.php(429): CodeIgniter\Filters\Filters->run('admin/banners', 'after')
#9 D:\Usuarios\Documents\Projetos\Copercana\site-copercana\system\CodeIgniter.php(320): CodeIgniter\CodeIgniter->handleRequest(NULL, Object(Config\Cache), false)
#10 D:\Usuarios\Documents\Projetos\Copercana\site-copercana\public\index.php(37): CodeIgniter\CodeIgniter->run()
#11 D:\Usuarios\Documents\Projetos\Copercana\site-copercana\system\Commands\Server\rewrite.php(43): require_once('D:\\Usuarios\\Doc...')
#12 {main}
CRITICAL - 2022-05-31 09:29:05 --> Undefined index: file
#0 D:\Usuarios\Documents\Projetos\Copercana\site-copercana\system\Debug\Toolbar\Collectors\Database.php(142): CodeIgniter\Debug\Exceptions->errorHandler(8, 'Undefined index...', 'D:\\Usuarios\\Doc...', 142, Array)
#1 [internal function]: CodeIgniter\Debug\Toolbar\Collectors\Database::CodeIgniter\Debug\Toolbar\Collectors\{closure}(Array)
#2 D:\Usuarios\Documents\Projetos\Copercana\site-copercana\system\Debug\Toolbar\Collectors\Database.php(166): array_map(Object(Closure), Array)
#3 D:\Usuarios\Documents\Projetos\Copercana\site-copercana\system\Debug\Toolbar\Collectors\BaseCollector.php(224): CodeIgniter\Debug\Toolbar\Collectors\Database->display()
#4 D:\Usuarios\Documents\Projetos\Copercana\site-copercana\system\Debug\Toolbar.php(90): CodeIgniter\Debug\Toolbar\Collectors\BaseCollector->getAsArray()
#5 D:\Usuarios\Documents\Projetos\Copercana\site-copercana\system\Debug\Toolbar.php(368): CodeIgniter\Debug\Toolbar->run(1654007345.318, 0.0855, Object(CodeIgniter\HTTP\IncomingRequest), Object(CodeIgniter\HTTP\Response))
#6 D:\Usuarios\Documents\Projetos\Copercana\site-copercana\system\Filters\DebugToolbar.php(40): CodeIgniter\Debug\Toolbar->prepare(Object(CodeIgniter\HTTP\IncomingRequest), Object(CodeIgniter\HTTP\Response))
#7 D:\Usuarios\Documents\Projetos\Copercana\site-copercana\system\Filters\Filters.php(196): CodeIgniter\Filters\DebugToolbar->after(Object(CodeIgniter\HTTP\IncomingRequest), Object(CodeIgniter\HTTP\Response), NULL)
#8 D:\Usuarios\Documents\Projetos\Copercana\site-copercana\system\CodeIgniter.php(429): CodeIgniter\Filters\Filters->run('admin/banners', 'after')
#9 D:\Usuarios\Documents\Projetos\Copercana\site-copercana\system\CodeIgniter.php(320): CodeIgniter\CodeIgniter->handleRequest(NULL, Object(Config\Cache), false)
#10 D:\Usuarios\Documents\Projetos\Copercana\site-copercana\public\index.php(37): CodeIgniter\CodeIgniter->run()
#11 D:\Usuarios\Documents\Projetos\Copercana\site-copercana\system\Commands\Server\rewrite.php(43): require_once('D:\\Usuarios\\Doc...')
#12 {main}
CRITICAL - 2022-05-31 09:29:12 --> Undefined index: file
#0 D:\Usuarios\Documents\Projetos\Copercana\site-copercana\system\Debug\Toolbar\Collectors\Database.php(142): CodeIgniter\Debug\Exceptions->errorHandler(8, 'Undefined index...', 'D:\\Usuarios\\Doc...', 142, Array)
#1 [internal function]: CodeIgniter\Debug\Toolbar\Collectors\Database::CodeIgniter\Debug\Toolbar\Collectors\{closure}(Array)
#2 D:\Usuarios\Documents\Projetos\Copercana\site-copercana\system\Debug\Toolbar\Collectors\Database.php(166): array_map(Object(Closure), Array)
#3 D:\Usuarios\Documents\Projetos\Copercana\site-copercana\system\Debug\Toolbar\Collectors\BaseCollector.php(224): CodeIgniter\Debug\Toolbar\Collectors\Database->display()
#4 D:\Usuarios\Documents\Projetos\Copercana\site-copercana\system\Debug\Toolbar.php(90): CodeIgniter\Debug\Toolbar\Collectors\BaseCollector->getAsArray()
#5 D:\Usuarios\Documents\Projetos\Copercana\site-copercana\system\Debug\Toolbar.php(368): CodeIgniter\Debug\Toolbar->run(1654007352.3028, 0.0882, Object(CodeIgniter\HTTP\IncomingRequest), Object(CodeIgniter\HTTP\Response))
#6 D:\Usuarios\Documents\Projetos\Copercana\site-copercana\system\Filters\DebugToolbar.php(40): CodeIgniter\Debug\Toolbar->prepare(Object(CodeIgniter\HTTP\IncomingRequest), Object(CodeIgniter\HTTP\Response))
#7 D:\Usuarios\Documents\Projetos\Copercana\site-copercana\system\Filters\Filters.php(196): CodeIgniter\Filters\DebugToolbar->after(Object(CodeIgniter\HTTP\IncomingRequest), Object(CodeIgniter\HTTP\Response), NULL)
#8 D:\Usuarios\Documents\Projetos\Copercana\site-copercana\system\CodeIgniter.php(429): CodeIgniter\Filters\Filters->run('admin/banners', 'after')
#9 D:\Usuarios\Documents\Projetos\Copercana\site-copercana\system\CodeIgniter.php(320): CodeIgniter\CodeIgniter->handleRequest(NULL, Object(Config\Cache), false)
#10 D:\Usuarios\Documents\Projetos\Copercana\site-copercana\public\index.php(37): CodeIgniter\CodeIgniter->run()
#11 D:\Usuarios\Documents\Projetos\Copercana\site-copercana\system\Commands\Server\rewrite.php(43): require_once('D:\\Usuarios\\Doc...')
#12 {main}
CRITICAL - 2022-05-31 09:29:12 --> Undefined index: file
#0 D:\Usuarios\Documents\Projetos\Copercana\site-copercana\system\Debug\Toolbar\Collectors\Database.php(142): CodeIgniter\Debug\Exceptions->errorHandler(8, 'Undefined index...', 'D:\\Usuarios\\Doc...', 142, Array)
#1 [internal function]: CodeIgniter\Debug\Toolbar\Collectors\Database::CodeIgniter\Debug\Toolbar\Collectors\{closure}(Array)
#2 D:\Usuarios\Documents\Projetos\Copercana\site-copercana\system\Debug\Toolbar\Collectors\Database.php(166): array_map(Object(Closure), Array)
#3 D:\Usuarios\Documents\Projetos\Copercana\site-copercana\system\Debug\Toolbar\Collectors\BaseCollector.php(224): CodeIgniter\Debug\Toolbar\Collectors\Database->display()
#4 D:\Usuarios\Documents\Projetos\Copercana\site-copercana\system\Debug\Toolbar.php(90): CodeIgniter\Debug\Toolbar\Collectors\BaseCollector->getAsArray()
#5 D:\Usuarios\Documents\Projetos\Copercana\site-copercana\system\Debug\Toolbar.php(368): CodeIgniter\Debug\Toolbar->run(1654007352.5638, 0.0817, Object(CodeIgniter\HTTP\IncomingRequest), Object(CodeIgniter\HTTP\Response))
#6 D:\Usuarios\Documents\Projetos\Copercana\site-copercana\system\Filters\DebugToolbar.php(40): CodeIgniter\Debug\Toolbar->prepare(Object(CodeIgniter\HTTP\IncomingRequest), Object(CodeIgniter\HTTP\Response))
#7 D:\Usuarios\Documents\Projetos\Copercana\site-copercana\system\Filters\Filters.php(196): CodeIgniter\Filters\DebugToolbar->after(Object(CodeIgniter\HTTP\IncomingRequest), Object(CodeIgniter\HTTP\Response), NULL)
#8 D:\Usuarios\Documents\Projetos\Copercana\site-copercana\system\CodeIgniter.php(429): CodeIgniter\Filters\Filters->run('admin/banners', 'after')
#9 D:\Usuarios\Documents\Projetos\Copercana\site-copercana\system\CodeIgniter.php(320): CodeIgniter\CodeIgniter->handleRequest(NULL, Object(Config\Cache), false)
#10 D:\Usuarios\Documents\Projetos\Copercana\site-copercana\public\index.php(37): CodeIgniter\CodeIgniter->run()
#11 D:\Usuarios\Documents\Projetos\Copercana\site-copercana\system\Commands\Server\rewrite.php(43): require_once('D:\\Usuarios\\Doc...')
#12 {main}
CRITICAL - 2022-05-31 11:35:26 --> Argument 2 passed to form_input() must be of the type string, null given, called in D:\Usuarios\Documents\Projetos\Copercana\site-copercana\app\Views\admin\banners\edit.php on line 106
#0 D:\Usuarios\Documents\Projetos\Copercana\site-copercana\app\Views\admin\banners\edit.php(106): form_input(Array, NULL, Array)
#1 D:\Usuarios\Documents\Projetos\Copercana\site-copercana\system\View\View.php(210): include('D:\\Usuarios\\Doc...')
#2 D:\Usuarios\Documents\Projetos\Copercana\site-copercana\system\View\View.php(213): CodeIgniter\View\View->CodeIgniter\View\{closure}()
#3 D:\Usuarios\Documents\Projetos\Copercana\site-copercana\system\Common.php(1089): CodeIgniter\View\View->render('admin/banners/e...', Array, true)
#4 D:\Usuarios\Documents\Projetos\Copercana\site-copercana\app\Controllers\Admin_Banners.php(89): view('admin/banners/e...', Array)
#5 D:\Usuarios\Documents\Projetos\Copercana\site-copercana\system\CodeIgniter.php(825): App\Controllers\Admin_Banners->edit('1')
#6 D:\Usuarios\Documents\Projetos\Copercana\site-copercana\system\CodeIgniter.php(412): CodeIgniter\CodeIgniter->runController(Object(App\Controllers\Admin_Banners))
#7 D:\Usuarios\Documents\Projetos\Copercana\site-copercana\system\CodeIgniter.php(320): CodeIgniter\CodeIgniter->handleRequest(NULL, Object(Config\Cache), false)
#8 D:\Usuarios\Documents\Projetos\Copercana\site-copercana\public\index.php(37): CodeIgniter\CodeIgniter->run()
#9 D:\Usuarios\Documents\Projetos\Copercana\site-copercana\system\Commands\Server\rewrite.php(43): require_once('D:\\Usuarios\\Doc...')
#10 {main}
ERROR - 2022-05-31 11:44:23 --> Column 'status' cannot be null
ERROR - 2022-05-31 11:49:18 --> Column 'status' cannot be null
CRITICAL - 2022-05-31 12:15:11 --> filemtime(): stat failed for _assets/js/news.js
#0 [internal function]: CodeIgniter\Debug\Exceptions->errorHandler(2, 'filemtime(): st...', 'D:\\Usuarios\\Doc...', 47, Array)
#1 D:\Usuarios\Documents\Projetos\Copercana\site-copercana\app\Controllers\Admin_News.php(47): filemtime('_assets/js/news...')
#2 D:\Usuarios\Documents\Projetos\Copercana\site-copercana\system\CodeIgniter.php(825): App\Controllers\Admin_News->add_new()
#3 D:\Usuarios\Documents\Projetos\Copercana\site-copercana\system\CodeIgniter.php(412): CodeIgniter\CodeIgniter->runController(Object(App\Controllers\Admin_News))
#4 D:\Usuarios\Documents\Projetos\Copercana\site-copercana\system\CodeIgniter.php(320): CodeIgniter\CodeIgniter->handleRequest(NULL, Object(Config\Cache), false)
#5 D:\Usuarios\Documents\Projetos\Copercana\site-copercana\public\index.php(37): CodeIgniter\CodeIgniter->run()
#6 D:\Usuarios\Documents\Projetos\Copercana\site-copercana\system\Commands\Server\rewrite.php(43): require_once('D:\\Usuarios\\Doc...')
#7 {main}
CRITICAL - 2022-05-31 12:15:39 --> filemtime(): stat failed for _assets/js/news.js
#0 [internal function]: CodeIgniter\Debug\Exceptions->errorHandler(2, 'filemtime(): st...', 'D:\\Usuarios\\Doc...', 47, Array)
#1 D:\Usuarios\Documents\Projetos\Copercana\site-copercana\app\Controllers\Admin_News.php(47): filemtime('_assets/js/news...')
#2 D:\Usuarios\Documents\Projetos\Copercana\site-copercana\system\CodeIgniter.php(825): App\Controllers\Admin_News->add_new()
#3 D:\Usuarios\Documents\Projetos\Copercana\site-copercana\system\CodeIgniter.php(412): CodeIgniter\CodeIgniter->runController(Object(App\Controllers\Admin_News))
#4 D:\Usuarios\Documents\Projetos\Copercana\site-copercana\system\CodeIgniter.php(320): CodeIgniter\CodeIgniter->handleRequest(NULL, Object(Config\Cache), false)
#5 D:\Usuarios\Documents\Projetos\Copercana\site-copercana\public\index.php(37): CodeIgniter\CodeIgniter->run()
#6 D:\Usuarios\Documents\Projetos\Copercana\site-copercana\system\Commands\Server\rewrite.php(43): require_once('D:\\Usuarios\\Doc...')
#7 {main}
CRITICAL - 2022-05-31 12:25:58 --> A extensão GD não está carregada.
#0 D:\Usuarios\Documents\Projetos\Copercana\site-copercana\system\Images\Handlers\GDHandler.php(34): CodeIgniter\Exceptions\FrameworkException::forMissingExtension('GD')
#1 D:\Usuarios\Documents\Projetos\Copercana\site-copercana\system\Config\Services.php(312): CodeIgniter\Images\Handlers\GDHandler->__construct(Object(Config\Images))
#2 D:\Usuarios\Documents\Projetos\Copercana\site-copercana\system\Config\BaseService.php(248): CodeIgniter\Config\Services::image('gd', Object(Config\Images), false)
#3 D:\Usuarios\Documents\Projetos\Copercana\site-copercana\system\Config\BaseService.php(189): CodeIgniter\Config\BaseService::__callStatic('image', Array)
#4 D:\Usuarios\Documents\Projetos\Copercana\site-copercana\system\Config\Services.php(305): CodeIgniter\Config\BaseService::getSharedInstance('image', NULL, NULL)
#5 D:\Usuarios\Documents\Projetos\Copercana\site-copercana\system\Config\BaseService.php(248): CodeIgniter\Config\Services::image()
#6 D:\Usuarios\Documents\Projetos\Copercana\site-copercana\app\Controllers\Admin_Post.php(97): CodeIgniter\Config\BaseService::__callStatic('image', Array)
#7 D:\Usuarios\Documents\Projetos\Copercana\site-copercana\system\CodeIgniter.php(825): App\Controllers\Admin_Post->add_post()
#8 D:\Usuarios\Documents\Projetos\Copercana\site-copercana\system\CodeIgniter.php(412): CodeIgniter\CodeIgniter->runController(Object(App\Controllers\Admin_Post))
#9 D:\Usuarios\Documents\Projetos\Copercana\site-copercana\system\CodeIgniter.php(320): CodeIgniter\CodeIgniter->handleRequest(NULL, Object(Config\Cache), false)
#10 D:\Usuarios\Documents\Projetos\Copercana\site-copercana\public\index.php(37): CodeIgniter\CodeIgniter->run()
#11 D:\Usuarios\Documents\Projetos\Copercana\site-copercana\system\Commands\Server\rewrite.php(43): require_once('D:\\Usuarios\\Doc...')
#12 {main}
CRITICAL - 2022-05-31 12:26:17 --> A extensão GD não está carregada.
#0 D:\Usuarios\Documents\Projetos\Copercana\site-copercana\system\Images\Handlers\GDHandler.php(34): CodeIgniter\Exceptions\FrameworkException::forMissingExtension('GD')
#1 D:\Usuarios\Documents\Projetos\Copercana\site-copercana\system\Config\Services.php(312): CodeIgniter\Images\Handlers\GDHandler->__construct(Object(Config\Images))
#2 D:\Usuarios\Documents\Projetos\Copercana\site-copercana\system\Config\BaseService.php(248): CodeIgniter\Config\Services::image('gd', Object(Config\Images), false)
#3 D:\Usuarios\Documents\Projetos\Copercana\site-copercana\system\Config\BaseService.php(189): CodeIgniter\Config\BaseService::__callStatic('image', Array)
#4 D:\Usuarios\Documents\Projetos\Copercana\site-copercana\system\Config\Services.php(305): CodeIgniter\Config\BaseService::getSharedInstance('image', NULL, NULL)
#5 D:\Usuarios\Documents\Projetos\Copercana\site-copercana\system\Config\BaseService.php(248): CodeIgniter\Config\Services::image()
#6 D:\Usuarios\Documents\Projetos\Copercana\site-copercana\app\Controllers\Admin_Post.php(97): CodeIgniter\Config\BaseService::__callStatic('image', Array)
#7 D:\Usuarios\Documents\Projetos\Copercana\site-copercana\system\CodeIgniter.php(825): App\Controllers\Admin_Post->add_post()
#8 D:\Usuarios\Documents\Projetos\Copercana\site-copercana\system\CodeIgniter.php(412): CodeIgniter\CodeIgniter->runController(Object(App\Controllers\Admin_Post))
#9 D:\Usuarios\Documents\Projetos\Copercana\site-copercana\system\CodeIgniter.php(320): CodeIgniter\CodeIgniter->handleRequest(NULL, Object(Config\Cache), false)
#10 D:\Usuarios\Documents\Projetos\Copercana\site-copercana\public\index.php(37): CodeIgniter\CodeIgniter->run()
#11 D:\Usuarios\Documents\Projetos\Copercana\site-copercana\system\Commands\Server\rewrite.php(43): require_once('D:\\Usuarios\\Doc...')
#12 {main}
CRITICAL - 2022-05-31 12:27:16 --> O processamento de imagem falhou. Por favor, verifique se o seu servidor suporta o protocolo escolhido e se o caminho para a sua biblioteca de imagens está correto.
#0 D:\Usuarios\Documents\Projetos\Copercana\site-copercana\system\Images\Handlers\ImageMagickHandler.php(220): CodeIgniter\Images\Exceptions\ImageException::forImageProcessFailed()
#1 D:\Usuarios\Documents\Projetos\Copercana\site-copercana\system\Images\Handlers\ImageMagickHandler.php(104): CodeIgniter\Images\Handlers\ImageMagickHandler->process(' -crop 455x455+...')
#2 D:\Usuarios\Documents\Projetos\Copercana\site-copercana\system\Images\Handlers\BaseHandler.php(281): CodeIgniter\Images\Handlers\ImageMagickHandler->_crop()
#3 D:\Usuarios\Documents\Projetos\Copercana\site-copercana\system\Images\Handlers\BaseHandler.php(563): CodeIgniter\Images\Handlers\BaseHandler->crop(455, 455, 327, 0)
#4 D:\Usuarios\Documents\Projetos\Copercana\site-copercana\app\Controllers\Admin_Post.php(99): CodeIgniter\Images\Handlers\BaseHandler->fit(250, 250, 'center')
#5 D:\Usuarios\Documents\Projetos\Copercana\site-copercana\system\CodeIgniter.php(825): App\Controllers\Admin_Post->add_post()
#6 D:\Usuarios\Documents\Projetos\Copercana\site-copercana\system\CodeIgniter.php(412): CodeIgniter\CodeIgniter->runController(Object(App\Controllers\Admin_Post))
#7 D:\Usuarios\Documents\Projetos\Copercana\site-copercana\system\CodeIgniter.php(320): CodeIgniter\CodeIgniter->handleRequest(NULL, Object(Config\Cache), false)
#8 D:\Usuarios\Documents\Projetos\Copercana\site-copercana\public\index.php(37): CodeIgniter\CodeIgniter->run()
#9 D:\Usuarios\Documents\Projetos\Copercana\site-copercana\system\Commands\Server\rewrite.php(43): require_once('D:\\Usuarios\\Doc...')
#10 {main}
CRITICAL - 2022-05-31 12:27:25 --> O processamento de imagem falhou. Por favor, verifique se o seu servidor suporta o protocolo escolhido e se o caminho para a sua biblioteca de imagens está correto.
#0 D:\Usuarios\Documents\Projetos\Copercana\site-copercana\system\Images\Handlers\ImageMagickHandler.php(220): CodeIgniter\Images\Exceptions\ImageException::forImageProcessFailed()
#1 D:\Usuarios\Documents\Projetos\Copercana\site-copercana\system\Images\Handlers\ImageMagickHandler.php(104): CodeIgniter\Images\Handlers\ImageMagickHandler->process(' -crop 455x455+...')
#2 D:\Usuarios\Documents\Projetos\Copercana\site-copercana\system\Images\Handlers\BaseHandler.php(281): CodeIgniter\Images\Handlers\ImageMagickHandler->_crop()
#3 D:\Usuarios\Documents\Projetos\Copercana\site-copercana\system\Images\Handlers\BaseHandler.php(563): CodeIgniter\Images\Handlers\BaseHandler->crop(455, 455, 327, 0)
#4 D:\Usuarios\Documents\Projetos\Copercana\site-copercana\app\Controllers\Admin_Post.php(99): CodeIgniter\Images\Handlers\BaseHandler->fit(250, 250, 'center')
#5 D:\Usuarios\Documents\Projetos\Copercana\site-copercana\system\CodeIgniter.php(825): App\Controllers\Admin_Post->add_post()
#6 D:\Usuarios\Documents\Projetos\Copercana\site-copercana\system\CodeIgniter.php(412): CodeIgniter\CodeIgniter->runController(Object(App\Controllers\Admin_Post))
#7 D:\Usuarios\Documents\Projetos\Copercana\site-copercana\system\CodeIgniter.php(320): CodeIgniter\CodeIgniter->handleRequest(NULL, Object(Config\Cache), false)
#8 D:\Usuarios\Documents\Projetos\Copercana\site-copercana\public\index.php(37): CodeIgniter\CodeIgniter->run()
#9 D:\Usuarios\Documents\Projetos\Copercana\site-copercana\system\Commands\Server\rewrite.php(43): require_once('D:\\Usuarios\\Doc...')
#10 {main}
CRITICAL - 2022-05-31 12:28:06 --> Arquivo não encontrado: /uploads/posts/20220531/1654010886_7663a14f4a8a0ab2cdc8.jpg
#0 D:\Usuarios\Documents\Projetos\Copercana\site-copercana\system\Files\File.php(46): CodeIgniter\Files\Exceptions\FileNotFoundException::forFileNotFound('/uploads/posts/...')
#1 D:\Usuarios\Documents\Projetos\Copercana\site-copercana\system\Images\Handlers\BaseHandler.php(148): CodeIgniter\Files\File->__construct('/uploads/posts/...', true)
#2 D:\Usuarios\Documents\Projetos\Copercana\site-copercana\app\Controllers\Admin_Post.php(98): CodeIgniter\Images\Handlers\BaseHandler->withFile('/uploads/posts/...')
#3 D:\Usuarios\Documents\Projetos\Copercana\site-copercana\system\CodeIgniter.php(825): App\Controllers\Admin_Post->add_post()
#4 D:\Usuarios\Documents\Projetos\Copercana\site-copercana\system\CodeIgniter.php(412): CodeIgniter\CodeIgniter->runController(Object(App\Controllers\Admin_Post))
#5 D:\Usuarios\Documents\Projetos\Copercana\site-copercana\system\CodeIgniter.php(320): CodeIgniter\CodeIgniter->handleRequest(NULL, Object(Config\Cache), false)
#6 D:\Usuarios\Documents\Projetos\Copercana\site-copercana\public\index.php(37): CodeIgniter\CodeIgniter->run()
#7 D:\Usuarios\Documents\Projetos\Copercana\site-copercana\system\Commands\Server\rewrite.php(43): require_once('D:\\Usuarios\\Doc...')
#8 {main}
CRITICAL - 2022-05-31 12:30:34 --> O processamento de imagem falhou. Por favor, verifique se o seu servidor suporta o protocolo escolhido e se o caminho para a sua biblioteca de imagens está correto.
#0 D:\Usuarios\Documents\Projetos\Copercana\site-copercana\system\Images\Handlers\ImageMagickHandler.php(220): CodeIgniter\Images\Exceptions\ImageException::forImageProcessFailed()
#1 D:\Usuarios\Documents\Projetos\Copercana\site-copercana\system\Images\Handlers\ImageMagickHandler.php(104): CodeIgniter\Images\Handlers\ImageMagickHandler->process(' -crop 455x455+...')
#2 D:\Usuarios\Documents\Projetos\Copercana\site-copercana\system\Images\Handlers\BaseHandler.php(281): CodeIgniter\Images\Handlers\ImageMagickHandler->_crop()
#3 D:\Usuarios\Documents\Projetos\Copercana\site-copercana\system\Images\Handlers\BaseHandler.php(563): CodeIgniter\Images\Handlers\BaseHandler->crop(455, 455, 327, 0)
#4 D:\Usuarios\Documents\Projetos\Copercana\site-copercana\app\Controllers\Admin_Post.php(99): CodeIgniter\Images\Handlers\BaseHandler->fit(250, 250, 'center')
#5 D:\Usuarios\Documents\Projetos\Copercana\site-copercana\system\CodeIgniter.php(825): App\Controllers\Admin_Post->add_post()
#6 D:\Usuarios\Documents\Projetos\Copercana\site-copercana\system\CodeIgniter.php(412): CodeIgniter\CodeIgniter->runController(Object(App\Controllers\Admin_Post))
#7 D:\Usuarios\Documents\Projetos\Copercana\site-copercana\system\CodeIgniter.php(320): CodeIgniter\CodeIgniter->handleRequest(NULL, Object(Config\Cache), false)
#8 D:\Usuarios\Documents\Projetos\Copercana\site-copercana\public\index.php(37): CodeIgniter\CodeIgniter->run()
#9 D:\Usuarios\Documents\Projetos\Copercana\site-copercana\system\Commands\Server\rewrite.php(43): require_once('D:\\Usuarios\\Doc...')
#10 {main}
CRITICAL - 2022-05-31 12:33:06 --> Undefined variable: thumbnail
#0 D:\Usuarios\Documents\Projetos\Copercana\site-copercana\app\Controllers\Admin_Post.php(97): CodeIgniter\Debug\Exceptions->errorHandler(8, 'Undefined varia...', 'D:\\Usuarios\\Doc...', 97, Array)
#1 D:\Usuarios\Documents\Projetos\Copercana\site-copercana\system\CodeIgniter.php(825): App\Controllers\Admin_Post->add_post()
#2 D:\Usuarios\Documents\Projetos\Copercana\site-copercana\system\CodeIgniter.php(412): CodeIgniter\CodeIgniter->runController(Object(App\Controllers\Admin_Post))
#3 D:\Usuarios\Documents\Projetos\Copercana\site-copercana\system\CodeIgniter.php(320): CodeIgniter\CodeIgniter->handleRequest(NULL, Object(Config\Cache), false)
#4 D:\Usuarios\Documents\Projetos\Copercana\site-copercana\public\index.php(37): CodeIgniter\CodeIgniter->run()
#5 D:\Usuarios\Documents\Projetos\Copercana\site-copercana\system\Commands\Server\rewrite.php(43): require_once('D:\\Usuarios\\Doc...')
#6 {main}
CRITICAL - 2022-05-31 12:33:24 --> Call to undefined function imagecreatefromjpeg()
#0 D:\Usuarios\Documents\Projetos\Copercana\site-copercana\app\Controllers\Admin_Post.php(97): App\Controllers\Admin_Post->square_thumbnail_with_proportion('./uploads/posts...', './uploads/posts...', 250, 80)
#1 D:\Usuarios\Documents\Projetos\Copercana\site-copercana\system\CodeIgniter.php(825): App\Controllers\Admin_Post->add_post()
#2 D:\Usuarios\Documents\Projetos\Copercana\site-copercana\system\CodeIgniter.php(412): CodeIgniter\CodeIgniter->runController(Object(App\Controllers\Admin_Post))
#3 D:\Usuarios\Documents\Projetos\Copercana\site-copercana\system\CodeIgniter.php(320): CodeIgniter\CodeIgniter->handleRequest(NULL, Object(Config\Cache), false)
#4 D:\Usuarios\Documents\Projetos\Copercana\site-copercana\public\index.php(37): CodeIgniter\CodeIgniter->run()
#5 D:\Usuarios\Documents\Projetos\Copercana\site-copercana\system\Commands\Server\rewrite.php(43): require_once('D:\\Usuarios\\Doc...')
#6 {main}
CRITICAL - 2022-05-31 12:35:39 --> 
#0 D:\Usuarios\Documents\Projetos\Copercana\site-copercana\system\Files\File.php(46): CodeIgniter\Files\Exceptions\FileNotFoundException::forFileNotFound('D:\\Usuarios\\Doc...')
#1 D:\Usuarios\Documents\Projetos\Copercana\site-copercana\system\Images\Handlers\BaseHandler.php(148): CodeIgniter\Files\File->__construct('D:\\Usuarios\\Doc...', true)
#2 D:\Usuarios\Documents\Projetos\Copercana\site-copercana\app\Controllers\Admin_Post.php(98): CodeIgniter\Images\Handlers\BaseHandler->withFile('D:\\Usuarios\\Doc...')
#3 D:\Usuarios\Documents\Projetos\Copercana\site-copercana\system\CodeIgniter.php(825): App\Controllers\Admin_Post->add_post()
#4 D:\Usuarios\Documents\Projetos\Copercana\site-copercana\system\CodeIgniter.php(412): CodeIgniter\CodeIgniter->runController(Object(App\Controllers\Admin_Post))
#5 D:\Usuarios\Documents\Projetos\Copercana\site-copercana\system\CodeIgniter.php(320): CodeIgniter\CodeIgniter->handleRequest(NULL, Object(Config\Cache), false)
#6 D:\Usuarios\Documents\Projetos\Copercana\site-copercana\public\index.php(37): CodeIgniter\CodeIgniter->run()
#7 D:\Usuarios\Documents\Projetos\Copercana\site-copercana\system\Commands\Server\rewrite.php(43): require_once('D:\\Usuarios\\Doc...')
#8 {main}
CRITICAL - 2022-05-31 12:38:43 --> Arquivo não encontrado: C:\xampp\tmp\php8198.tmp
#0 D:\Usuarios\Documents\Projetos\Copercana\site-copercana\system\Files\File.php(46): CodeIgniter\Files\Exceptions\FileNotFoundException::forFileNotFound('C:\\xampp\\tmp\\ph...')
#1 D:\Usuarios\Documents\Projetos\Copercana\site-copercana\system\Images\Handlers\BaseHandler.php(148): CodeIgniter\Files\File->__construct('C:\\xampp\\tmp\\ph...', true)
#2 D:\Usuarios\Documents\Projetos\Copercana\site-copercana\app\Controllers\Admin_Post.php(98): CodeIgniter\Images\Handlers\BaseHandler->withFile('C:\\xampp\\tmp\\ph...')
#3 D:\Usuarios\Documents\Projetos\Copercana\site-copercana\system\CodeIgniter.php(825): App\Controllers\Admin_Post->add_post()
#4 D:\Usuarios\Documents\Projetos\Copercana\site-copercana\system\CodeIgniter.php(412): CodeIgniter\CodeIgniter->runController(Object(App\Controllers\Admin_Post))
#5 D:\Usuarios\Documents\Projetos\Copercana\site-copercana\system\CodeIgniter.php(320): CodeIgniter\CodeIgniter->handleRequest(NULL, Object(Config\Cache), false)
#6 D:\Usuarios\Documents\Projetos\Copercana\site-copercana\public\index.php(37): CodeIgniter\CodeIgniter->run()
#7 D:\Usuarios\Documents\Projetos\Copercana\site-copercana\system\Commands\Server\rewrite.php(43): require_once('D:\\Usuarios\\Doc...')
#8 {main}
CRITICAL - 2022-05-31 12:39:16 --> O processamento de imagem falhou. Por favor, verifique se o seu servidor suporta o protocolo escolhido e se o caminho para a sua biblioteca de imagens está correto.
#0 D:\Usuarios\Documents\Projetos\Copercana\site-copercana\system\Images\Handlers\ImageMagickHandler.php(220): CodeIgniter\Images\Exceptions\ImageException::forImageProcessFailed()
#1 D:\Usuarios\Documents\Projetos\Copercana\site-copercana\system\Images\Handlers\ImageMagickHandler.php(104): CodeIgniter\Images\Handlers\ImageMagickHandler->process(' -crop 455x455+...')
#2 D:\Usuarios\Documents\Projetos\Copercana\site-copercana\system\Images\Handlers\BaseHandler.php(281): CodeIgniter\Images\Handlers\ImageMagickHandler->_crop()
#3 D:\Usuarios\Documents\Projetos\Copercana\site-copercana\system\Images\Handlers\BaseHandler.php(563): CodeIgniter\Images\Handlers\BaseHandler->crop(455, 455, 327, 0)
#4 D:\Usuarios\Documents\Projetos\Copercana\site-copercana\app\Controllers\Admin_Post.php(97): CodeIgniter\Images\Handlers\BaseHandler->fit(250, 250, 'center')
#5 D:\Usuarios\Documents\Projetos\Copercana\site-copercana\system\CodeIgniter.php(825): App\Controllers\Admin_Post->add_post()
#6 D:\Usuarios\Documents\Projetos\Copercana\site-copercana\system\CodeIgniter.php(412): CodeIgniter\CodeIgniter->runController(Object(App\Controllers\Admin_Post))
#7 D:\Usuarios\Documents\Projetos\Copercana\site-copercana\system\CodeIgniter.php(320): CodeIgniter\CodeIgniter->handleRequest(NULL, Object(Config\Cache), false)
#8 D:\Usuarios\Documents\Projetos\Copercana\site-copercana\public\index.php(37): CodeIgniter\CodeIgniter->run()
#9 D:\Usuarios\Documents\Projetos\Copercana\site-copercana\system\Commands\Server\rewrite.php(43): require_once('D:\\Usuarios\\Doc...')
#10 {main}
CRITICAL - 2022-05-31 12:39:31 --> Undefined index: file
#0 D:\Usuarios\Documents\Projetos\Copercana\site-copercana\system\Debug\Toolbar\Collectors\Database.php(142): CodeIgniter\Debug\Exceptions->errorHandler(8, 'Undefined index...', 'D:\\Usuarios\\Doc...', 142, Array)
#1 [internal function]: CodeIgniter\Debug\Toolbar\Collectors\Database::CodeIgniter\Debug\Toolbar\Collectors\{closure}(Array)
#2 D:\Usuarios\Documents\Projetos\Copercana\site-copercana\system\Debug\Toolbar\Collectors\Database.php(166): array_map(Object(Closure), Array)
#3 D:\Usuarios\Documents\Projetos\Copercana\site-copercana\system\Debug\Toolbar\Collectors\BaseCollector.php(224): CodeIgniter\Debug\Toolbar\Collectors\Database->display()
#4 D:\Usuarios\Documents\Projetos\Copercana\site-copercana\system\Debug\Toolbar.php(90): CodeIgniter\Debug\Toolbar\Collectors\BaseCollector->getAsArray()
#5 D:\Usuarios\Documents\Projetos\Copercana\site-copercana\system\Debug\Toolbar.php(368): CodeIgniter\Debug\Toolbar->run(1654011570.9914, 0.0976, Object(CodeIgniter\HTTP\IncomingRequest), Object(CodeIgniter\HTTP\Response))
#6 D:\Usuarios\Documents\Projetos\Copercana\site-copercana\system\Filters\DebugToolbar.php(40): CodeIgniter\Debug\Toolbar->prepare(Object(CodeIgniter\HTTP\IncomingRequest), Object(CodeIgniter\HTTP\Response))
#7 D:\Usuarios\Documents\Projetos\Copercana\site-copercana\system\Filters\Filters.php(196): CodeIgniter\Filters\DebugToolbar->after(Object(CodeIgniter\HTTP\IncomingRequest), Object(CodeIgniter\HTTP\Response), NULL)
#8 D:\Usuarios\Documents\Projetos\Copercana\site-copercana\system\CodeIgniter.php(429): CodeIgniter\Filters\Filters->run('admin/news', 'after')
#9 D:\Usuarios\Documents\Projetos\Copercana\site-copercana\system\CodeIgniter.php(320): CodeIgniter\CodeIgniter->handleRequest(NULL, Object(Config\Cache), false)
#10 D:\Usuarios\Documents\Projetos\Copercana\site-copercana\public\index.php(37): CodeIgniter\CodeIgniter->run()
#11 D:\Usuarios\Documents\Projetos\Copercana\site-copercana\system\Commands\Server\rewrite.php(43): require_once('D:\\Usuarios\\Doc...')
#12 {main}
CRITICAL - 2022-05-31 13:59:43 --> O processamento de imagem falhou. Por favor, verifique se o seu servidor suporta o protocolo escolhido e se o caminho para a sua biblioteca de imagens está correto.
#0 D:\Usuarios\Documents\Projetos\Copercana\site-copercana\system\Images\Handlers\ImageMagickHandler.php(220): CodeIgniter\Images\Exceptions\ImageException::forImageProcessFailed()
#1 D:\Usuarios\Documents\Projetos\Copercana\site-copercana\system\Images\Handlers\ImageMagickHandler.php(104): CodeIgniter\Images\Handlers\ImageMagickHandler->process(' -crop 455x455+...')
#2 D:\Usuarios\Documents\Projetos\Copercana\site-copercana\system\Images\Handlers\BaseHandler.php(281): CodeIgniter\Images\Handlers\ImageMagickHandler->_crop()
#3 D:\Usuarios\Documents\Projetos\Copercana\site-copercana\system\Images\Handlers\BaseHandler.php(563): CodeIgniter\Images\Handlers\BaseHandler->crop(455, 455, 327, 0)
#4 D:\Usuarios\Documents\Projetos\Copercana\site-copercana\app\Controllers\Admin_Post.php(97): CodeIgniter\Images\Handlers\BaseHandler->fit(250, 250, 'center')
#5 D:\Usuarios\Documents\Projetos\Copercana\site-copercana\system\CodeIgniter.php(825): App\Controllers\Admin_Post->add_post()
#6 D:\Usuarios\Documents\Projetos\Copercana\site-copercana\system\CodeIgniter.php(412): CodeIgniter\CodeIgniter->runController(Object(App\Controllers\Admin_Post))
#7 D:\Usuarios\Documents\Projetos\Copercana\site-copercana\system\CodeIgniter.php(320): CodeIgniter\CodeIgniter->handleRequest(NULL, Object(Config\Cache), false)
#8 D:\Usuarios\Documents\Projetos\Copercana\site-copercana\public\index.php(37): CodeIgniter\CodeIgniter->run()
#9 D:\Usuarios\Documents\Projetos\Copercana\site-copercana\system\Commands\Server\rewrite.php(43): require_once('D:\\Usuarios\\Doc...')
#10 {main}
CRITICAL - 2022-05-31 14:00:02 --> O processamento de imagem falhou. Por favor, verifique se o seu servidor suporta o protocolo escolhido e se o caminho para a sua biblioteca de imagens está correto.
#0 D:\Usuarios\Documents\Projetos\Copercana\site-copercana\system\Images\Handlers\ImageMagickHandler.php(220): CodeIgniter\Images\Exceptions\ImageException::forImageProcessFailed()
#1 D:\Usuarios\Documents\Projetos\Copercana\site-copercana\system\Images\Handlers\ImageMagickHandler.php(104): CodeIgniter\Images\Handlers\ImageMagickHandler->process(' -crop 455x455+...')
#2 D:\Usuarios\Documents\Projetos\Copercana\site-copercana\system\Images\Handlers\BaseHandler.php(281): CodeIgniter\Images\Handlers\ImageMagickHandler->_crop()
#3 D:\Usuarios\Documents\Projetos\Copercana\site-copercana\system\Images\Handlers\BaseHandler.php(563): CodeIgniter\Images\Handlers\BaseHandler->crop(455, 455, 327, 0)
#4 D:\Usuarios\Documents\Projetos\Copercana\site-copercana\app\Controllers\Admin_Post.php(97): CodeIgniter\Images\Handlers\BaseHandler->fit(250, 250, 'center')
#5 D:\Usuarios\Documents\Projetos\Copercana\site-copercana\system\CodeIgniter.php(825): App\Controllers\Admin_Post->add_post()
#6 D:\Usuarios\Documents\Projetos\Copercana\site-copercana\system\CodeIgniter.php(412): CodeIgniter\CodeIgniter->runController(Object(App\Controllers\Admin_Post))
#7 D:\Usuarios\Documents\Projetos\Copercana\site-copercana\system\CodeIgniter.php(320): CodeIgniter\CodeIgniter->handleRequest(NULL, Object(Config\Cache), false)
#8 D:\Usuarios\Documents\Projetos\Copercana\site-copercana\public\index.php(37): CodeIgniter\CodeIgniter->run()
#9 D:\Usuarios\Documents\Projetos\Copercana\site-copercana\system\Commands\Server\rewrite.php(43): require_once('D:\\Usuarios\\Doc...')
#10 {main}
CRITICAL - 2022-05-31 14:00:12 --> O processamento de imagem falhou. Por favor, verifique se o seu servidor suporta o protocolo escolhido e se o caminho para a sua biblioteca de imagens está correto.
#0 D:\Usuarios\Documents\Projetos\Copercana\site-copercana\system\Images\Handlers\ImageMagickHandler.php(220): CodeIgniter\Images\Exceptions\ImageException::forImageProcessFailed()
#1 D:\Usuarios\Documents\Projetos\Copercana\site-copercana\system\Images\Handlers\ImageMagickHandler.php(104): CodeIgniter\Images\Handlers\ImageMagickHandler->process(' -crop 455x455+...')
#2 D:\Usuarios\Documents\Projetos\Copercana\site-copercana\system\Images\Handlers\BaseHandler.php(281): CodeIgniter\Images\Handlers\ImageMagickHandler->_crop()
#3 D:\Usuarios\Documents\Projetos\Copercana\site-copercana\system\Images\Handlers\BaseHandler.php(563): CodeIgniter\Images\Handlers\BaseHandler->crop(455, 455, 327, 0)
#4 D:\Usuarios\Documents\Projetos\Copercana\site-copercana\app\Controllers\Admin_Post.php(97): CodeIgniter\Images\Handlers\BaseHandler->fit(250, 250, 'center')
#5 D:\Usuarios\Documents\Projetos\Copercana\site-copercana\system\CodeIgniter.php(825): App\Controllers\Admin_Post->add_post()
#6 D:\Usuarios\Documents\Projetos\Copercana\site-copercana\system\CodeIgniter.php(412): CodeIgniter\CodeIgniter->runController(Object(App\Controllers\Admin_Post))
#7 D:\Usuarios\Documents\Projetos\Copercana\site-copercana\system\CodeIgniter.php(320): CodeIgniter\CodeIgniter->handleRequest(NULL, Object(Config\Cache), false)
#8 D:\Usuarios\Documents\Projetos\Copercana\site-copercana\public\index.php(37): CodeIgniter\CodeIgniter->run()
#9 D:\Usuarios\Documents\Projetos\Copercana\site-copercana\system\Commands\Server\rewrite.php(43): require_once('D:\\Usuarios\\Doc...')
#10 {main}
CRITICAL - 2022-05-31 14:01:44 --> O processamento de imagem falhou. Por favor, verifique se o seu servidor suporta o protocolo escolhido e se o caminho para a sua biblioteca de imagens está correto.
#0 D:\Usuarios\Documents\Projetos\Copercana\site-copercana\system\Images\Handlers\ImageMagickHandler.php(220): CodeIgniter\Images\Exceptions\ImageException::forImageProcessFailed()
#1 D:\Usuarios\Documents\Projetos\Copercana\site-copercana\system\Images\Handlers\ImageMagickHandler.php(104): CodeIgniter\Images\Handlers\ImageMagickHandler->process(' -crop 455x455+...')
#2 D:\Usuarios\Documents\Projetos\Copercana\site-copercana\system\Images\Handlers\BaseHandler.php(281): CodeIgniter\Images\Handlers\ImageMagickHandler->_crop()
#3 D:\Usuarios\Documents\Projetos\Copercana\site-copercana\system\Images\Handlers\BaseHandler.php(563): CodeIgniter\Images\Handlers\BaseHandler->crop(455, 455, 327, 0)
#4 D:\Usuarios\Documents\Projetos\Copercana\site-copercana\app\Controllers\Admin_Post.php(98): CodeIgniter\Images\Handlers\BaseHandler->fit(250, 250, 'center')
#5 D:\Usuarios\Documents\Projetos\Copercana\site-copercana\system\CodeIgniter.php(825): App\Controllers\Admin_Post->add_post()
#6 D:\Usuarios\Documents\Projetos\Copercana\site-copercana\system\CodeIgniter.php(412): CodeIgniter\CodeIgniter->runController(Object(App\Controllers\Admin_Post))
#7 D:\Usuarios\Documents\Projetos\Copercana\site-copercana\system\CodeIgniter.php(320): CodeIgniter\CodeIgniter->handleRequest(NULL, Object(Config\Cache), false)
#8 D:\Usuarios\Documents\Projetos\Copercana\site-copercana\public\index.php(37): CodeIgniter\CodeIgniter->run()
#9 D:\Usuarios\Documents\Projetos\Copercana\site-copercana\system\Commands\Server\rewrite.php(43): require_once('D:\\Usuarios\\Doc...')
#10 {main}
CRITICAL - 2022-05-31 14:03:14 --> O processamento de imagem falhou. Por favor, verifique se o seu servidor suporta o protocolo escolhido e se o caminho para a sua biblioteca de imagens está correto.
#0 D:\Usuarios\Documents\Projetos\Copercana\site-copercana\system\Images\Handlers\ImageMagickHandler.php(220): CodeIgniter\Images\Exceptions\ImageException::forImageProcessFailed()
#1 D:\Usuarios\Documents\Projetos\Copercana\site-copercana\system\Images\Handlers\ImageMagickHandler.php(104): CodeIgniter\Images\Handlers\ImageMagickHandler->process(' -crop 455x455+...')
#2 D:\Usuarios\Documents\Projetos\Copercana\site-copercana\system\Images\Handlers\BaseHandler.php(281): CodeIgniter\Images\Handlers\ImageMagickHandler->_crop()
#3 D:\Usuarios\Documents\Projetos\Copercana\site-copercana\system\Images\Handlers\BaseHandler.php(563): CodeIgniter\Images\Handlers\BaseHandler->crop(455, 455, 327, 0)
#4 D:\Usuarios\Documents\Projetos\Copercana\site-copercana\app\Controllers\Admin_Post.php(99): CodeIgniter\Images\Handlers\BaseHandler->fit(250, 250, 'center')
#5 D:\Usuarios\Documents\Projetos\Copercana\site-copercana\system\CodeIgniter.php(825): App\Controllers\Admin_Post->add_post()
#6 D:\Usuarios\Documents\Projetos\Copercana\site-copercana\system\CodeIgniter.php(412): CodeIgniter\CodeIgniter->runController(Object(App\Controllers\Admin_Post))
#7 D:\Usuarios\Documents\Projetos\Copercana\site-copercana\system\CodeIgniter.php(320): CodeIgniter\CodeIgniter->handleRequest(NULL, Object(Config\Cache), false)
#8 D:\Usuarios\Documents\Projetos\Copercana\site-copercana\public\index.php(37): CodeIgniter\CodeIgniter->run()
#9 D:\Usuarios\Documents\Projetos\Copercana\site-copercana\system\Commands\Server\rewrite.php(43): require_once('D:\\Usuarios\\Doc...')
#10 {main}
CRITICAL - 2022-05-31 14:04:37 --> A extensão GD não está carregada.
#0 D:\Usuarios\Documents\Projetos\Copercana\site-copercana\system\Images\Handlers\GDHandler.php(34): CodeIgniter\Exceptions\FrameworkException::forMissingExtension('GD')
#1 D:\Usuarios\Documents\Projetos\Copercana\site-copercana\system\Config\Services.php(312): CodeIgniter\Images\Handlers\GDHandler->__construct(Object(Config\Images))
#2 D:\Usuarios\Documents\Projetos\Copercana\site-copercana\system\Config\BaseService.php(248): CodeIgniter\Config\Services::image('gd', Object(Config\Images), false)
#3 D:\Usuarios\Documents\Projetos\Copercana\site-copercana\system\Config\BaseService.php(189): CodeIgniter\Config\BaseService::__callStatic('image', Array)
#4 D:\Usuarios\Documents\Projetos\Copercana\site-copercana\system\Config\Services.php(305): CodeIgniter\Config\BaseService::getSharedInstance('image', NULL, NULL)
#5 D:\Usuarios\Documents\Projetos\Copercana\site-copercana\system\Config\BaseService.php(248): CodeIgniter\Config\Services::image()
#6 D:\Usuarios\Documents\Projetos\Copercana\site-copercana\app\Controllers\Admin_Post.php(97): CodeIgniter\Config\BaseService::__callStatic('image', Array)
#7 D:\Usuarios\Documents\Projetos\Copercana\site-copercana\system\CodeIgniter.php(825): App\Controllers\Admin_Post->add_post()
#8 D:\Usuarios\Documents\Projetos\Copercana\site-copercana\system\CodeIgniter.php(412): CodeIgniter\CodeIgniter->runController(Object(App\Controllers\Admin_Post))
#9 D:\Usuarios\Documents\Projetos\Copercana\site-copercana\system\CodeIgniter.php(320): CodeIgniter\CodeIgniter->handleRequest(NULL, Object(Config\Cache), false)
#10 D:\Usuarios\Documents\Projetos\Copercana\site-copercana\public\index.php(37): CodeIgniter\CodeIgniter->run()
#11 D:\Usuarios\Documents\Projetos\Copercana\site-copercana\system\Commands\Server\rewrite.php(43): require_once('D:\\Usuarios\\Doc...')
#12 {main}
CRITICAL - 2022-05-31 14:06:51 --> Não é possível salvar a imagem. Por favor, certifique-se de que a imagem e o diretório de arquivos são graváveis.
#0 D:\Usuarios\Documents\Projetos\Copercana\site-copercana\system\Images\Handlers\GDHandler.php(245): CodeIgniter\Images\Exceptions\ImageException::forSaveFailed()
#1 D:\Usuarios\Documents\Projetos\Copercana\site-copercana\app\Controllers\Admin_Post.php(100): CodeIgniter\Images\Handlers\GDHandler->save('D:\\Usuarios\\Doc...')
#2 D:\Usuarios\Documents\Projetos\Copercana\site-copercana\system\CodeIgniter.php(825): App\Controllers\Admin_Post->add_post()
#3 D:\Usuarios\Documents\Projetos\Copercana\site-copercana\system\CodeIgniter.php(412): CodeIgniter\CodeIgniter->runController(Object(App\Controllers\Admin_Post))
#4 D:\Usuarios\Documents\Projetos\Copercana\site-copercana\system\CodeIgniter.php(320): CodeIgniter\CodeIgniter->handleRequest(NULL, Object(Config\Cache), false)
#5 D:\Usuarios\Documents\Projetos\Copercana\site-copercana\public\index.php(37): CodeIgniter\CodeIgniter->run()
#6 D:\Usuarios\Documents\Projetos\Copercana\site-copercana\system\Commands\Server\rewrite.php(43): require_once('D:\\Usuarios\\Doc...')
#7 {main}
CRITICAL - 2022-05-31 14:07:15 --> Não é possível salvar a imagem. Por favor, certifique-se de que a imagem e o diretório de arquivos são graváveis.
#0 D:\Usuarios\Documents\Projetos\Copercana\site-copercana\system\Images\Handlers\GDHandler.php(245): CodeIgniter\Images\Exceptions\ImageException::forSaveFailed()
#1 D:\Usuarios\Documents\Projetos\Copercana\site-copercana\app\Controllers\Admin_Post.php(100): CodeIgniter\Images\Handlers\GDHandler->save('D:\\Usuarios\\Doc...')
#2 D:\Usuarios\Documents\Projetos\Copercana\site-copercana\system\CodeIgniter.php(825): App\Controllers\Admin_Post->add_post()
#3 D:\Usuarios\Documents\Projetos\Copercana\site-copercana\system\CodeIgniter.php(412): CodeIgniter\CodeIgniter->runController(Object(App\Controllers\Admin_Post))
#4 D:\Usuarios\Documents\Projetos\Copercana\site-copercana\system\CodeIgniter.php(320): CodeIgniter\CodeIgniter->handleRequest(NULL, Object(Config\Cache), false)
#5 D:\Usuarios\Documents\Projetos\Copercana\site-copercana\public\index.php(37): CodeIgniter\CodeIgniter->run()
#6 D:\Usuarios\Documents\Projetos\Copercana\site-copercana\system\Commands\Server\rewrite.php(43): require_once('D:\\Usuarios\\Doc...')
#7 {main}
CRITICAL - 2022-05-31 14:07:32 --> Não é possível salvar a imagem. Por favor, certifique-se de que a imagem e o diretório de arquivos são graváveis.
#0 D:\Usuarios\Documents\Projetos\Copercana\site-copercana\system\Images\Handlers\GDHandler.php(245): CodeIgniter\Images\Exceptions\ImageException::forSaveFailed()
#1 D:\Usuarios\Documents\Projetos\Copercana\site-copercana\app\Controllers\Admin_Post.php(100): CodeIgniter\Images\Handlers\GDHandler->save('D:\\Usuarios\\Doc...')
#2 D:\Usuarios\Documents\Projetos\Copercana\site-copercana\system\CodeIgniter.php(825): App\Controllers\Admin_Post->add_post()
#3 D:\Usuarios\Documents\Projetos\Copercana\site-copercana\system\CodeIgniter.php(412): CodeIgniter\CodeIgniter->runController(Object(App\Controllers\Admin_Post))
#4 D:\Usuarios\Documents\Projetos\Copercana\site-copercana\system\CodeIgniter.php(320): CodeIgniter\CodeIgniter->handleRequest(NULL, Object(Config\Cache), false)
#5 D:\Usuarios\Documents\Projetos\Copercana\site-copercana\public\index.php(37): CodeIgniter\CodeIgniter->run()
#6 D:\Usuarios\Documents\Projetos\Copercana\site-copercana\system\Commands\Server\rewrite.php(43): require_once('D:\\Usuarios\\Doc...')
#7 {main}
CRITICAL - 2022-05-31 14:08:10 --> Não é possível salvar a imagem. Por favor, certifique-se de que a imagem e o diretório de arquivos são graváveis.
#0 D:\Usuarios\Documents\Projetos\Copercana\site-copercana\system\Images\Handlers\GDHandler.php(245): CodeIgniter\Images\Exceptions\ImageException::forSaveFailed()
#1 D:\Usuarios\Documents\Projetos\Copercana\site-copercana\app\Controllers\Admin_Post.php(100): CodeIgniter\Images\Handlers\GDHandler->save('D:\\Usuarios\\Doc...')
#2 D:\Usuarios\Documents\Projetos\Copercana\site-copercana\system\CodeIgniter.php(825): App\Controllers\Admin_Post->add_post()
#3 D:\Usuarios\Documents\Projetos\Copercana\site-copercana\system\CodeIgniter.php(412): CodeIgniter\CodeIgniter->runController(Object(App\Controllers\Admin_Post))
#4 D:\Usuarios\Documents\Projetos\Copercana\site-copercana\system\CodeIgniter.php(320): CodeIgniter\CodeIgniter->handleRequest(NULL, Object(Config\Cache), false)
#5 D:\Usuarios\Documents\Projetos\Copercana\site-copercana\public\index.php(37): CodeIgniter\CodeIgniter->run()
#6 D:\Usuarios\Documents\Projetos\Copercana\site-copercana\system\Commands\Server\rewrite.php(43): require_once('D:\\Usuarios\\Doc...')
#7 {main}
CRITICAL - 2022-05-31 14:08:50 --> Undefined index: file
#0 D:\Usuarios\Documents\Projetos\Copercana\site-copercana\system\Debug\Toolbar\Collectors\Database.php(142): CodeIgniter\Debug\Exceptions->errorHandler(8, 'Undefined index...', 'D:\\Usuarios\\Doc...', 142, Array)
#1 [internal function]: CodeIgniter\Debug\Toolbar\Collectors\Database::CodeIgniter\Debug\Toolbar\Collectors\{closure}(Array)
#2 D:\Usuarios\Documents\Projetos\Copercana\site-copercana\system\Debug\Toolbar\Collectors\Database.php(166): array_map(Object(Closure), Array)
#3 D:\Usuarios\Documents\Projetos\Copercana\site-copercana\system\Debug\Toolbar\Collectors\BaseCollector.php(224): CodeIgniter\Debug\Toolbar\Collectors\Database->display()
#4 D:\Usuarios\Documents\Projetos\Copercana\site-copercana\system\Debug\Toolbar.php(90): CodeIgniter\Debug\Toolbar\Collectors\BaseCollector->getAsArray()
#5 D:\Usuarios\Documents\Projetos\Copercana\site-copercana\system\Debug\Toolbar.php(368): CodeIgniter\Debug\Toolbar->run(1654016930.2316, 0.0832, Object(CodeIgniter\HTTP\IncomingRequest), Object(CodeIgniter\HTTP\Response))
#6 D:\Usuarios\Documents\Projetos\Copercana\site-copercana\system\Filters\DebugToolbar.php(40): CodeIgniter\Debug\Toolbar->prepare(Object(CodeIgniter\HTTP\IncomingRequest), Object(CodeIgniter\HTTP\Response))
#7 D:\Usuarios\Documents\Projetos\Copercana\site-copercana\system\Filters\Filters.php(196): CodeIgniter\Filters\DebugToolbar->after(Object(CodeIgniter\HTTP\IncomingRequest), Object(CodeIgniter\HTTP\Response), NULL)
#8 D:\Usuarios\Documents\Projetos\Copercana\site-copercana\system\CodeIgniter.php(429): CodeIgniter\Filters\Filters->run('admin/news/add_...', 'after')
#9 D:\Usuarios\Documents\Projetos\Copercana\site-copercana\system\CodeIgniter.php(320): CodeIgniter\CodeIgniter->handleRequest(NULL, Object(Config\Cache), false)
#10 D:\Usuarios\Documents\Projetos\Copercana\site-copercana\public\index.php(37): CodeIgniter\CodeIgniter->run()
#11 D:\Usuarios\Documents\Projetos\Copercana\site-copercana\system\Commands\Server\rewrite.php(43): require_once('D:\\Usuarios\\Doc...')
#12 {main}
CRITICAL - 2022-05-31 14:09:19 --> Não é possível salvar a imagem. Por favor, certifique-se de que a imagem e o diretório de arquivos são graváveis.
#0 D:\Usuarios\Documents\Projetos\Copercana\site-copercana\system\Images\Handlers\GDHandler.php(245): CodeIgniter\Images\Exceptions\ImageException::forSaveFailed()
#1 D:\Usuarios\Documents\Projetos\Copercana\site-copercana\app\Controllers\Admin_Post.php(100): CodeIgniter\Images\Handlers\GDHandler->save('D:\\Usuarios\\Doc...')
#2 D:\Usuarios\Documents\Projetos\Copercana\site-copercana\system\CodeIgniter.php(825): App\Controllers\Admin_Post->add_post()
#3 D:\Usuarios\Documents\Projetos\Copercana\site-copercana\system\CodeIgniter.php(412): CodeIgniter\CodeIgniter->runController(Object(App\Controllers\Admin_Post))
#4 D:\Usuarios\Documents\Projetos\Copercana\site-copercana\system\CodeIgniter.php(320): CodeIgniter\CodeIgniter->handleRequest(NULL, Object(Config\Cache), false)
#5 D:\Usuarios\Documents\Projetos\Copercana\site-copercana\public\index.php(37): CodeIgniter\CodeIgniter->run()
#6 D:\Usuarios\Documents\Projetos\Copercana\site-copercana\system\Commands\Server\rewrite.php(43): require_once('D:\\Usuarios\\Doc...')
#7 {main}
CRITICAL - 2022-05-31 14:09:39 --> Não é possível salvar a imagem. Por favor, certifique-se de que a imagem e o diretório de arquivos são graváveis.
#0 D:\Usuarios\Documents\Projetos\Copercana\site-copercana\system\Images\Handlers\GDHandler.php(245): CodeIgniter\Images\Exceptions\ImageException::forSaveFailed()
#1 D:\Usuarios\Documents\Projetos\Copercana\site-copercana\app\Controllers\Admin_Post.php(100): CodeIgniter\Images\Handlers\GDHandler->save('D:\\Usuarios\\Doc...')
#2 D:\Usuarios\Documents\Projetos\Copercana\site-copercana\system\CodeIgniter.php(825): App\Controllers\Admin_Post->add_post()
#3 D:\Usuarios\Documents\Projetos\Copercana\site-copercana\system\CodeIgniter.php(412): CodeIgniter\CodeIgniter->runController(Object(App\Controllers\Admin_Post))
#4 D:\Usuarios\Documents\Projetos\Copercana\site-copercana\system\CodeIgniter.php(320): CodeIgniter\CodeIgniter->handleRequest(NULL, Object(Config\Cache), false)
#5 D:\Usuarios\Documents\Projetos\Copercana\site-copercana\public\index.php(37): CodeIgniter\CodeIgniter->run()
#6 D:\Usuarios\Documents\Projetos\Copercana\site-copercana\system\Commands\Server\rewrite.php(43): require_once('D:\\Usuarios\\Doc...')
#7 {main}
CRITICAL - 2022-05-31 14:11:40 --> Não é possível salvar a imagem. Por favor, certifique-se de que a imagem e o diretório de arquivos são graváveis.
#0 D:\Usuarios\Documents\Projetos\Copercana\site-copercana\system\Images\Handlers\GDHandler.php(245): CodeIgniter\Images\Exceptions\ImageException::forSaveFailed()
#1 D:\Usuarios\Documents\Projetos\Copercana\site-copercana\app\Controllers\Admin_Post.php(101): CodeIgniter\Images\Handlers\GDHandler->save('D:\\Usuarios\\Doc...')
#2 D:\Usuarios\Documents\Projetos\Copercana\site-copercana\system\CodeIgniter.php(825): App\Controllers\Admin_Post->add_post()
#3 D:\Usuarios\Documents\Projetos\Copercana\site-copercana\system\CodeIgniter.php(412): CodeIgniter\CodeIgniter->runController(Object(App\Controllers\Admin_Post))
#4 D:\Usuarios\Documents\Projetos\Copercana\site-copercana\system\CodeIgniter.php(320): CodeIgniter\CodeIgniter->handleRequest(NULL, Object(Config\Cache), false)
#5 D:\Usuarios\Documents\Projetos\Copercana\site-copercana\public\index.php(37): CodeIgniter\CodeIgniter->run()
#6 D:\Usuarios\Documents\Projetos\Copercana\site-copercana\system\Commands\Server\rewrite.php(43): require_once('D:\\Usuarios\\Doc...')
#7 {main}
CRITICAL - 2022-05-31 14:14:12 --> Undefined index: file
#0 D:\Usuarios\Documents\Projetos\Copercana\site-copercana\system\Debug\Toolbar\Collectors\Database.php(142): CodeIgniter\Debug\Exceptions->errorHandler(8, 'Undefined index...', 'D:\\Usuarios\\Doc...', 142, Array)
#1 [internal function]: CodeIgniter\Debug\Toolbar\Collectors\Database::CodeIgniter\Debug\Toolbar\Collectors\{closure}(Array)
#2 D:\Usuarios\Documents\Projetos\Copercana\site-copercana\system\Debug\Toolbar\Collectors\Database.php(166): array_map(Object(Closure), Array)
#3 D:\Usuarios\Documents\Projetos\Copercana\site-copercana\system\Debug\Toolbar\Collectors\BaseCollector.php(224): CodeIgniter\Debug\Toolbar\Collectors\Database->display()
#4 D:\Usuarios\Documents\Projetos\Copercana\site-copercana\system\Debug\Toolbar.php(90): CodeIgniter\Debug\Toolbar\Collectors\BaseCollector->getAsArray()
#5 D:\Usuarios\Documents\Projetos\Copercana\site-copercana\system\Debug\Toolbar.php(368): CodeIgniter\Debug\Toolbar->run(1654017252.0531, 0.0939, Object(CodeIgniter\HTTP\IncomingRequest), Object(CodeIgniter\HTTP\Response))
#6 D:\Usuarios\Documents\Projetos\Copercana\site-copercana\system\Filters\DebugToolbar.php(40): CodeIgniter\Debug\Toolbar->prepare(Object(CodeIgniter\HTTP\IncomingRequest), Object(CodeIgniter\HTTP\Response))
#7 D:\Usuarios\Documents\Projetos\Copercana\site-copercana\system\Filters\Filters.php(196): CodeIgniter\Filters\DebugToolbar->after(Object(CodeIgniter\HTTP\IncomingRequest), Object(CodeIgniter\HTTP\Response), NULL)
#8 D:\Usuarios\Documents\Projetos\Copercana\site-copercana\system\CodeIgniter.php(429): CodeIgniter\Filters\Filters->run('admin/news/edit...', 'after')
#9 D:\Usuarios\Documents\Projetos\Copercana\site-copercana\system\CodeIgniter.php(320): CodeIgniter\CodeIgniter->handleRequest(NULL, Object(Config\Cache), false)
#10 D:\Usuarios\Documents\Projetos\Copercana\site-copercana\public\index.php(37): CodeIgniter\CodeIgniter->run()
#11 D:\Usuarios\Documents\Projetos\Copercana\site-copercana\system\Commands\Server\rewrite.php(43): require_once('D:\\Usuarios\\Doc...')
#12 {main}
CRITICAL - 2022-05-31 17:29:16 --> Não é possível salvar a imagem. Por favor, certifique-se de que a imagem e o diretório de arquivos são graváveis.
#0 D:\Usuarios\Documents\Projetos\Copercana\site-copercana\system\Images\Handlers\GDHandler.php(245): CodeIgniter\Images\Exceptions\ImageException::forSaveFailed()
#1 D:\Usuarios\Documents\Projetos\Copercana\site-copercana\app\Controllers\Admin_Schedule.php(135): CodeIgniter\Images\Handlers\GDHandler->save('D:\\Usuarios\\Doc...')
#2 D:\Usuarios\Documents\Projetos\Copercana\site-copercana\system\CodeIgniter.php(825): App\Controllers\Admin_Schedule->add_schedule()
#3 D:\Usuarios\Documents\Projetos\Copercana\site-copercana\system\CodeIgniter.php(412): CodeIgniter\CodeIgniter->runController(Object(App\Controllers\Admin_Schedule))
#4 D:\Usuarios\Documents\Projetos\Copercana\site-copercana\system\CodeIgniter.php(320): CodeIgniter\CodeIgniter->handleRequest(NULL, Object(Config\Cache), false)
#5 D:\Usuarios\Documents\Projetos\Copercana\site-copercana\public\index.php(37): CodeIgniter\CodeIgniter->run()
#6 D:\Usuarios\Documents\Projetos\Copercana\site-copercana\system\Commands\Server\rewrite.php(43): require_once('D:\\Usuarios\\Doc...')
#7 {main}
CRITICAL - 2022-05-31 17:29:41 --> Não é possível salvar a imagem. Por favor, certifique-se de que a imagem e o diretório de arquivos são graváveis.
#0 D:\Usuarios\Documents\Projetos\Copercana\site-copercana\system\Images\Handlers\GDHandler.php(245): CodeIgniter\Images\Exceptions\ImageException::forSaveFailed()
#1 D:\Usuarios\Documents\Projetos\Copercana\site-copercana\app\Controllers\Admin_Schedule.php(135): CodeIgniter\Images\Handlers\GDHandler->save('D:\\Usuarios\\Doc...')
#2 D:\Usuarios\Documents\Projetos\Copercana\site-copercana\system\CodeIgniter.php(825): App\Controllers\Admin_Schedule->add_schedule()
#3 D:\Usuarios\Documents\Projetos\Copercana\site-copercana\system\CodeIgniter.php(412): CodeIgniter\CodeIgniter->runController(Object(App\Controllers\Admin_Schedule))
#4 D:\Usuarios\Documents\Projetos\Copercana\site-copercana\system\CodeIgniter.php(320): CodeIgniter\CodeIgniter->handleRequest(NULL, Object(Config\Cache), false)
#5 D:\Usuarios\Documents\Projetos\Copercana\site-copercana\public\index.php(37): CodeIgniter\CodeIgniter->run()
#6 D:\Usuarios\Documents\Projetos\Copercana\site-copercana\system\Commands\Server\rewrite.php(43): require_once('D:\\Usuarios\\Doc...')
#7 {main}
CRITICAL - 2022-05-31 17:32:04 --> Undefined variable: cover
#0 D:\Usuarios\Documents\Projetos\Copercana\site-copercana\app\Controllers\Admin_Schedule.php(128): CodeIgniter\Debug\Exceptions->errorHandler(8, 'Undefined varia...', 'D:\\Usuarios\\Doc...', 128, Array)
#1 D:\Usuarios\Documents\Projetos\Copercana\site-copercana\system\CodeIgniter.php(825): App\Controllers\Admin_Schedule->add_schedule()
#2 D:\Usuarios\Documents\Projetos\Copercana\site-copercana\system\CodeIgniter.php(412): CodeIgniter\CodeIgniter->runController(Object(App\Controllers\Admin_Schedule))
#3 D:\Usuarios\Documents\Projetos\Copercana\site-copercana\system\CodeIgniter.php(320): CodeIgniter\CodeIgniter->handleRequest(NULL, Object(Config\Cache), false)
#4 D:\Usuarios\Documents\Projetos\Copercana\site-copercana\public\index.php(37): CodeIgniter\CodeIgniter->run()
#5 D:\Usuarios\Documents\Projetos\Copercana\site-copercana\system\Commands\Server\rewrite.php(43): require_once('D:\\Usuarios\\Doc...')
#6 {main}
CRITICAL - 2022-05-31 17:32:25 --> Não é possível salvar a imagem. Por favor, certifique-se de que a imagem e o diretório de arquivos são graváveis.
#0 D:\Usuarios\Documents\Projetos\Copercana\site-copercana\system\Images\Handlers\GDHandler.php(245): CodeIgniter\Images\Exceptions\ImageException::forSaveFailed()
#1 D:\Usuarios\Documents\Projetos\Copercana\site-copercana\app\Controllers\Admin_Schedule.php(137): CodeIgniter\Images\Handlers\GDHandler->save('D:\\Usuarios\\Doc...')
#2 D:\Usuarios\Documents\Projetos\Copercana\site-copercana\system\CodeIgniter.php(825): App\Controllers\Admin_Schedule->add_schedule()
#3 D:\Usuarios\Documents\Projetos\Copercana\site-copercana\system\CodeIgniter.php(412): CodeIgniter\CodeIgniter->runController(Object(App\Controllers\Admin_Schedule))
#4 D:\Usuarios\Documents\Projetos\Copercana\site-copercana\system\CodeIgniter.php(320): CodeIgniter\CodeIgniter->handleRequest(NULL, Object(Config\Cache), false)
#5 D:\Usuarios\Documents\Projetos\Copercana\site-copercana\public\index.php(37): CodeIgniter\CodeIgniter->run()
#6 D:\Usuarios\Documents\Projetos\Copercana\site-copercana\system\Commands\Server\rewrite.php(43): require_once('D:\\Usuarios\\Doc...')
#7 {main}
CRITICAL - 2022-05-31 17:33:39 --> Não é possível salvar a imagem. Por favor, certifique-se de que a imagem e o diretório de arquivos são graváveis.
#0 D:\Usuarios\Documents\Projetos\Copercana\site-copercana\system\Images\Handlers\GDHandler.php(245): CodeIgniter\Images\Exceptions\ImageException::forSaveFailed()
#1 D:\Usuarios\Documents\Projetos\Copercana\site-copercana\app\Controllers\Admin_Schedule.php(137): CodeIgniter\Images\Handlers\GDHandler->save('D:\\Usuarios\\Doc...')
#2 D:\Usuarios\Documents\Projetos\Copercana\site-copercana\system\CodeIgniter.php(825): App\Controllers\Admin_Schedule->add_schedule()
#3 D:\Usuarios\Documents\Projetos\Copercana\site-copercana\system\CodeIgniter.php(412): CodeIgniter\CodeIgniter->runController(Object(App\Controllers\Admin_Schedule))
#4 D:\Usuarios\Documents\Projetos\Copercana\site-copercana\system\CodeIgniter.php(320): CodeIgniter\CodeIgniter->handleRequest(NULL, Object(Config\Cache), false)
#5 D:\Usuarios\Documents\Projetos\Copercana\site-copercana\public\index.php(37): CodeIgniter\CodeIgniter->run()
#6 D:\Usuarios\Documents\Projetos\Copercana\site-copercana\system\Commands\Server\rewrite.php(43): require_once('D:\\Usuarios\\Doc...')
#7 {main}
CRITICAL - 2022-05-31 17:37:51 --> Undefined variable: cover
#0 D:\Usuarios\Documents\Projetos\Copercana\site-copercana\app\Controllers\Admin_Schedule.php(128): CodeIgniter\Debug\Exceptions->errorHandler(8, 'Undefined varia...', 'D:\\Usuarios\\Doc...', 128, Array)
#1 D:\Usuarios\Documents\Projetos\Copercana\site-copercana\system\CodeIgniter.php(825): App\Controllers\Admin_Schedule->add_schedule()
#2 D:\Usuarios\Documents\Projetos\Copercana\site-copercana\system\CodeIgniter.php(412): CodeIgniter\CodeIgniter->runController(Object(App\Controllers\Admin_Schedule))
#3 D:\Usuarios\Documents\Projetos\Copercana\site-copercana\system\CodeIgniter.php(320): CodeIgniter\CodeIgniter->handleRequest(NULL, Object(Config\Cache), false)
#4 D:\Usuarios\Documents\Projetos\Copercana\site-copercana\public\index.php(37): CodeIgniter\CodeIgniter->run()
#5 D:\Usuarios\Documents\Projetos\Copercana\site-copercana\system\Commands\Server\rewrite.php(43): require_once('D:\\Usuarios\\Doc...')
#6 {main}
CRITICAL - 2022-05-31 17:37:59 --> Undefined index: description
#0 D:\Usuarios\Documents\Projetos\Copercana\site-copercana\app\Views\admin\schedules\add_new.php(85): CodeIgniter\Debug\Exceptions->errorHandler(8, 'Undefined index...', 'D:\\Usuarios\\Doc...', 85, Array)
#1 D:\Usuarios\Documents\Projetos\Copercana\site-copercana\system\View\View.php(210): include('D:\\Usuarios\\Doc...')
#2 D:\Usuarios\Documents\Projetos\Copercana\site-copercana\system\View\View.php(213): CodeIgniter\View\View->CodeIgniter\View\{closure}()
#3 D:\Usuarios\Documents\Projetos\Copercana\site-copercana\system\Common.php(1089): CodeIgniter\View\View->render('admin/schedules...', Array, true)
#4 D:\Usuarios\Documents\Projetos\Copercana\site-copercana\app\Controllers\Admin_Schedule.php(49): view('admin/schedules...', Array)
#5 D:\Usuarios\Documents\Projetos\Copercana\site-copercana\system\CodeIgniter.php(825): App\Controllers\Admin_Schedule->add_new()
#6 D:\Usuarios\Documents\Projetos\Copercana\site-copercana\system\CodeIgniter.php(412): CodeIgniter\CodeIgniter->runController(Object(App\Controllers\Admin_Schedule))
#7 D:\Usuarios\Documents\Projetos\Copercana\site-copercana\system\CodeIgniter.php(320): CodeIgniter\CodeIgniter->handleRequest(NULL, Object(Config\Cache), false)
#8 D:\Usuarios\Documents\Projetos\Copercana\site-copercana\public\index.php(37): CodeIgniter\CodeIgniter->run()
#9 D:\Usuarios\Documents\Projetos\Copercana\site-copercana\system\Commands\Server\rewrite.php(43): require_once('D:\\Usuarios\\Doc...')
#10 {main}
CRITICAL - 2022-05-31 17:38:45 --> Undefined index: file
#0 D:\Usuarios\Documents\Projetos\Copercana\site-copercana\system\Debug\Toolbar\Collectors\Database.php(142): CodeIgniter\Debug\Exceptions->errorHandler(8, 'Undefined index...', 'D:\\Usuarios\\Doc...', 142, Array)
#1 [internal function]: CodeIgniter\Debug\Toolbar\Collectors\Database::CodeIgniter\Debug\Toolbar\Collectors\{closure}(Array)
#2 D:\Usuarios\Documents\Projetos\Copercana\site-copercana\system\Debug\Toolbar\Collectors\Database.php(166): array_map(Object(Closure), Array)
#3 D:\Usuarios\Documents\Projetos\Copercana\site-copercana\system\Debug\Toolbar\Collectors\BaseCollector.php(224): CodeIgniter\Debug\Toolbar\Collectors\Database->display()
#4 D:\Usuarios\Documents\Projetos\Copercana\site-copercana\system\Debug\Toolbar.php(90): CodeIgniter\Debug\Toolbar\Collectors\BaseCollector->getAsArray()
#5 D:\Usuarios\Documents\Projetos\Copercana\site-copercana\system\Debug\Toolbar.php(368): CodeIgniter\Debug\Toolbar->run(1654029525.4414, 0.1118, Object(CodeIgniter\HTTP\IncomingRequest), Object(CodeIgniter\HTTP\Response))
#6 D:\Usuarios\Documents\Projetos\Copercana\site-copercana\system\Filters\DebugToolbar.php(40): CodeIgniter\Debug\Toolbar->prepare(Object(CodeIgniter\HTTP\IncomingRequest), Object(CodeIgniter\HTTP\Response))
#7 D:\Usuarios\Documents\Projetos\Copercana\site-copercana\system\Filters\Filters.php(196): CodeIgniter\Filters\DebugToolbar->after(Object(CodeIgniter\HTTP\IncomingRequest), Object(CodeIgniter\HTTP\Response), NULL)
#8 D:\Usuarios\Documents\Projetos\Copercana\site-copercana\system\CodeIgniter.php(429): CodeIgniter\Filters\Filters->run('admin/schedules...', 'after')
#9 D:\Usuarios\Documents\Projetos\Copercana\site-copercana\system\CodeIgniter.php(320): CodeIgniter\CodeIgniter->handleRequest(NULL, Object(Config\Cache), false)
#10 D:\Usuarios\Documents\Projetos\Copercana\site-copercana\public\index.php(37): CodeIgniter\CodeIgniter->run()
#11 D:\Usuarios\Documents\Projetos\Copercana\site-copercana\system\Commands\Server\rewrite.php(43): require_once('D:\\Usuarios\\Doc...')
#12 {main}
