CRITICAL - 2022-06-06 12:18:51 --> Call to undefined function form_open()
#0 D:\Usuarios\Documents\Projetos\Copercana\site-copercana\system\View\View.php(210): include()
#1 D:\Usuarios\Documents\Projetos\Copercana\site-copercana\system\View\View.php(213): CodeIgniter\View\View->CodeIgniter\View\{closure}()
#2 D:\Usuarios\Documents\Projetos\Copercana\site-copercana\system\Common.php(1089): CodeIgniter\View\View->render('admin/pages/hom...', Array, true)
#3 D:\Usuarios\Documents\Projetos\Copercana\site-copercana\app\Controllers\Admin_Pages.php(37): view('admin/pages/hom...', Array)
#4 D:\Usuarios\Documents\Projetos\Copercana\site-copercana\system\CodeIgniter.php(825): App\Controllers\Admin_Pages->home()
#5 D:\Usuarios\Documents\Projetos\Copercana\site-copercana\system\CodeIgniter.php(412): CodeIgniter\CodeIgniter->runController(Object(App\Controllers\Admin_Pages))
#6 D:\Usuarios\Documents\Projetos\Copercana\site-copercana\system\CodeIgniter.php(320): CodeIgniter\CodeIgniter->handleRequest(NULL, Object(Config\Cache), false)
#7 D:\Usuarios\Documents\Projetos\Copercana\site-copercana\public\index.php(37): CodeIgniter\CodeIgniter->run()
#8 D:\Usuarios\Documents\Projetos\Copercana\site-copercana\system\Commands\Server\rewrite.php(43): require_once('D:\\Usuarios\\Doc...')
#9 {main}
CRITICAL - 2022-06-06 12:19:20 --> Call to undefined function form_open()
#0 D:\Usuarios\Documents\Projetos\Copercana\site-copercana\system\View\View.php(210): include()
#1 D:\Usuarios\Documents\Projetos\Copercana\site-copercana\system\View\View.php(213): CodeIgniter\View\View->CodeIgniter\View\{closure}()
#2 D:\Usuarios\Documents\Projetos\Copercana\site-copercana\system\Common.php(1089): CodeIgniter\View\View->render('admin/pages/hom...', Array, true)
#3 D:\Usuarios\Documents\Projetos\Copercana\site-copercana\app\Controllers\Admin_Pages.php(37): view('admin/pages/hom...', Array)
#4 D:\Usuarios\Documents\Projetos\Copercana\site-copercana\system\CodeIgniter.php(825): App\Controllers\Admin_Pages->home()
#5 D:\Usuarios\Documents\Projetos\Copercana\site-copercana\system\CodeIgniter.php(412): CodeIgniter\CodeIgniter->runController(Object(App\Controllers\Admin_Pages))
#6 D:\Usuarios\Documents\Projetos\Copercana\site-copercana\system\CodeIgniter.php(320): CodeIgniter\CodeIgniter->handleRequest(NULL, Object(Config\Cache), false)
#7 D:\Usuarios\Documents\Projetos\Copercana\site-copercana\public\index.php(37): CodeIgniter\CodeIgniter->run()
#8 D:\Usuarios\Documents\Projetos\Copercana\site-copercana\system\Commands\Server\rewrite.php(43): require_once('D:\\Usuarios\\Doc...')
#9 {main}
CRITICAL - 2022-06-06 12:19:30 --> Call to undefined function form_open()
#0 D:\Usuarios\Documents\Projetos\Copercana\site-copercana\system\View\View.php(210): include()
#1 D:\Usuarios\Documents\Projetos\Copercana\site-copercana\system\View\View.php(213): CodeIgniter\View\View->CodeIgniter\View\{closure}()
#2 D:\Usuarios\Documents\Projetos\Copercana\site-copercana\system\Common.php(1089): CodeIgniter\View\View->render('admin/pages/hom...', Array, true)
#3 D:\Usuarios\Documents\Projetos\Copercana\site-copercana\app\Controllers\Admin_Pages.php(37): view('admin/pages/hom...', Array)
#4 D:\Usuarios\Documents\Projetos\Copercana\site-copercana\system\CodeIgniter.php(825): App\Controllers\Admin_Pages->home()
#5 D:\Usuarios\Documents\Projetos\Copercana\site-copercana\system\CodeIgniter.php(412): CodeIgniter\CodeIgniter->runController(Object(App\Controllers\Admin_Pages))
#6 D:\Usuarios\Documents\Projetos\Copercana\site-copercana\system\CodeIgniter.php(320): CodeIgniter\CodeIgniter->handleRequest(NULL, Object(Config\Cache), false)
#7 D:\Usuarios\Documents\Projetos\Copercana\site-copercana\public\index.php(37): CodeIgniter\CodeIgniter->run()
#8 D:\Usuarios\Documents\Projetos\Copercana\site-copercana\system\Commands\Server\rewrite.php(43): require_once('D:\\Usuarios\\Doc...')
#9 {main}
CRITICAL - 2022-06-06 12:20:19 --> Trying to get property 'video_section_title' of non-object
#0 D:\Usuarios\Documents\Projetos\Copercana\site-copercana\app\Views\admin\pages\home.php(62): CodeIgniter\Debug\Exceptions->errorHandler(8, 'Trying to get p...', 'D:\\Usuarios\\Doc...', 62, Array)
#1 D:\Usuarios\Documents\Projetos\Copercana\site-copercana\system\View\View.php(210): include('D:\\Usuarios\\Doc...')
#2 D:\Usuarios\Documents\Projetos\Copercana\site-copercana\system\View\View.php(213): CodeIgniter\View\View->CodeIgniter\View\{closure}()
#3 D:\Usuarios\Documents\Projetos\Copercana\site-copercana\system\Common.php(1089): CodeIgniter\View\View->render('admin/pages/hom...', Array, true)
#4 D:\Usuarios\Documents\Projetos\Copercana\site-copercana\app\Controllers\Admin_Pages.php(39): view('admin/pages/hom...', Array)
#5 D:\Usuarios\Documents\Projetos\Copercana\site-copercana\system\CodeIgniter.php(825): App\Controllers\Admin_Pages->home()
#6 D:\Usuarios\Documents\Projetos\Copercana\site-copercana\system\CodeIgniter.php(412): CodeIgniter\CodeIgniter->runController(Object(App\Controllers\Admin_Pages))
#7 D:\Usuarios\Documents\Projetos\Copercana\site-copercana\system\CodeIgniter.php(320): CodeIgniter\CodeIgniter->handleRequest(NULL, Object(Config\Cache), false)
#8 D:\Usuarios\Documents\Projetos\Copercana\site-copercana\public\index.php(37): CodeIgniter\CodeIgniter->run()
#9 D:\Usuarios\Documents\Projetos\Copercana\site-copercana\system\Commands\Server\rewrite.php(43): require_once('D:\\Usuarios\\Doc...')
#10 {main}
CRITICAL - 2022-06-06 15:01:30 --> Invalid argument supplied for foreach()
#0 D:\Usuarios\Documents\Projetos\Copercana\site-copercana\app\Views\admin\includes\footer.php(21): CodeIgniter\Debug\Exceptions->errorHandler(2, 'Invalid argumen...', 'D:\\Usuarios\\Doc...', 21, Array)
#1 D:\Usuarios\Documents\Projetos\Copercana\site-copercana\system\View\View.php(210): include('D:\\Usuarios\\Doc...')
#2 D:\Usuarios\Documents\Projetos\Copercana\site-copercana\system\View\View.php(213): CodeIgniter\View\View->CodeIgniter\View\{closure}()
#3 D:\Usuarios\Documents\Projetos\Copercana\site-copercana\system\Common.php(1089): CodeIgniter\View\View->render('admin/includes/...', Array, true)
#4 D:\Usuarios\Documents\Projetos\Copercana\site-copercana\app\Controllers\Admin_Pages.php(43): view('admin/includes/...', Array)
#5 D:\Usuarios\Documents\Projetos\Copercana\site-copercana\system\CodeIgniter.php(825): App\Controllers\Admin_Pages->home()
#6 D:\Usuarios\Documents\Projetos\Copercana\site-copercana\system\CodeIgniter.php(412): CodeIgniter\CodeIgniter->runController(Object(App\Controllers\Admin_Pages))
#7 D:\Usuarios\Documents\Projetos\Copercana\site-copercana\system\CodeIgniter.php(320): CodeIgniter\CodeIgniter->handleRequest(NULL, Object(Config\Cache), false)
#8 D:\Usuarios\Documents\Projetos\Copercana\site-copercana\public\index.php(37): CodeIgniter\CodeIgniter->run()
#9 D:\Usuarios\Documents\Projetos\Copercana\site-copercana\system\Commands\Server\rewrite.php(43): require_once('D:\\Usuarios\\Doc...')
#10 {main}
CRITICAL - 2022-06-06 15:01:40 --> Invalid argument supplied for foreach()
#0 D:\Usuarios\Documents\Projetos\Copercana\site-copercana\app\Views\admin\includes\footer.php(21): CodeIgniter\Debug\Exceptions->errorHandler(2, 'Invalid argumen...', 'D:\\Usuarios\\Doc...', 21, Array)
#1 D:\Usuarios\Documents\Projetos\Copercana\site-copercana\system\View\View.php(210): include('D:\\Usuarios\\Doc...')
#2 D:\Usuarios\Documents\Projetos\Copercana\site-copercana\system\View\View.php(213): CodeIgniter\View\View->CodeIgniter\View\{closure}()
#3 D:\Usuarios\Documents\Projetos\Copercana\site-copercana\system\Common.php(1089): CodeIgniter\View\View->render('admin/includes/...', Array, true)
#4 D:\Usuarios\Documents\Projetos\Copercana\site-copercana\app\Controllers\Admin_Pages.php(43): view('admin/includes/...', Array)
#5 D:\Usuarios\Documents\Projetos\Copercana\site-copercana\system\CodeIgniter.php(825): App\Controllers\Admin_Pages->home()
#6 D:\Usuarios\Documents\Projetos\Copercana\site-copercana\system\CodeIgniter.php(412): CodeIgniter\CodeIgniter->runController(Object(App\Controllers\Admin_Pages))
#7 D:\Usuarios\Documents\Projetos\Copercana\site-copercana\system\CodeIgniter.php(320): CodeIgniter\CodeIgniter->handleRequest(NULL, Object(Config\Cache), false)
#8 D:\Usuarios\Documents\Projetos\Copercana\site-copercana\public\index.php(37): CodeIgniter\CodeIgniter->run()
#9 D:\Usuarios\Documents\Projetos\Copercana\site-copercana\system\Commands\Server\rewrite.php(43): require_once('D:\\Usuarios\\Doc...')
#10 {main}
CRITICAL - 2022-06-06 15:02:02 --> Invalid argument supplied for foreach()
#0 D:\Usuarios\Documents\Projetos\Copercana\site-copercana\app\Views\admin\includes\footer.php(21): CodeIgniter\Debug\Exceptions->errorHandler(2, 'Invalid argumen...', 'D:\\Usuarios\\Doc...', 21, Array)
#1 D:\Usuarios\Documents\Projetos\Copercana\site-copercana\system\View\View.php(210): include('D:\\Usuarios\\Doc...')
#2 D:\Usuarios\Documents\Projetos\Copercana\site-copercana\system\View\View.php(213): CodeIgniter\View\View->CodeIgniter\View\{closure}()
#3 D:\Usuarios\Documents\Projetos\Copercana\site-copercana\system\Common.php(1089): CodeIgniter\View\View->render('admin/includes/...', Array, true)
#4 D:\Usuarios\Documents\Projetos\Copercana\site-copercana\app\Controllers\Admin_Pages.php(43): view('admin/includes/...', Array)
#5 D:\Usuarios\Documents\Projetos\Copercana\site-copercana\system\CodeIgniter.php(825): App\Controllers\Admin_Pages->home()
#6 D:\Usuarios\Documents\Projetos\Copercana\site-copercana\system\CodeIgniter.php(412): CodeIgniter\CodeIgniter->runController(Object(App\Controllers\Admin_Pages))
#7 D:\Usuarios\Documents\Projetos\Copercana\site-copercana\system\CodeIgniter.php(320): CodeIgniter\CodeIgniter->handleRequest(NULL, Object(Config\Cache), false)
#8 D:\Usuarios\Documents\Projetos\Copercana\site-copercana\public\index.php(37): CodeIgniter\CodeIgniter->run()
#9 D:\Usuarios\Documents\Projetos\Copercana\site-copercana\system\Commands\Server\rewrite.php(43): require_once('D:\\Usuarios\\Doc...')
#10 {main}
CRITICAL - 2022-06-06 15:03:17 --> Undefined variable: page_data
#0 D:\Usuarios\Documents\Projetos\Copercana\site-copercana\app\Controllers\Admin_Pages.php(37): CodeIgniter\Debug\Exceptions->errorHandler(8, 'Undefined varia...', 'D:\\Usuarios\\Doc...', 37, Array)
#1 D:\Usuarios\Documents\Projetos\Copercana\site-copercana\system\CodeIgniter.php(825): App\Controllers\Admin_Pages->home()
#2 D:\Usuarios\Documents\Projetos\Copercana\site-copercana\system\CodeIgniter.php(412): CodeIgniter\CodeIgniter->runController(Object(App\Controllers\Admin_Pages))
#3 D:\Usuarios\Documents\Projetos\Copercana\site-copercana\system\CodeIgniter.php(320): CodeIgniter\CodeIgniter->handleRequest(NULL, Object(Config\Cache), false)
#4 D:\Usuarios\Documents\Projetos\Copercana\site-copercana\public\index.php(37): CodeIgniter\CodeIgniter->run()
#5 D:\Usuarios\Documents\Projetos\Copercana\site-copercana\system\Commands\Server\rewrite.php(43): require_once('D:\\Usuarios\\Doc...')
#6 {main}
CRITICAL - 2022-06-06 15:03:47 --> Trying to get property 'video_section_title' of non-object
#0 D:\Usuarios\Documents\Projetos\Copercana\site-copercana\app\Views\admin\pages\home.php(62): CodeIgniter\Debug\Exceptions->errorHandler(8, 'Trying to get p...', 'D:\\Usuarios\\Doc...', 62, Array)
#1 D:\Usuarios\Documents\Projetos\Copercana\site-copercana\system\View\View.php(210): include('D:\\Usuarios\\Doc...')
#2 D:\Usuarios\Documents\Projetos\Copercana\site-copercana\system\View\View.php(213): CodeIgniter\View\View->CodeIgniter\View\{closure}()
#3 D:\Usuarios\Documents\Projetos\Copercana\site-copercana\system\Common.php(1089): CodeIgniter\View\View->render('admin/pages/hom...', Array, true)
#4 D:\Usuarios\Documents\Projetos\Copercana\site-copercana\app\Controllers\Admin_Pages.php(42): view('admin/pages/hom...', Array)
#5 D:\Usuarios\Documents\Projetos\Copercana\site-copercana\system\CodeIgniter.php(825): App\Controllers\Admin_Pages->home()
#6 D:\Usuarios\Documents\Projetos\Copercana\site-copercana\system\CodeIgniter.php(412): CodeIgniter\CodeIgniter->runController(Object(App\Controllers\Admin_Pages))
#7 D:\Usuarios\Documents\Projetos\Copercana\site-copercana\system\CodeIgniter.php(320): CodeIgniter\CodeIgniter->handleRequest(NULL, Object(Config\Cache), false)
#8 D:\Usuarios\Documents\Projetos\Copercana\site-copercana\public\index.php(37): CodeIgniter\CodeIgniter->run()
#9 D:\Usuarios\Documents\Projetos\Copercana\site-copercana\system\Commands\Server\rewrite.php(43): require_once('D:\\Usuarios\\Doc...')
#10 {main}
CRITICAL - 2022-06-06 15:04:11 --> Trying to get property 'video_section_title' of non-object
#0 D:\Usuarios\Documents\Projetos\Copercana\site-copercana\app\Views\admin\pages\home.php(62): CodeIgniter\Debug\Exceptions->errorHandler(8, 'Trying to get p...', 'D:\\Usuarios\\Doc...', 62, Array)
#1 D:\Usuarios\Documents\Projetos\Copercana\site-copercana\system\View\View.php(210): include('D:\\Usuarios\\Doc...')
#2 D:\Usuarios\Documents\Projetos\Copercana\site-copercana\system\View\View.php(213): CodeIgniter\View\View->CodeIgniter\View\{closure}()
#3 D:\Usuarios\Documents\Projetos\Copercana\site-copercana\system\Common.php(1089): CodeIgniter\View\View->render('admin/pages/hom...', Array, true)
#4 D:\Usuarios\Documents\Projetos\Copercana\site-copercana\app\Controllers\Admin_Pages.php(42): view('admin/pages/hom...', Array)
#5 D:\Usuarios\Documents\Projetos\Copercana\site-copercana\system\CodeIgniter.php(825): App\Controllers\Admin_Pages->home()
#6 D:\Usuarios\Documents\Projetos\Copercana\site-copercana\system\CodeIgniter.php(412): CodeIgniter\CodeIgniter->runController(Object(App\Controllers\Admin_Pages))
#7 D:\Usuarios\Documents\Projetos\Copercana\site-copercana\system\CodeIgniter.php(320): CodeIgniter\CodeIgniter->handleRequest(NULL, Object(Config\Cache), false)
#8 D:\Usuarios\Documents\Projetos\Copercana\site-copercana\public\index.php(37): CodeIgniter\CodeIgniter->run()
#9 D:\Usuarios\Documents\Projetos\Copercana\site-copercana\system\Commands\Server\rewrite.php(43): require_once('D:\\Usuarios\\Doc...')
#10 {main}
CRITICAL - 2022-06-06 15:04:27 --> Undefined property: stdClass::$video_section_title
#0 D:\Usuarios\Documents\Projetos\Copercana\site-copercana\app\Views\admin\pages\home.php(62): CodeIgniter\Debug\Exceptions->errorHandler(8, 'Undefined prope...', 'D:\\Usuarios\\Doc...', 62, Array)
#1 D:\Usuarios\Documents\Projetos\Copercana\site-copercana\system\View\View.php(210): include('D:\\Usuarios\\Doc...')
#2 D:\Usuarios\Documents\Projetos\Copercana\site-copercana\system\View\View.php(213): CodeIgniter\View\View->CodeIgniter\View\{closure}()
#3 D:\Usuarios\Documents\Projetos\Copercana\site-copercana\system\Common.php(1089): CodeIgniter\View\View->render('admin/pages/hom...', Array, true)
#4 D:\Usuarios\Documents\Projetos\Copercana\site-copercana\app\Controllers\Admin_Pages.php(42): view('admin/pages/hom...', Array)
#5 D:\Usuarios\Documents\Projetos\Copercana\site-copercana\system\CodeIgniter.php(825): App\Controllers\Admin_Pages->home()
#6 D:\Usuarios\Documents\Projetos\Copercana\site-copercana\system\CodeIgniter.php(412): CodeIgniter\CodeIgniter->runController(Object(App\Controllers\Admin_Pages))
#7 D:\Usuarios\Documents\Projetos\Copercana\site-copercana\system\CodeIgniter.php(320): CodeIgniter\CodeIgniter->handleRequest(NULL, Object(Config\Cache), false)
#8 D:\Usuarios\Documents\Projetos\Copercana\site-copercana\public\index.php(37): CodeIgniter\CodeIgniter->run()
#9 D:\Usuarios\Documents\Projetos\Copercana\site-copercana\system\Commands\Server\rewrite.php(43): require_once('D:\\Usuarios\\Doc...')
#10 {main}
CRITICAL - 2022-06-06 15:07:16 --> Invalid argument supplied for foreach()
#0 D:\Usuarios\Documents\Projetos\Copercana\site-copercana\app\Views\admin\includes\footer.php(21): CodeIgniter\Debug\Exceptions->errorHandler(2, 'Invalid argumen...', 'D:\\Usuarios\\Doc...', 21, Array)
#1 D:\Usuarios\Documents\Projetos\Copercana\site-copercana\system\View\View.php(210): include('D:\\Usuarios\\Doc...')
#2 D:\Usuarios\Documents\Projetos\Copercana\site-copercana\system\View\View.php(213): CodeIgniter\View\View->CodeIgniter\View\{closure}()
#3 D:\Usuarios\Documents\Projetos\Copercana\site-copercana\system\Common.php(1089): CodeIgniter\View\View->render('admin/includes/...', Array, true)
#4 D:\Usuarios\Documents\Projetos\Copercana\site-copercana\app\Controllers\Admin_Pages.php(43): view('admin/includes/...', Array)
#5 D:\Usuarios\Documents\Projetos\Copercana\site-copercana\system\CodeIgniter.php(825): App\Controllers\Admin_Pages->home()
#6 D:\Usuarios\Documents\Projetos\Copercana\site-copercana\system\CodeIgniter.php(412): CodeIgniter\CodeIgniter->runController(Object(App\Controllers\Admin_Pages))
#7 D:\Usuarios\Documents\Projetos\Copercana\site-copercana\system\CodeIgniter.php(320): CodeIgniter\CodeIgniter->handleRequest(NULL, Object(Config\Cache), false)
#8 D:\Usuarios\Documents\Projetos\Copercana\site-copercana\public\index.php(37): CodeIgniter\CodeIgniter->run()
#9 D:\Usuarios\Documents\Projetos\Copercana\site-copercana\system\Commands\Server\rewrite.php(43): require_once('D:\\Usuarios\\Doc...')
#10 {main}
CRITICAL - 2022-06-06 15:07:58 --> Undefined index: file
#0 D:\Usuarios\Documents\Projetos\Copercana\site-copercana\system\Debug\Toolbar\Collectors\Database.php(142): CodeIgniter\Debug\Exceptions->errorHandler(8, 'Undefined index...', 'D:\\Usuarios\\Doc...', 142, Array)
#1 [internal function]: CodeIgniter\Debug\Toolbar\Collectors\Database::CodeIgniter\Debug\Toolbar\Collectors\{closure}(Array)
#2 D:\Usuarios\Documents\Projetos\Copercana\site-copercana\system\Debug\Toolbar\Collectors\Database.php(166): array_map(Object(Closure), Array)
#3 D:\Usuarios\Documents\Projetos\Copercana\site-copercana\system\Debug\Toolbar\Collectors\BaseCollector.php(224): CodeIgniter\Debug\Toolbar\Collectors\Database->display()
#4 D:\Usuarios\Documents\Projetos\Copercana\site-copercana\system\Debug\Toolbar.php(90): CodeIgniter\Debug\Toolbar\Collectors\BaseCollector->getAsArray()
#5 D:\Usuarios\Documents\Projetos\Copercana\site-copercana\system\Debug\Toolbar.php(368): CodeIgniter\Debug\Toolbar->run(1654538877.9844, 0.1097, Object(CodeIgniter\HTTP\IncomingRequest), Object(CodeIgniter\HTTP\Response))
#6 D:\Usuarios\Documents\Projetos\Copercana\site-copercana\system\Filters\DebugToolbar.php(40): CodeIgniter\Debug\Toolbar->prepare(Object(CodeIgniter\HTTP\IncomingRequest), Object(CodeIgniter\HTTP\Response))
#7 D:\Usuarios\Documents\Projetos\Copercana\site-copercana\system\Filters\Filters.php(196): CodeIgniter\Filters\DebugToolbar->after(Object(CodeIgniter\HTTP\IncomingRequest), Object(CodeIgniter\HTTP\Response), NULL)
#8 D:\Usuarios\Documents\Projetos\Copercana\site-copercana\system\CodeIgniter.php(429): CodeIgniter\Filters\Filters->run('admin/pages/hom...', 'after')
#9 D:\Usuarios\Documents\Projetos\Copercana\site-copercana\system\CodeIgniter.php(320): CodeIgniter\CodeIgniter->handleRequest(NULL, Object(Config\Cache), false)
#10 D:\Usuarios\Documents\Projetos\Copercana\site-copercana\public\index.php(37): CodeIgniter\CodeIgniter->run()
#11 D:\Usuarios\Documents\Projetos\Copercana\site-copercana\system\Commands\Server\rewrite.php(43): require_once('D:\\Usuarios\\Doc...')
#12 {main}
CRITICAL - 2022-06-06 15:08:00 --> Undefined index: file
#0 D:\Usuarios\Documents\Projetos\Copercana\site-copercana\system\Debug\Toolbar\Collectors\Database.php(142): CodeIgniter\Debug\Exceptions->errorHandler(8, 'Undefined index...', 'D:\\Usuarios\\Doc...', 142, Array)
#1 [internal function]: CodeIgniter\Debug\Toolbar\Collectors\Database::CodeIgniter\Debug\Toolbar\Collectors\{closure}(Array)
#2 D:\Usuarios\Documents\Projetos\Copercana\site-copercana\system\Debug\Toolbar\Collectors\Database.php(166): array_map(Object(Closure), Array)
#3 D:\Usuarios\Documents\Projetos\Copercana\site-copercana\system\Debug\Toolbar\Collectors\BaseCollector.php(224): CodeIgniter\Debug\Toolbar\Collectors\Database->display()
#4 D:\Usuarios\Documents\Projetos\Copercana\site-copercana\system\Debug\Toolbar.php(90): CodeIgniter\Debug\Toolbar\Collectors\BaseCollector->getAsArray()
#5 D:\Usuarios\Documents\Projetos\Copercana\site-copercana\system\Debug\Toolbar.php(368): CodeIgniter\Debug\Toolbar->run(1654538880.8244, 0.0893, Object(CodeIgniter\HTTP\IncomingRequest), Object(CodeIgniter\HTTP\Response))
#6 D:\Usuarios\Documents\Projetos\Copercana\site-copercana\system\Filters\DebugToolbar.php(40): CodeIgniter\Debug\Toolbar->prepare(Object(CodeIgniter\HTTP\IncomingRequest), Object(CodeIgniter\HTTP\Response))
#7 D:\Usuarios\Documents\Projetos\Copercana\site-copercana\system\Filters\Filters.php(196): CodeIgniter\Filters\DebugToolbar->after(Object(CodeIgniter\HTTP\IncomingRequest), Object(CodeIgniter\HTTP\Response), NULL)
#8 D:\Usuarios\Documents\Projetos\Copercana\site-copercana\system\CodeIgniter.php(429): CodeIgniter\Filters\Filters->run('admin/pages/hom...', 'after')
#9 D:\Usuarios\Documents\Projetos\Copercana\site-copercana\system\CodeIgniter.php(320): CodeIgniter\CodeIgniter->handleRequest(NULL, Object(Config\Cache), false)
#10 D:\Usuarios\Documents\Projetos\Copercana\site-copercana\public\index.php(37): CodeIgniter\CodeIgniter->run()
#11 D:\Usuarios\Documents\Projetos\Copercana\site-copercana\system\Commands\Server\rewrite.php(43): require_once('D:\\Usuarios\\Doc...')
#12 {main}
ERROR - 2022-06-06 15:14:50 --> Operand should contain 1 column(s)
ERROR - 2022-06-06 15:15:44 --> Operand should contain 1 column(s)
CRITICAL - 2022-06-06 15:22:17 --> Call to a member function getRandomName() on null
#0 D:\Usuarios\Documents\Projetos\Copercana\site-copercana\system\CodeIgniter.php(825): App\Controllers\Admin_Pages->update_page('1')
#1 D:\Usuarios\Documents\Projetos\Copercana\site-copercana\system\CodeIgniter.php(412): CodeIgniter\CodeIgniter->runController(Object(App\Controllers\Admin_Pages))
#2 D:\Usuarios\Documents\Projetos\Copercana\site-copercana\system\CodeIgniter.php(320): CodeIgniter\CodeIgniter->handleRequest(NULL, Object(Config\Cache), false)
#3 D:\Usuarios\Documents\Projetos\Copercana\site-copercana\public\index.php(37): CodeIgniter\CodeIgniter->run()
#4 D:\Usuarios\Documents\Projetos\Copercana\site-copercana\system\Commands\Server\rewrite.php(43): require_once('D:\\Usuarios\\Doc...')
#5 {main}
CRITICAL - 2022-06-06 15:22:25 --> Undefined variable: cover
#0 D:\Usuarios\Documents\Projetos\Copercana\site-copercana\app\Controllers\Admin_Pages.php(77): CodeIgniter\Debug\Exceptions->errorHandler(8, 'Undefined varia...', 'D:\\Usuarios\\Doc...', 77, Array)
#1 D:\Usuarios\Documents\Projetos\Copercana\site-copercana\system\CodeIgniter.php(825): App\Controllers\Admin_Pages->update_page('1')
#2 D:\Usuarios\Documents\Projetos\Copercana\site-copercana\system\CodeIgniter.php(412): CodeIgniter\CodeIgniter->runController(Object(App\Controllers\Admin_Pages))
#3 D:\Usuarios\Documents\Projetos\Copercana\site-copercana\system\CodeIgniter.php(320): CodeIgniter\CodeIgniter->handleRequest(NULL, Object(Config\Cache), false)
#4 D:\Usuarios\Documents\Projetos\Copercana\site-copercana\public\index.php(37): CodeIgniter\CodeIgniter->run()
#5 D:\Usuarios\Documents\Projetos\Copercana\site-copercana\system\Commands\Server\rewrite.php(43): require_once('D:\\Usuarios\\Doc...')
#6 {main}
CRITICAL - 2022-06-06 15:22:37 --> Undefined index: file
#0 D:\Usuarios\Documents\Projetos\Copercana\site-copercana\system\Debug\Toolbar\Collectors\Database.php(142): CodeIgniter\Debug\Exceptions->errorHandler(8, 'Undefined index...', 'D:\\Usuarios\\Doc...', 142, Array)
#1 [internal function]: CodeIgniter\Debug\Toolbar\Collectors\Database::CodeIgniter\Debug\Toolbar\Collectors\{closure}(Array)
#2 D:\Usuarios\Documents\Projetos\Copercana\site-copercana\system\Debug\Toolbar\Collectors\Database.php(166): array_map(Object(Closure), Array)
#3 D:\Usuarios\Documents\Projetos\Copercana\site-copercana\system\Debug\Toolbar\Collectors\BaseCollector.php(224): CodeIgniter\Debug\Toolbar\Collectors\Database->display()
#4 D:\Usuarios\Documents\Projetos\Copercana\site-copercana\system\Debug\Toolbar.php(90): CodeIgniter\Debug\Toolbar\Collectors\BaseCollector->getAsArray()
#5 D:\Usuarios\Documents\Projetos\Copercana\site-copercana\system\Debug\Toolbar.php(368): CodeIgniter\Debug\Toolbar->run(1654539757.2074, 0.1473, Object(CodeIgniter\HTTP\IncomingRequest), Object(CodeIgniter\HTTP\Response))
#6 D:\Usuarios\Documents\Projetos\Copercana\site-copercana\system\Filters\DebugToolbar.php(40): CodeIgniter\Debug\Toolbar->prepare(Object(CodeIgniter\HTTP\IncomingRequest), Object(CodeIgniter\HTTP\Response))
#7 D:\Usuarios\Documents\Projetos\Copercana\site-copercana\system\Filters\Filters.php(196): CodeIgniter\Filters\DebugToolbar->after(Object(CodeIgniter\HTTP\IncomingRequest), Object(CodeIgniter\HTTP\Response), NULL)
#8 D:\Usuarios\Documents\Projetos\Copercana\site-copercana\system\CodeIgniter.php(429): CodeIgniter\Filters\Filters->run('admin/pages/upd...', 'after')
#9 D:\Usuarios\Documents\Projetos\Copercana\site-copercana\system\CodeIgniter.php(320): CodeIgniter\CodeIgniter->handleRequest(NULL, Object(Config\Cache), false)
#10 D:\Usuarios\Documents\Projetos\Copercana\site-copercana\public\index.php(37): CodeIgniter\CodeIgniter->run()
#11 D:\Usuarios\Documents\Projetos\Copercana\site-copercana\system\Commands\Server\rewrite.php(43): require_once('D:\\Usuarios\\Doc...')
#12 {main}
CRITICAL - 2022-06-06 15:36:51 --> Call to a member function setFlashdata() on null
#0 D:\Usuarios\Documents\Projetos\Copercana\site-copercana\system\CodeIgniter.php(825): App\Controllers\Admin_Pages->delete_file('1', 'visitors_sectio...')
#1 D:\Usuarios\Documents\Projetos\Copercana\site-copercana\system\CodeIgniter.php(412): CodeIgniter\CodeIgniter->runController(Object(App\Controllers\Admin_Pages))
#2 D:\Usuarios\Documents\Projetos\Copercana\site-copercana\system\CodeIgniter.php(320): CodeIgniter\CodeIgniter->handleRequest(NULL, Object(Config\Cache), false)
#3 D:\Usuarios\Documents\Projetos\Copercana\site-copercana\public\index.php(37): CodeIgniter\CodeIgniter->run()
#4 D:\Usuarios\Documents\Projetos\Copercana\site-copercana\system\Commands\Server\rewrite.php(43): require_once('D:\\Usuarios\\Doc...')
#5 {main}
CRITICAL - 2022-06-06 15:37:00 --> Undefined variable: session
#0 D:\Usuarios\Documents\Projetos\Copercana\site-copercana\app\Controllers\Admin_Pages.php(130): CodeIgniter\Debug\Exceptions->errorHandler(8, 'Undefined varia...', 'D:\\Usuarios\\Doc...', 130, Array)
#1 D:\Usuarios\Documents\Projetos\Copercana\site-copercana\system\CodeIgniter.php(825): App\Controllers\Admin_Pages->delete_file('1', 'visitors_sectio...')
#2 D:\Usuarios\Documents\Projetos\Copercana\site-copercana\system\CodeIgniter.php(412): CodeIgniter\CodeIgniter->runController(Object(App\Controllers\Admin_Pages))
#3 D:\Usuarios\Documents\Projetos\Copercana\site-copercana\system\CodeIgniter.php(320): CodeIgniter\CodeIgniter->handleRequest(NULL, Object(Config\Cache), false)
#4 D:\Usuarios\Documents\Projetos\Copercana\site-copercana\public\index.php(37): CodeIgniter\CodeIgniter->run()
#5 D:\Usuarios\Documents\Projetos\Copercana\site-copercana\system\Commands\Server\rewrite.php(43): require_once('D:\\Usuarios\\Doc...')
#6 {main}
CRITICAL - 2022-06-06 15:37:19 --> Undefined index: file
#0 D:\Usuarios\Documents\Projetos\Copercana\site-copercana\system\Debug\Toolbar\Collectors\Database.php(142): CodeIgniter\Debug\Exceptions->errorHandler(8, 'Undefined index...', 'D:\\Usuarios\\Doc...', 142, Array)
#1 [internal function]: CodeIgniter\Debug\Toolbar\Collectors\Database::CodeIgniter\Debug\Toolbar\Collectors\{closure}(Array)
#2 D:\Usuarios\Documents\Projetos\Copercana\site-copercana\system\Debug\Toolbar\Collectors\Database.php(166): array_map(Object(Closure), Array)
#3 D:\Usuarios\Documents\Projetos\Copercana\site-copercana\system\Debug\Toolbar\Collectors\BaseCollector.php(224): CodeIgniter\Debug\Toolbar\Collectors\Database->display()
#4 D:\Usuarios\Documents\Projetos\Copercana\site-copercana\system\Debug\Toolbar.php(90): CodeIgniter\Debug\Toolbar\Collectors\BaseCollector->getAsArray()
#5 D:\Usuarios\Documents\Projetos\Copercana\site-copercana\system\Debug\Toolbar.php(368): CodeIgniter\Debug\Toolbar->run(1654540639.2244, 0.1012, Object(CodeIgniter\HTTP\IncomingRequest), Object(CodeIgniter\HTTP\RedirectResponse))
#6 D:\Usuarios\Documents\Projetos\Copercana\site-copercana\system\Filters\DebugToolbar.php(40): CodeIgniter\Debug\Toolbar->prepare(Object(CodeIgniter\HTTP\IncomingRequest), Object(CodeIgniter\HTTP\RedirectResponse))
#7 D:\Usuarios\Documents\Projetos\Copercana\site-copercana\system\Filters\Filters.php(196): CodeIgniter\Filters\DebugToolbar->after(Object(CodeIgniter\HTTP\IncomingRequest), Object(CodeIgniter\HTTP\RedirectResponse), NULL)
#8 D:\Usuarios\Documents\Projetos\Copercana\site-copercana\system\CodeIgniter.php(429): CodeIgniter\Filters\Filters->run('admin/pages/del...', 'after')
#9 D:\Usuarios\Documents\Projetos\Copercana\site-copercana\system\CodeIgniter.php(320): CodeIgniter\CodeIgniter->handleRequest(NULL, Object(Config\Cache), false)
#10 D:\Usuarios\Documents\Projetos\Copercana\site-copercana\public\index.php(37): CodeIgniter\CodeIgniter->run()
#11 D:\Usuarios\Documents\Projetos\Copercana\site-copercana\system\Commands\Server\rewrite.php(43): require_once('D:\\Usuarios\\Doc...')
#12 {main}
CRITICAL - 2022-06-06 15:54:29 --> Argument 2 passed to form_input() must be of the type string, null given, called in D:\Usuarios\Documents\Projetos\Copercana\site-copercana\app\Views\admin\pages\feira.php on line 84
#0 D:\Usuarios\Documents\Projetos\Copercana\site-copercana\app\Views\admin\pages\feira.php(84): form_input(Array, NULL, Array)
#1 D:\Usuarios\Documents\Projetos\Copercana\site-copercana\system\View\View.php(210): include('D:\\Usuarios\\Doc...')
#2 D:\Usuarios\Documents\Projetos\Copercana\site-copercana\system\View\View.php(213): CodeIgniter\View\View->CodeIgniter\View\{closure}()
#3 D:\Usuarios\Documents\Projetos\Copercana\site-copercana\system\Common.php(1089): CodeIgniter\View\View->render('admin/pages/fei...', Array, true)
#4 D:\Usuarios\Documents\Projetos\Copercana\site-copercana\app\Controllers\Admin_Pages.php(76): view('admin/pages/fei...', Array)
#5 D:\Usuarios\Documents\Projetos\Copercana\site-copercana\system\CodeIgniter.php(825): App\Controllers\Admin_Pages->feira()
#6 D:\Usuarios\Documents\Projetos\Copercana\site-copercana\system\CodeIgniter.php(412): CodeIgniter\CodeIgniter->runController(Object(App\Controllers\Admin_Pages))
#7 D:\Usuarios\Documents\Projetos\Copercana\site-copercana\system\CodeIgniter.php(320): CodeIgniter\CodeIgniter->handleRequest(NULL, Object(Config\Cache), false)
#8 D:\Usuarios\Documents\Projetos\Copercana\site-copercana\public\index.php(37): CodeIgniter\CodeIgniter->run()
#9 D:\Usuarios\Documents\Projetos\Copercana\site-copercana\system\Commands\Server\rewrite.php(43): require_once('D:\\Usuarios\\Doc...')
#10 {main}
CRITICAL - 2022-06-06 15:54:41 --> Trying to get property 'first_section_title' of non-object
#0 D:\Usuarios\Documents\Projetos\Copercana\site-copercana\app\Views\admin\pages\feira.php(62): CodeIgniter\Debug\Exceptions->errorHandler(8, 'Trying to get p...', 'D:\\Usuarios\\Doc...', 62, Array)
#1 D:\Usuarios\Documents\Projetos\Copercana\site-copercana\system\View\View.php(210): include('D:\\Usuarios\\Doc...')
#2 D:\Usuarios\Documents\Projetos\Copercana\site-copercana\system\View\View.php(213): CodeIgniter\View\View->CodeIgniter\View\{closure}()
#3 D:\Usuarios\Documents\Projetos\Copercana\site-copercana\system\Common.php(1089): CodeIgniter\View\View->render('admin/pages/fei...', Array, true)
#4 D:\Usuarios\Documents\Projetos\Copercana\site-copercana\app\Controllers\Admin_Pages.php(76): view('admin/pages/fei...', Array)
#5 D:\Usuarios\Documents\Projetos\Copercana\site-copercana\system\CodeIgniter.php(825): App\Controllers\Admin_Pages->feira()
#6 D:\Usuarios\Documents\Projetos\Copercana\site-copercana\system\CodeIgniter.php(412): CodeIgniter\CodeIgniter->runController(Object(App\Controllers\Admin_Pages))
#7 D:\Usuarios\Documents\Projetos\Copercana\site-copercana\system\CodeIgniter.php(320): CodeIgniter\CodeIgniter->handleRequest(NULL, Object(Config\Cache), false)
#8 D:\Usuarios\Documents\Projetos\Copercana\site-copercana\public\index.php(37): CodeIgniter\CodeIgniter->run()
#9 D:\Usuarios\Documents\Projetos\Copercana\site-copercana\system\Commands\Server\rewrite.php(43): require_once('D:\\Usuarios\\Doc...')
#10 {main}
CRITICAL - 2022-06-06 16:39:24 --> syntax error, unexpected '']'' (T_CONSTANT_ENCAPSED_STRING), expecting ']'
#0 D:\Usuarios\Documents\Projetos\Copercana\site-copercana\system\Autoloader\Autoloader.php(241): CodeIgniter\Autoloader\Autoloader->includeFile('D:\\Usuarios\\Doc...')
#1 D:\Usuarios\Documents\Projetos\Copercana\site-copercana\system\Autoloader\Autoloader.php(219): CodeIgniter\Autoloader\Autoloader->loadInNamespace('App\\Controllers...')
#2 [internal function]: CodeIgniter\Autoloader\Autoloader->loadClass('App\\Controllers...')
#3 [internal function]: spl_autoload_call('App\\Controllers...')
#4 D:\Usuarios\Documents\Projetos\Copercana\site-copercana\system\CodeIgniter.php(790): class_exists('\\App\\Controller...', true)
#5 D:\Usuarios\Documents\Projetos\Copercana\site-copercana\system\CodeIgniter.php(399): CodeIgniter\CodeIgniter->startController()
#6 D:\Usuarios\Documents\Projetos\Copercana\site-copercana\system\CodeIgniter.php(320): CodeIgniter\CodeIgniter->handleRequest(NULL, Object(Config\Cache), false)
#7 D:\Usuarios\Documents\Projetos\Copercana\site-copercana\public\index.php(37): CodeIgniter\CodeIgniter->run()
#8 D:\Usuarios\Documents\Projetos\Copercana\site-copercana\system\Commands\Server\rewrite.php(43): require_once('D:\\Usuarios\\Doc...')
#9 {main}
CRITICAL - 2022-06-06 18:00:39 --> syntax error, unexpected '}', expecting end of file
#0 D:\Usuarios\Documents\Projetos\Copercana\site-copercana\system\View\View.php(213): CodeIgniter\View\View->CodeIgniter\View\{closure}()
#1 D:\Usuarios\Documents\Projetos\Copercana\site-copercana\system\Common.php(1089): CodeIgniter\View\View->render('feira', Array, true)
#2 D:\Usuarios\Documents\Projetos\Copercana\site-copercana\app\Controllers\Home.php(205): view('feira', Array)
#3 D:\Usuarios\Documents\Projetos\Copercana\site-copercana\system\CodeIgniter.php(825): App\Controllers\Home->feira()
#4 D:\Usuarios\Documents\Projetos\Copercana\site-copercana\system\CodeIgniter.php(412): CodeIgniter\CodeIgniter->runController(Object(App\Controllers\Home))
#5 D:\Usuarios\Documents\Projetos\Copercana\site-copercana\system\CodeIgniter.php(320): CodeIgniter\CodeIgniter->handleRequest(NULL, Object(Config\Cache), false)
#6 D:\Usuarios\Documents\Projetos\Copercana\site-copercana\public\index.php(37): CodeIgniter\CodeIgniter->run()
#7 D:\Usuarios\Documents\Projetos\Copercana\site-copercana\system\Commands\Server\rewrite.php(43): require_once('D:\\Usuarios\\Doc...')
#8 {main}
