CRITICAL - 2022-06-26 13:34:51 --> Não é possível salvar a imagem. Por favor, certifique-se de que a imagem e o diretório de arquivos são graváveis.
#0 /home/agronegocioscopercana/agronegocioscopercana.com.br/system/Images/Handlers/GDHandler.php(255): CodeIgniter\Images\Exceptions\ImageException::forSaveFailed()
#1 /home/agronegocioscopercana/agronegocioscopercana.com.br/app/Controllers/Admin_Post.php(98): CodeIgniter\Images\Handlers\GDHandler->save()
#2 /home/agronegocioscopercana/agronegocioscopercana.com.br/system/CodeIgniter.php(825): App\Controllers\Admin_Post->add_post()
#3 /home/agronegocioscopercana/agronegocioscopercana.com.br/system/CodeIgniter.php(412): CodeIgniter\CodeIgniter->runController()
#4 /home/agronegocioscopercana/agronegocioscopercana.com.br/system/CodeIgniter.php(320): CodeIgniter\CodeIgniter->handleRequest()
#5 /home/agronegocioscopercana/agronegocioscopercana.com.br/public_html/index.php(37): CodeIgniter\CodeIgniter->run()
#6 {main}
CRITICAL - 2022-06-26 13:35:13 --> Não é possível salvar a imagem. Por favor, certifique-se de que a imagem e o diretório de arquivos são graváveis.
#0 /home/agronegocioscopercana/agronegocioscopercana.com.br/system/Images/Handlers/GDHandler.php(255): CodeIgniter\Images\Exceptions\ImageException::forSaveFailed()
#1 /home/agronegocioscopercana/agronegocioscopercana.com.br/app/Controllers/Admin_Post.php(98): CodeIgniter\Images\Handlers\GDHandler->save()
#2 /home/agronegocioscopercana/agronegocioscopercana.com.br/system/CodeIgniter.php(825): App\Controllers\Admin_Post->add_post()
#3 /home/agronegocioscopercana/agronegocioscopercana.com.br/system/CodeIgniter.php(412): CodeIgniter\CodeIgniter->runController()
#4 /home/agronegocioscopercana/agronegocioscopercana.com.br/system/CodeIgniter.php(320): CodeIgniter\CodeIgniter->handleRequest()
#5 /home/agronegocioscopercana/agronegocioscopercana.com.br/public_html/index.php(37): CodeIgniter\CodeIgniter->run()
#6 {main}
CRITICAL - 2022-06-26 13:39:26 --> Não é possível salvar a imagem. Por favor, certifique-se de que a imagem e o diretório de arquivos são graváveis.
#0 /home/agronegocioscopercana/agronegocioscopercana.com.br/system/Images/Handlers/GDHandler.php(255): CodeIgniter\Images\Exceptions\ImageException::forSaveFailed()
#1 /home/agronegocioscopercana/agronegocioscopercana.com.br/app/Controllers/Admin_Post.php(98): CodeIgniter\Images\Handlers\GDHandler->save()
#2 /home/agronegocioscopercana/agronegocioscopercana.com.br/system/CodeIgniter.php(825): App\Controllers\Admin_Post->add_post()
#3 /home/agronegocioscopercana/agronegocioscopercana.com.br/system/CodeIgniter.php(412): CodeIgniter\CodeIgniter->runController()
#4 /home/agronegocioscopercana/agronegocioscopercana.com.br/system/CodeIgniter.php(320): CodeIgniter\CodeIgniter->handleRequest()
#5 /home/agronegocioscopercana/agronegocioscopercana.com.br/public_html/index.php(37): CodeIgniter\CodeIgniter->run()
#6 {main}
CRITICAL - 2022-06-26 13:39:43 --> Não é possível salvar a imagem. Por favor, certifique-se de que a imagem e o diretório de arquivos são graváveis.
#0 /home/agronegocioscopercana/agronegocioscopercana.com.br/system/Images/Handlers/GDHandler.php(255): CodeIgniter\Images\Exceptions\ImageException::forSaveFailed()
#1 /home/agronegocioscopercana/agronegocioscopercana.com.br/app/Controllers/Admin_Post.php(98): CodeIgniter\Images\Handlers\GDHandler->save()
#2 /home/agronegocioscopercana/agronegocioscopercana.com.br/system/CodeIgniter.php(825): App\Controllers\Admin_Post->add_post()
#3 /home/agronegocioscopercana/agronegocioscopercana.com.br/system/CodeIgniter.php(412): CodeIgniter\CodeIgniter->runController()
#4 /home/agronegocioscopercana/agronegocioscopercana.com.br/system/CodeIgniter.php(320): CodeIgniter\CodeIgniter->handleRequest()
#5 /home/agronegocioscopercana/agronegocioscopercana.com.br/public_html/index.php(37): CodeIgniter\CodeIgniter->run()
#6 {main}
CRITICAL - 2022-06-26 13:39:51 --> Não é possível salvar a imagem. Por favor, certifique-se de que a imagem e o diretório de arquivos são graváveis.
#0 /home/agronegocioscopercana/agronegocioscopercana.com.br/system/Images/Handlers/GDHandler.php(255): CodeIgniter\Images\Exceptions\ImageException::forSaveFailed()
#1 /home/agronegocioscopercana/agronegocioscopercana.com.br/app/Controllers/Admin_Post.php(98): CodeIgniter\Images\Handlers\GDHandler->save()
#2 /home/agronegocioscopercana/agronegocioscopercana.com.br/system/CodeIgniter.php(825): App\Controllers\Admin_Post->add_post()
#3 /home/agronegocioscopercana/agronegocioscopercana.com.br/system/CodeIgniter.php(412): CodeIgniter\CodeIgniter->runController()
#4 /home/agronegocioscopercana/agronegocioscopercana.com.br/system/CodeIgniter.php(320): CodeIgniter\CodeIgniter->handleRequest()
#5 /home/agronegocioscopercana/agronegocioscopercana.com.br/public_html/index.php(37): CodeIgniter\CodeIgniter->run()
#6 {main}
CRITICAL - 2022-06-26 13:42:01 --> Não é possível salvar a imagem. Por favor, certifique-se de que a imagem e o diretório de arquivos são graváveis.
#0 /home/agronegocioscopercana/agronegocioscopercana.com.br/system/Images/Handlers/GDHandler.php(255): CodeIgniter\Images\Exceptions\ImageException::forSaveFailed()
#1 /home/agronegocioscopercana/agronegocioscopercana.com.br/app/Controllers/Admin_Post.php(98): CodeIgniter\Images\Handlers\GDHandler->save()
#2 /home/agronegocioscopercana/agronegocioscopercana.com.br/system/CodeIgniter.php(825): App\Controllers\Admin_Post->add_post()
#3 /home/agronegocioscopercana/agronegocioscopercana.com.br/system/CodeIgniter.php(412): CodeIgniter\CodeIgniter->runController()
#4 /home/agronegocioscopercana/agronegocioscopercana.com.br/system/CodeIgniter.php(320): CodeIgniter\CodeIgniter->handleRequest()
#5 /home/agronegocioscopercana/agronegocioscopercana.com.br/public_html/index.php(37): CodeIgniter\CodeIgniter->run()
#6 {main}
CRITICAL - 2022-06-26 13:42:12 --> Não é possível salvar a imagem. Por favor, certifique-se de que a imagem e o diretório de arquivos são graváveis.
#0 /home/agronegocioscopercana/agronegocioscopercana.com.br/system/Images/Handlers/GDHandler.php(255): CodeIgniter\Images\Exceptions\ImageException::forSaveFailed()
#1 /home/agronegocioscopercana/agronegocioscopercana.com.br/app/Controllers/Admin_Post.php(98): CodeIgniter\Images\Handlers\GDHandler->save()
#2 /home/agronegocioscopercana/agronegocioscopercana.com.br/system/CodeIgniter.php(825): App\Controllers\Admin_Post->add_post()
#3 /home/agronegocioscopercana/agronegocioscopercana.com.br/system/CodeIgniter.php(412): CodeIgniter\CodeIgniter->runController()
#4 /home/agronegocioscopercana/agronegocioscopercana.com.br/system/CodeIgniter.php(320): CodeIgniter\CodeIgniter->handleRequest()
#5 /home/agronegocioscopercana/agronegocioscopercana.com.br/public_html/index.php(37): CodeIgniter\CodeIgniter->run()
#6 {main}
CRITICAL - 2022-06-26 13:42:24 --> Não é possível salvar a imagem. Por favor, certifique-se de que a imagem e o diretório de arquivos são graváveis.
#0 /home/agronegocioscopercana/agronegocioscopercana.com.br/system/Images/Handlers/GDHandler.php(255): CodeIgniter\Images\Exceptions\ImageException::forSaveFailed()
#1 /home/agronegocioscopercana/agronegocioscopercana.com.br/app/Controllers/Admin_Post.php(98): CodeIgniter\Images\Handlers\GDHandler->save()
#2 /home/agronegocioscopercana/agronegocioscopercana.com.br/system/CodeIgniter.php(825): App\Controllers\Admin_Post->add_post()
#3 /home/agronegocioscopercana/agronegocioscopercana.com.br/system/CodeIgniter.php(412): CodeIgniter\CodeIgniter->runController()
#4 /home/agronegocioscopercana/agronegocioscopercana.com.br/system/CodeIgniter.php(320): CodeIgniter\CodeIgniter->handleRequest()
#5 /home/agronegocioscopercana/agronegocioscopercana.com.br/public_html/index.php(37): CodeIgniter\CodeIgniter->run()
#6 {main}
CRITICAL - 2022-06-26 13:56:57 --> Não é possível salvar a imagem. Por favor, certifique-se de que a imagem e o diretório de arquivos são graváveis.
#0 /home/agronegocioscopercana/agronegocioscopercana.com.br/system/Images/Handlers/GDHandler.php(255): CodeIgniter\Images\Exceptions\ImageException::forSaveFailed()
#1 /home/agronegocioscopercana/agronegocioscopercana.com.br/app/Controllers/Admin_Post.php(98): CodeIgniter\Images\Handlers\GDHandler->save()
#2 /home/agronegocioscopercana/agronegocioscopercana.com.br/system/CodeIgniter.php(825): App\Controllers\Admin_Post->add_post()
#3 /home/agronegocioscopercana/agronegocioscopercana.com.br/system/CodeIgniter.php(412): CodeIgniter\CodeIgniter->runController()
#4 /home/agronegocioscopercana/agronegocioscopercana.com.br/system/CodeIgniter.php(320): CodeIgniter\CodeIgniter->handleRequest()
#5 /home/agronegocioscopercana/agronegocioscopercana.com.br/public_html/index.php(37): CodeIgniter\CodeIgniter->run()
#6 {main}
