CRITICAL - 2023-02-09 19:08:36 --> Class 'IonAuth\Libraries\IonAuth' not found
#0 D:\Pessoal\Projetos\Repositorio\copercana_site\system\CodeIgniter.php(802): App\Controllers\Admin->__construct()
#1 D:\Pessoal\Projetos\Repositorio\copercana_site\system\CodeIgniter.php(403): CodeIgniter\CodeIgniter->createController()
#2 D:\Pessoal\Projetos\Repositorio\copercana_site\system\CodeIgniter.php(320): CodeIgniter\CodeIgniter->handleRequest(NULL, Object(Config\Cache), false)
#3 D:\Pessoal\Projetos\Repositorio\copercana_site\public_html\index.php(37): CodeIgniter\CodeIgniter->run()
#4 D:\Pessoal\Projetos\Repositorio\copercana_site\system\Commands\Server\rewrite.php(43): require_once('D:\\Pessoal\\Proj...')
#5 {main}
CRITICAL - 2023-02-09 19:29:48 --> Undefined property: stdClass::$intro_mobile_section_banner
#0 D:\Pessoal\Projetos\Repositorio\copercana_site\app\Views\copercana-60-anos.php(5): CodeIgniter\Debug\Exceptions->errorHandler(8, 'Undefined prope...', 'D:\\Pessoal\\Proj...', 5, Array)
#1 D:\Pessoal\Projetos\Repositorio\copercana_site\system\View\View.php(210): include('D:\\Pessoal\\Proj...')
#2 D:\Pessoal\Projetos\Repositorio\copercana_site\system\View\View.php(213): CodeIgniter\View\View->CodeIgniter\View\{closure}()
#3 D:\Pessoal\Projetos\Repositorio\copercana_site\system\Common.php(1089): CodeIgniter\View\View->render('copercana-60-an...', Array, true)
#4 D:\Pessoal\Projetos\Repositorio\copercana_site\app\Controllers\Home.php(1520): view('copercana-60-an...', Array)
#5 D:\Pessoal\Projetos\Repositorio\copercana_site\system\CodeIgniter.php(825): App\Controllers\Home->copercana_60_anos()
#6 D:\Pessoal\Projetos\Repositorio\copercana_site\system\CodeIgniter.php(412): CodeIgniter\CodeIgniter->runController(Object(App\Controllers\Home))
#7 D:\Pessoal\Projetos\Repositorio\copercana_site\system\CodeIgniter.php(320): CodeIgniter\CodeIgniter->handleRequest(NULL, Object(Config\Cache), false)
#8 D:\Pessoal\Projetos\Repositorio\copercana_site\public_html\index.php(37): CodeIgniter\CodeIgniter->run()
#9 D:\Pessoal\Projetos\Repositorio\copercana_site\system\Commands\Server\rewrite.php(43): require_once('D:\\Pessoal\\Proj...')
#10 {main}
CRITICAL - 2023-02-09 19:29:56 --> Undefined property: stdClass::$intro_section_mobile_banner
#0 D:\Pessoal\Projetos\Repositorio\copercana_site\app\Views\copercana-60-anos.php(5): CodeIgniter\Debug\Exceptions->errorHandler(8, 'Undefined prope...', 'D:\\Pessoal\\Proj...', 5, Array)
#1 D:\Pessoal\Projetos\Repositorio\copercana_site\system\View\View.php(210): include('D:\\Pessoal\\Proj...')
#2 D:\Pessoal\Projetos\Repositorio\copercana_site\system\View\View.php(213): CodeIgniter\View\View->CodeIgniter\View\{closure}()
#3 D:\Pessoal\Projetos\Repositorio\copercana_site\system\Common.php(1089): CodeIgniter\View\View->render('copercana-60-an...', Array, true)
#4 D:\Pessoal\Projetos\Repositorio\copercana_site\app\Controllers\Home.php(1520): view('copercana-60-an...', Array)
#5 D:\Pessoal\Projetos\Repositorio\copercana_site\system\CodeIgniter.php(825): App\Controllers\Home->copercana_60_anos()
#6 D:\Pessoal\Projetos\Repositorio\copercana_site\system\CodeIgniter.php(412): CodeIgniter\CodeIgniter->runController(Object(App\Controllers\Home))
#7 D:\Pessoal\Projetos\Repositorio\copercana_site\system\CodeIgniter.php(320): CodeIgniter\CodeIgniter->handleRequest(NULL, Object(Config\Cache), false)
#8 D:\Pessoal\Projetos\Repositorio\copercana_site\public_html\index.php(37): CodeIgniter\CodeIgniter->run()
#9 D:\Pessoal\Projetos\Repositorio\copercana_site\system\Commands\Server\rewrite.php(43): require_once('D:\\Pessoal\\Proj...')
#10 {main}
CRITICAL - 2023-02-09 19:48:11 --> Call to undefined function sset()
#0 D:\Pessoal\Projetos\Repositorio\copercana_site\system\View\View.php(210): include()
#1 D:\Pessoal\Projetos\Repositorio\copercana_site\system\View\View.php(213): CodeIgniter\View\View->CodeIgniter\View\{closure}()
#2 D:\Pessoal\Projetos\Repositorio\copercana_site\system\Common.php(1089): CodeIgniter\View\View->render('copercana-60-an...', Array, true)
#3 D:\Pessoal\Projetos\Repositorio\copercana_site\app\Controllers\Home.php(1520): view('copercana-60-an...', Array)
#4 D:\Pessoal\Projetos\Repositorio\copercana_site\system\CodeIgniter.php(825): App\Controllers\Home->copercana_60_anos()
#5 D:\Pessoal\Projetos\Repositorio\copercana_site\system\CodeIgniter.php(412): CodeIgniter\CodeIgniter->runController(Object(App\Controllers\Home))
#6 D:\Pessoal\Projetos\Repositorio\copercana_site\system\CodeIgniter.php(320): CodeIgniter\CodeIgniter->handleRequest(NULL, Object(Config\Cache), false)
#7 D:\Pessoal\Projetos\Repositorio\copercana_site\public_html\index.php(37): CodeIgniter\CodeIgniter->run()
#8 D:\Pessoal\Projetos\Repositorio\copercana_site\system\Commands\Server\rewrite.php(43): require_once('D:\\Pessoal\\Proj...')
#9 {main}
CRITICAL - 2023-02-09 19:48:13 --> Call to undefined function sset()
#0 D:\Pessoal\Projetos\Repositorio\copercana_site\system\View\View.php(210): include()
#1 D:\Pessoal\Projetos\Repositorio\copercana_site\system\View\View.php(213): CodeIgniter\View\View->CodeIgniter\View\{closure}()
#2 D:\Pessoal\Projetos\Repositorio\copercana_site\system\Common.php(1089): CodeIgniter\View\View->render('copercana-60-an...', Array, true)
#3 D:\Pessoal\Projetos\Repositorio\copercana_site\app\Controllers\Home.php(1520): view('copercana-60-an...', Array)
#4 D:\Pessoal\Projetos\Repositorio\copercana_site\system\CodeIgniter.php(825): App\Controllers\Home->copercana_60_anos()
#5 D:\Pessoal\Projetos\Repositorio\copercana_site\system\CodeIgniter.php(412): CodeIgniter\CodeIgniter->runController(Object(App\Controllers\Home))
#6 D:\Pessoal\Projetos\Repositorio\copercana_site\system\CodeIgniter.php(320): CodeIgniter\CodeIgniter->handleRequest(NULL, Object(Config\Cache), false)
#7 D:\Pessoal\Projetos\Repositorio\copercana_site\public_html\index.php(37): CodeIgniter\CodeIgniter->run()
#8 D:\Pessoal\Projetos\Repositorio\copercana_site\system\Commands\Server\rewrite.php(43): require_once('D:\\Pessoal\\Proj...')
#9 {main}
CRITICAL - 2023-02-09 19:48:18 --> Call to undefined function sset()
#0 D:\Pessoal\Projetos\Repositorio\copercana_site\system\View\View.php(210): include()
#1 D:\Pessoal\Projetos\Repositorio\copercana_site\system\View\View.php(213): CodeIgniter\View\View->CodeIgniter\View\{closure}()
#2 D:\Pessoal\Projetos\Repositorio\copercana_site\system\Common.php(1089): CodeIgniter\View\View->render('copercana-60-an...', Array, true)
#3 D:\Pessoal\Projetos\Repositorio\copercana_site\app\Controllers\Home.php(1520): view('copercana-60-an...', Array)
#4 D:\Pessoal\Projetos\Repositorio\copercana_site\system\CodeIgniter.php(825): App\Controllers\Home->copercana_60_anos()
#5 D:\Pessoal\Projetos\Repositorio\copercana_site\system\CodeIgniter.php(412): CodeIgniter\CodeIgniter->runController(Object(App\Controllers\Home))
#6 D:\Pessoal\Projetos\Repositorio\copercana_site\system\CodeIgniter.php(320): CodeIgniter\CodeIgniter->handleRequest(NULL, Object(Config\Cache), false)
#7 D:\Pessoal\Projetos\Repositorio\copercana_site\public_html\index.php(37): CodeIgniter\CodeIgniter->run()
#8 D:\Pessoal\Projetos\Repositorio\copercana_site\system\Commands\Server\rewrite.php(43): require_once('D:\\Pessoal\\Proj...')
#9 {main}
CRITICAL - 2023-02-09 19:57:52 --> Undefined property: stdClass::$about_us_section_title
#0 D:\Pessoal\Projetos\Repositorio\copercana_site\app\Views\copercana-60-anos.php(54): CodeIgniter\Debug\Exceptions->errorHandler(8, 'Undefined prope...', 'D:\\Pessoal\\Proj...', 54, Array)
#1 D:\Pessoal\Projetos\Repositorio\copercana_site\system\View\View.php(210): include('D:\\Pessoal\\Proj...')
#2 D:\Pessoal\Projetos\Repositorio\copercana_site\system\View\View.php(213): CodeIgniter\View\View->CodeIgniter\View\{closure}()
#3 D:\Pessoal\Projetos\Repositorio\copercana_site\system\Common.php(1089): CodeIgniter\View\View->render('copercana-60-an...', Array, true)
#4 D:\Pessoal\Projetos\Repositorio\copercana_site\app\Controllers\Home.php(1520): view('copercana-60-an...', Array)
#5 D:\Pessoal\Projetos\Repositorio\copercana_site\system\CodeIgniter.php(825): App\Controllers\Home->copercana_60_anos()
#6 D:\Pessoal\Projetos\Repositorio\copercana_site\system\CodeIgniter.php(412): CodeIgniter\CodeIgniter->runController(Object(App\Controllers\Home))
#7 D:\Pessoal\Projetos\Repositorio\copercana_site\system\CodeIgniter.php(320): CodeIgniter\CodeIgniter->handleRequest(NULL, Object(Config\Cache), false)
#8 D:\Pessoal\Projetos\Repositorio\copercana_site\public_html\index.php(37): CodeIgniter\CodeIgniter->run()
#9 D:\Pessoal\Projetos\Repositorio\copercana_site\system\Commands\Server\rewrite.php(43): require_once('D:\\Pessoal\\Proj...')
#10 {main}
CRITICAL - 2023-02-09 20:48:59 --> Não é possível salvar a imagem. Por favor, certifique-se de que a imagem e o diretório de arquivos são graváveis.
#0 D:\Pessoal\Projetos\Repositorio\copercana_site\system\Images\Handlers\GDHandler.php(245): CodeIgniter\Images\Exceptions\ImageException::forSaveFailed()
#1 D:\Pessoal\Projetos\Repositorio\copercana_site\app\Controllers\Admin_Events_Galleries.php(335): CodeIgniter\Images\Handlers\GDHandler->save('D:\\Pessoal\\Proj...')
#2 D:\Pessoal\Projetos\Repositorio\copercana_site\system\CodeIgniter.php(825): App\Controllers\Admin_Events_Galleries->update_gallery('2')
#3 D:\Pessoal\Projetos\Repositorio\copercana_site\system\CodeIgniter.php(412): CodeIgniter\CodeIgniter->runController(Object(App\Controllers\Admin_Events_Galleries))
#4 D:\Pessoal\Projetos\Repositorio\copercana_site\system\CodeIgniter.php(320): CodeIgniter\CodeIgniter->handleRequest(NULL, Object(Config\Cache), false)
#5 D:\Pessoal\Projetos\Repositorio\copercana_site\public_html\index.php(37): CodeIgniter\CodeIgniter->run()
#6 D:\Pessoal\Projetos\Repositorio\copercana_site\system\Commands\Server\rewrite.php(43): require_once('D:\\Pessoal\\Proj...')
#7 {main}
CRITICAL - 2023-02-09 20:54:10 --> Call to a member function get_all() on null
#0 D:\Pessoal\Projetos\Repositorio\copercana_site\system\CodeIgniter.php(825): App\Controllers\Home->copercana_60_anos()
#1 D:\Pessoal\Projetos\Repositorio\copercana_site\system\CodeIgniter.php(412): CodeIgniter\CodeIgniter->runController(Object(App\Controllers\Home))
#2 D:\Pessoal\Projetos\Repositorio\copercana_site\system\CodeIgniter.php(320): CodeIgniter\CodeIgniter->handleRequest(NULL, Object(Config\Cache), false)
#3 D:\Pessoal\Projetos\Repositorio\copercana_site\public_html\index.php(37): CodeIgniter\CodeIgniter->run()
#4 D:\Pessoal\Projetos\Repositorio\copercana_site\system\Commands\Server\rewrite.php(43): require_once('D:\\Pessoal\\Proj...')
#5 {main}
CRITICAL - 2023-02-09 20:54:38 --> Call to a member function get_all() on null
#0 D:\Pessoal\Projetos\Repositorio\copercana_site\system\CodeIgniter.php(825): App\Controllers\Home->centro_eventos()
#1 D:\Pessoal\Projetos\Repositorio\copercana_site\system\CodeIgniter.php(412): CodeIgniter\CodeIgniter->runController(Object(App\Controllers\Home))
#2 D:\Pessoal\Projetos\Repositorio\copercana_site\system\CodeIgniter.php(320): CodeIgniter\CodeIgniter->handleRequest(NULL, Object(Config\Cache), false)
#3 D:\Pessoal\Projetos\Repositorio\copercana_site\public_html\index.php(37): CodeIgniter\CodeIgniter->run()
#4 D:\Pessoal\Projetos\Repositorio\copercana_site\system\Commands\Server\rewrite.php(43): require_once('D:\\Pessoal\\Proj...')
#5 {main}
CRITICAL - 2023-02-09 21:03:52 --> You must set the database table to be used with your query.
#0 D:\Pessoal\Projetos\Repositorio\copercana_site\system\Model.php(545): CodeIgniter\Database\BaseConnection->table(NULL)
#1 D:\Pessoal\Projetos\Repositorio\copercana_site\system\Model.php(722): CodeIgniter\Model->builder()
#2 D:\Pessoal\Projetos\Repositorio\copercana_site\app\Controllers\Admin_Galleries.php(66): CodeIgniter\Model->__call('get_next_order', Array)
#3 D:\Pessoal\Projetos\Repositorio\copercana_site\system\CodeIgniter.php(825): App\Controllers\Admin_Galleries->update_gallery('1')
#4 D:\Pessoal\Projetos\Repositorio\copercana_site\system\CodeIgniter.php(412): CodeIgniter\CodeIgniter->runController(Object(App\Controllers\Admin_Galleries))
#5 D:\Pessoal\Projetos\Repositorio\copercana_site\system\CodeIgniter.php(320): CodeIgniter\CodeIgniter->handleRequest(NULL, Object(Config\Cache), false)
#6 D:\Pessoal\Projetos\Repositorio\copercana_site\public_html\index.php(37): CodeIgniter\CodeIgniter->run()
#7 D:\Pessoal\Projetos\Repositorio\copercana_site\system\Commands\Server\rewrite.php(43): require_once('D:\\Pessoal\\Proj...')
#8 {main}
CRITICAL - 2023-02-09 21:04:47 --> You must set the database table to be used with your query.
#0 D:\Pessoal\Projetos\Repositorio\copercana_site\system\Model.php(545): CodeIgniter\Database\BaseConnection->table(NULL)
#1 D:\Pessoal\Projetos\Repositorio\copercana_site\system\Model.php(722): CodeIgniter\Model->builder()
#2 D:\Pessoal\Projetos\Repositorio\copercana_site\app\Controllers\Admin_Galleries.php(66): CodeIgniter\Model->__call('get_next_order', Array)
#3 D:\Pessoal\Projetos\Repositorio\copercana_site\system\CodeIgniter.php(825): App\Controllers\Admin_Galleries->update_gallery('1')
#4 D:\Pessoal\Projetos\Repositorio\copercana_site\system\CodeIgniter.php(412): CodeIgniter\CodeIgniter->runController(Object(App\Controllers\Admin_Galleries))
#5 D:\Pessoal\Projetos\Repositorio\copercana_site\system\CodeIgniter.php(320): CodeIgniter\CodeIgniter->handleRequest(NULL, Object(Config\Cache), false)
#6 D:\Pessoal\Projetos\Repositorio\copercana_site\public_html\index.php(37): CodeIgniter\CodeIgniter->run()
#7 D:\Pessoal\Projetos\Repositorio\copercana_site\system\Commands\Server\rewrite.php(43): require_once('D:\\Pessoal\\Proj...')
#8 {main}
CRITICAL - 2023-02-09 21:05:34 --> You must set the database table to be used with your query.
#0 D:\Pessoal\Projetos\Repositorio\copercana_site\system\Model.php(545): CodeIgniter\Database\BaseConnection->table(NULL)
#1 D:\Pessoal\Projetos\Repositorio\copercana_site\system\Model.php(722): CodeIgniter\Model->builder()
#2 D:\Pessoal\Projetos\Repositorio\copercana_site\app\Controllers\Admin_Galleries.php(66): CodeIgniter\Model->__call('get_next_order', Array)
#3 D:\Pessoal\Projetos\Repositorio\copercana_site\system\CodeIgniter.php(825): App\Controllers\Admin_Galleries->update_gallery('1')
#4 D:\Pessoal\Projetos\Repositorio\copercana_site\system\CodeIgniter.php(412): CodeIgniter\CodeIgniter->runController(Object(App\Controllers\Admin_Galleries))
#5 D:\Pessoal\Projetos\Repositorio\copercana_site\system\CodeIgniter.php(320): CodeIgniter\CodeIgniter->handleRequest(NULL, Object(Config\Cache), false)
#6 D:\Pessoal\Projetos\Repositorio\copercana_site\public_html\index.php(37): CodeIgniter\CodeIgniter->run()
#7 D:\Pessoal\Projetos\Repositorio\copercana_site\system\Commands\Server\rewrite.php(43): require_once('D:\\Pessoal\\Proj...')
#8 {main}
CRITICAL - 2023-02-09 21:06:04 --> You must set the database table to be used with your query.
#0 D:\Pessoal\Projetos\Repositorio\copercana_site\system\Model.php(545): CodeIgniter\Database\BaseConnection->table(NULL)
#1 D:\Pessoal\Projetos\Repositorio\copercana_site\system\Model.php(722): CodeIgniter\Model->builder()
#2 D:\Pessoal\Projetos\Repositorio\copercana_site\app\Controllers\Admin_Galleries.php(66): CodeIgniter\Model->__call('get_next_order', Array)
#3 D:\Pessoal\Projetos\Repositorio\copercana_site\system\CodeIgniter.php(825): App\Controllers\Admin_Galleries->update_gallery('1')
#4 D:\Pessoal\Projetos\Repositorio\copercana_site\system\CodeIgniter.php(412): CodeIgniter\CodeIgniter->runController(Object(App\Controllers\Admin_Galleries))
#5 D:\Pessoal\Projetos\Repositorio\copercana_site\system\CodeIgniter.php(320): CodeIgniter\CodeIgniter->handleRequest(NULL, Object(Config\Cache), false)
#6 D:\Pessoal\Projetos\Repositorio\copercana_site\public_html\index.php(37): CodeIgniter\CodeIgniter->run()
#7 D:\Pessoal\Projetos\Repositorio\copercana_site\system\Commands\Server\rewrite.php(43): require_once('D:\\Pessoal\\Proj...')
#8 {main}
CRITICAL - 2023-02-09 21:06:10 --> You must set the database table to be used with your query.
#0 D:\Pessoal\Projetos\Repositorio\copercana_site\system\Model.php(545): CodeIgniter\Database\BaseConnection->table(NULL)
#1 D:\Pessoal\Projetos\Repositorio\copercana_site\system\Model.php(722): CodeIgniter\Model->builder()
#2 D:\Pessoal\Projetos\Repositorio\copercana_site\app\Controllers\Admin_Galleries.php(66): CodeIgniter\Model->__call('get_next_order', Array)
#3 D:\Pessoal\Projetos\Repositorio\copercana_site\system\CodeIgniter.php(825): App\Controllers\Admin_Galleries->update_gallery('1')
#4 D:\Pessoal\Projetos\Repositorio\copercana_site\system\CodeIgniter.php(412): CodeIgniter\CodeIgniter->runController(Object(App\Controllers\Admin_Galleries))
#5 D:\Pessoal\Projetos\Repositorio\copercana_site\system\CodeIgniter.php(320): CodeIgniter\CodeIgniter->handleRequest(NULL, Object(Config\Cache), false)
#6 D:\Pessoal\Projetos\Repositorio\copercana_site\public_html\index.php(37): CodeIgniter\CodeIgniter->run()
#7 D:\Pessoal\Projetos\Repositorio\copercana_site\system\Commands\Server\rewrite.php(43): require_once('D:\\Pessoal\\Proj...')
#8 {main}
CRITICAL - 2023-02-09 21:06:33 --> You must set the database table to be used with your query.
#0 D:\Pessoal\Projetos\Repositorio\copercana_site\system\Model.php(545): CodeIgniter\Database\BaseConnection->table(NULL)
#1 D:\Pessoal\Projetos\Repositorio\copercana_site\system\Model.php(722): CodeIgniter\Model->builder()
#2 D:\Pessoal\Projetos\Repositorio\copercana_site\app\Controllers\Admin_Galleries.php(66): CodeIgniter\Model->__call('get_next_order', Array)
#3 D:\Pessoal\Projetos\Repositorio\copercana_site\system\CodeIgniter.php(825): App\Controllers\Admin_Galleries->update_gallery('1')
#4 D:\Pessoal\Projetos\Repositorio\copercana_site\system\CodeIgniter.php(412): CodeIgniter\CodeIgniter->runController(Object(App\Controllers\Admin_Galleries))
#5 D:\Pessoal\Projetos\Repositorio\copercana_site\system\CodeIgniter.php(320): CodeIgniter\CodeIgniter->handleRequest(NULL, Object(Config\Cache), false)
#6 D:\Pessoal\Projetos\Repositorio\copercana_site\public_html\index.php(37): CodeIgniter\CodeIgniter->run()
#7 D:\Pessoal\Projetos\Repositorio\copercana_site\system\Commands\Server\rewrite.php(43): require_once('D:\\Pessoal\\Proj...')
#8 {main}
CRITICAL - 2023-02-09 21:06:53 --> You must set the database table to be used with your query.
#0 D:\Pessoal\Projetos\Repositorio\copercana_site\system\Model.php(545): CodeIgniter\Database\BaseConnection->table(NULL)
#1 D:\Pessoal\Projetos\Repositorio\copercana_site\system\Model.php(722): CodeIgniter\Model->builder()
#2 D:\Pessoal\Projetos\Repositorio\copercana_site\app\Controllers\Admin_Galleries.php(66): CodeIgniter\Model->__call('get_next_order', Array)
#3 D:\Pessoal\Projetos\Repositorio\copercana_site\system\CodeIgniter.php(825): App\Controllers\Admin_Galleries->update_gallery('1')
#4 D:\Pessoal\Projetos\Repositorio\copercana_site\system\CodeIgniter.php(412): CodeIgniter\CodeIgniter->runController(Object(App\Controllers\Admin_Galleries))
#5 D:\Pessoal\Projetos\Repositorio\copercana_site\system\CodeIgniter.php(320): CodeIgniter\CodeIgniter->handleRequest(NULL, Object(Config\Cache), false)
#6 D:\Pessoal\Projetos\Repositorio\copercana_site\public_html\index.php(37): CodeIgniter\CodeIgniter->run()
#7 D:\Pessoal\Projetos\Repositorio\copercana_site\system\Commands\Server\rewrite.php(43): require_once('D:\\Pessoal\\Proj...')
#8 {main}
CRITICAL - 2023-02-09 21:07:20 --> Undefined property: stdClass::$cover
#0 D:\Pessoal\Projetos\Repositorio\copercana_site\app\Controllers\Admin_Galleries.php(103): CodeIgniter\Debug\Exceptions->errorHandler(8, 'Undefined prope...', 'D:\\Pessoal\\Proj...', 103, Array)
#1 D:\Pessoal\Projetos\Repositorio\copercana_site\system\CodeIgniter.php(825): App\Controllers\Admin_Galleries->update_gallery('1')
#2 D:\Pessoal\Projetos\Repositorio\copercana_site\system\CodeIgniter.php(412): CodeIgniter\CodeIgniter->runController(Object(App\Controllers\Admin_Galleries))
#3 D:\Pessoal\Projetos\Repositorio\copercana_site\system\CodeIgniter.php(320): CodeIgniter\CodeIgniter->handleRequest(NULL, Object(Config\Cache), false)
#4 D:\Pessoal\Projetos\Repositorio\copercana_site\public_html\index.php(37): CodeIgniter\CodeIgniter->run()
#5 D:\Pessoal\Projetos\Repositorio\copercana_site\system\Commands\Server\rewrite.php(43): require_once('D:\\Pessoal\\Proj...')
#6 {main}
CRITICAL - 2023-02-09 21:08:54 --> Undefined variable: slug
#0 D:\Pessoal\Projetos\Repositorio\copercana_site\app\Controllers\Admin_Galleries.php(94): CodeIgniter\Debug\Exceptions->errorHandler(8, 'Undefined varia...', 'D:\\Pessoal\\Proj...', 94, Array)
#1 D:\Pessoal\Projetos\Repositorio\copercana_site\system\CodeIgniter.php(825): App\Controllers\Admin_Galleries->update_gallery('1')
#2 D:\Pessoal\Projetos\Repositorio\copercana_site\system\CodeIgniter.php(412): CodeIgniter\CodeIgniter->runController(Object(App\Controllers\Admin_Galleries))
#3 D:\Pessoal\Projetos\Repositorio\copercana_site\system\CodeIgniter.php(320): CodeIgniter\CodeIgniter->handleRequest(NULL, Object(Config\Cache), false)
#4 D:\Pessoal\Projetos\Repositorio\copercana_site\public_html\index.php(37): CodeIgniter\CodeIgniter->run()
#5 D:\Pessoal\Projetos\Repositorio\copercana_site\system\Commands\Server\rewrite.php(43): require_once('D:\\Pessoal\\Proj...')
#6 {main}
CRITICAL - 2023-02-09 21:15:46 --> Undefined variable: gallery
#0 D:\Pessoal\Projetos\Repositorio\copercana_site\app\Views\copercana-60-anos.php(142): CodeIgniter\Debug\Exceptions->errorHandler(8, 'Undefined varia...', 'D:\\Pessoal\\Proj...', 142, Array)
#1 D:\Pessoal\Projetos\Repositorio\copercana_site\system\View\View.php(210): include('D:\\Pessoal\\Proj...')
#2 D:\Pessoal\Projetos\Repositorio\copercana_site\system\View\View.php(213): CodeIgniter\View\View->CodeIgniter\View\{closure}()
#3 D:\Pessoal\Projetos\Repositorio\copercana_site\system\Common.php(1089): CodeIgniter\View\View->render('copercana-60-an...', Array, true)
#4 D:\Pessoal\Projetos\Repositorio\copercana_site\app\Controllers\Home.php(1512): view('copercana-60-an...', Array)
#5 D:\Pessoal\Projetos\Repositorio\copercana_site\system\CodeIgniter.php(825): App\Controllers\Home->copercana_60_anos()
#6 D:\Pessoal\Projetos\Repositorio\copercana_site\system\CodeIgniter.php(412): CodeIgniter\CodeIgniter->runController(Object(App\Controllers\Home))
#7 D:\Pessoal\Projetos\Repositorio\copercana_site\system\CodeIgniter.php(320): CodeIgniter\CodeIgniter->handleRequest(NULL, Object(Config\Cache), false)
#8 D:\Pessoal\Projetos\Repositorio\copercana_site\public_html\index.php(37): CodeIgniter\CodeIgniter->run()
#9 D:\Pessoal\Projetos\Repositorio\copercana_site\system\Commands\Server\rewrite.php(43): require_once('D:\\Pessoal\\Proj...')
#10 {main}
CRITICAL - 2023-02-09 21:16:07 --> Undefined variable: agrobusinessGallery
#0 D:\Pessoal\Projetos\Repositorio\copercana_site\app\Views\copercana-60-anos.php(142): CodeIgniter\Debug\Exceptions->errorHandler(8, 'Undefined varia...', 'D:\\Pessoal\\Proj...', 142, Array)
#1 D:\Pessoal\Projetos\Repositorio\copercana_site\system\View\View.php(210): include('D:\\Pessoal\\Proj...')
#2 D:\Pessoal\Projetos\Repositorio\copercana_site\system\View\View.php(213): CodeIgniter\View\View->CodeIgniter\View\{closure}()
#3 D:\Pessoal\Projetos\Repositorio\copercana_site\system\Common.php(1089): CodeIgniter\View\View->render('copercana-60-an...', Array, true)
#4 D:\Pessoal\Projetos\Repositorio\copercana_site\app\Controllers\Home.php(1512): view('copercana-60-an...', Array)
#5 D:\Pessoal\Projetos\Repositorio\copercana_site\system\CodeIgniter.php(825): App\Controllers\Home->copercana_60_anos()
#6 D:\Pessoal\Projetos\Repositorio\copercana_site\system\CodeIgniter.php(412): CodeIgniter\CodeIgniter->runController(Object(App\Controllers\Home))
#7 D:\Pessoal\Projetos\Repositorio\copercana_site\system\CodeIgniter.php(320): CodeIgniter\CodeIgniter->handleRequest(NULL, Object(Config\Cache), false)
#8 D:\Pessoal\Projetos\Repositorio\copercana_site\public_html\index.php(37): CodeIgniter\CodeIgniter->run()
#9 D:\Pessoal\Projetos\Repositorio\copercana_site\system\Commands\Server\rewrite.php(43): require_once('D:\\Pessoal\\Proj...')
#10 {main}
CRITICAL - 2023-02-09 21:16:20 --> Trying to get property 'pictures' of non-object
#0 D:\Pessoal\Projetos\Repositorio\copercana_site\app\Views\copercana-60-anos.php(142): CodeIgniter\Debug\Exceptions->errorHandler(8, 'Trying to get p...', 'D:\\Pessoal\\Proj...', 142, Array)
#1 D:\Pessoal\Projetos\Repositorio\copercana_site\system\View\View.php(210): include('D:\\Pessoal\\Proj...')
#2 D:\Pessoal\Projetos\Repositorio\copercana_site\system\View\View.php(213): CodeIgniter\View\View->CodeIgniter\View\{closure}()
#3 D:\Pessoal\Projetos\Repositorio\copercana_site\system\Common.php(1089): CodeIgniter\View\View->render('copercana-60-an...', Array, true)
#4 D:\Pessoal\Projetos\Repositorio\copercana_site\app\Controllers\Home.php(1512): view('copercana-60-an...', Array)
#5 D:\Pessoal\Projetos\Repositorio\copercana_site\system\CodeIgniter.php(825): App\Controllers\Home->copercana_60_anos()
#6 D:\Pessoal\Projetos\Repositorio\copercana_site\system\CodeIgniter.php(412): CodeIgniter\CodeIgniter->runController(Object(App\Controllers\Home))
#7 D:\Pessoal\Projetos\Repositorio\copercana_site\system\CodeIgniter.php(320): CodeIgniter\CodeIgniter->handleRequest(NULL, Object(Config\Cache), false)
#8 D:\Pessoal\Projetos\Repositorio\copercana_site\public_html\index.php(37): CodeIgniter\CodeIgniter->run()
#9 D:\Pessoal\Projetos\Repositorio\copercana_site\system\Commands\Server\rewrite.php(43): require_once('D:\\Pessoal\\Proj...')
#10 {main}
CRITICAL - 2023-02-09 21:16:25 --> Trying to get property 'pictures' of non-object
#0 D:\Pessoal\Projetos\Repositorio\copercana_site\app\Views\copercana-60-anos.php(142): CodeIgniter\Debug\Exceptions->errorHandler(8, 'Trying to get p...', 'D:\\Pessoal\\Proj...', 142, Array)
#1 D:\Pessoal\Projetos\Repositorio\copercana_site\system\View\View.php(210): include('D:\\Pessoal\\Proj...')
#2 D:\Pessoal\Projetos\Repositorio\copercana_site\system\View\View.php(213): CodeIgniter\View\View->CodeIgniter\View\{closure}()
#3 D:\Pessoal\Projetos\Repositorio\copercana_site\system\Common.php(1089): CodeIgniter\View\View->render('copercana-60-an...', Array, true)
#4 D:\Pessoal\Projetos\Repositorio\copercana_site\app\Controllers\Home.php(1512): view('copercana-60-an...', Array)
#5 D:\Pessoal\Projetos\Repositorio\copercana_site\system\CodeIgniter.php(825): App\Controllers\Home->copercana_60_anos()
#6 D:\Pessoal\Projetos\Repositorio\copercana_site\system\CodeIgniter.php(412): CodeIgniter\CodeIgniter->runController(Object(App\Controllers\Home))
#7 D:\Pessoal\Projetos\Repositorio\copercana_site\system\CodeIgniter.php(320): CodeIgniter\CodeIgniter->handleRequest(NULL, Object(Config\Cache), false)
#8 D:\Pessoal\Projetos\Repositorio\copercana_site\public_html\index.php(37): CodeIgniter\CodeIgniter->run()
#9 D:\Pessoal\Projetos\Repositorio\copercana_site\system\Commands\Server\rewrite.php(43): require_once('D:\\Pessoal\\Proj...')
#10 {main}
CRITICAL - 2023-02-09 21:16:37 --> Undefined index: pictures
#0 D:\Pessoal\Projetos\Repositorio\copercana_site\app\Views\copercana-60-anos.php(142): CodeIgniter\Debug\Exceptions->errorHandler(8, 'Undefined index...', 'D:\\Pessoal\\Proj...', 142, Array)
#1 D:\Pessoal\Projetos\Repositorio\copercana_site\system\View\View.php(210): include('D:\\Pessoal\\Proj...')
#2 D:\Pessoal\Projetos\Repositorio\copercana_site\system\View\View.php(213): CodeIgniter\View\View->CodeIgniter\View\{closure}()
#3 D:\Pessoal\Projetos\Repositorio\copercana_site\system\Common.php(1089): CodeIgniter\View\View->render('copercana-60-an...', Array, true)
#4 D:\Pessoal\Projetos\Repositorio\copercana_site\app\Controllers\Home.php(1512): view('copercana-60-an...', Array)
#5 D:\Pessoal\Projetos\Repositorio\copercana_site\system\CodeIgniter.php(825): App\Controllers\Home->copercana_60_anos()
#6 D:\Pessoal\Projetos\Repositorio\copercana_site\system\CodeIgniter.php(412): CodeIgniter\CodeIgniter->runController(Object(App\Controllers\Home))
#7 D:\Pessoal\Projetos\Repositorio\copercana_site\system\CodeIgniter.php(320): CodeIgniter\CodeIgniter->handleRequest(NULL, Object(Config\Cache), false)
#8 D:\Pessoal\Projetos\Repositorio\copercana_site\public_html\index.php(37): CodeIgniter\CodeIgniter->run()
#9 D:\Pessoal\Projetos\Repositorio\copercana_site\system\Commands\Server\rewrite.php(43): require_once('D:\\Pessoal\\Proj...')
#10 {main}
CRITICAL - 2023-02-09 21:17:23 --> Undefined index: pictures
#0 D:\Pessoal\Projetos\Repositorio\copercana_site\app\Views\copercana-60-anos.php(142): CodeIgniter\Debug\Exceptions->errorHandler(8, 'Undefined index...', 'D:\\Pessoal\\Proj...', 142, Array)
#1 D:\Pessoal\Projetos\Repositorio\copercana_site\system\View\View.php(210): include('D:\\Pessoal\\Proj...')
#2 D:\Pessoal\Projetos\Repositorio\copercana_site\system\View\View.php(213): CodeIgniter\View\View->CodeIgniter\View\{closure}()
#3 D:\Pessoal\Projetos\Repositorio\copercana_site\system\Common.php(1089): CodeIgniter\View\View->render('copercana-60-an...', Array, true)
#4 D:\Pessoal\Projetos\Repositorio\copercana_site\app\Controllers\Home.php(1512): view('copercana-60-an...', Array)
#5 D:\Pessoal\Projetos\Repositorio\copercana_site\system\CodeIgniter.php(825): App\Controllers\Home->copercana_60_anos()
#6 D:\Pessoal\Projetos\Repositorio\copercana_site\system\CodeIgniter.php(412): CodeIgniter\CodeIgniter->runController(Object(App\Controllers\Home))
#7 D:\Pessoal\Projetos\Repositorio\copercana_site\system\CodeIgniter.php(320): CodeIgniter\CodeIgniter->handleRequest(NULL, Object(Config\Cache), false)
#8 D:\Pessoal\Projetos\Repositorio\copercana_site\public_html\index.php(37): CodeIgniter\CodeIgniter->run()
#9 D:\Pessoal\Projetos\Repositorio\copercana_site\system\Commands\Server\rewrite.php(43): require_once('D:\\Pessoal\\Proj...')
#10 {main}
CRITICAL - 2023-02-09 21:18:31 --> Undefined property: stdClass::$cover
#0 D:\Pessoal\Projetos\Repositorio\copercana_site\app\Views\copercana-60-anos.php(144): CodeIgniter\Debug\Exceptions->errorHandler(8, 'Undefined prope...', 'D:\\Pessoal\\Proj...', 144, Array)
#1 D:\Pessoal\Projetos\Repositorio\copercana_site\system\View\View.php(210): include('D:\\Pessoal\\Proj...')
#2 D:\Pessoal\Projetos\Repositorio\copercana_site\system\View\View.php(213): CodeIgniter\View\View->CodeIgniter\View\{closure}()
#3 D:\Pessoal\Projetos\Repositorio\copercana_site\system\Common.php(1089): CodeIgniter\View\View->render('copercana-60-an...', Array, true)
#4 D:\Pessoal\Projetos\Repositorio\copercana_site\app\Controllers\Home.php(1512): view('copercana-60-an...', Array)
#5 D:\Pessoal\Projetos\Repositorio\copercana_site\system\CodeIgniter.php(825): App\Controllers\Home->copercana_60_anos()
#6 D:\Pessoal\Projetos\Repositorio\copercana_site\system\CodeIgniter.php(412): CodeIgniter\CodeIgniter->runController(Object(App\Controllers\Home))
#7 D:\Pessoal\Projetos\Repositorio\copercana_site\system\CodeIgniter.php(320): CodeIgniter\CodeIgniter->handleRequest(NULL, Object(Config\Cache), false)
#8 D:\Pessoal\Projetos\Repositorio\copercana_site\public_html\index.php(37): CodeIgniter\CodeIgniter->run()
#9 D:\Pessoal\Projetos\Repositorio\copercana_site\system\Commands\Server\rewrite.php(43): require_once('D:\\Pessoal\\Proj...')
#10 {main}
CRITICAL - 2023-02-09 21:19:01 --> Undefined property: stdClass::$cover
#0 D:\Pessoal\Projetos\Repositorio\copercana_site\app\Views\copercana-60-anos.php(147): CodeIgniter\Debug\Exceptions->errorHandler(8, 'Undefined prope...', 'D:\\Pessoal\\Proj...', 147, Array)
#1 D:\Pessoal\Projetos\Repositorio\copercana_site\system\View\View.php(210): include('D:\\Pessoal\\Proj...')
#2 D:\Pessoal\Projetos\Repositorio\copercana_site\system\View\View.php(213): CodeIgniter\View\View->CodeIgniter\View\{closure}()
#3 D:\Pessoal\Projetos\Repositorio\copercana_site\system\Common.php(1089): CodeIgniter\View\View->render('copercana-60-an...', Array, true)
#4 D:\Pessoal\Projetos\Repositorio\copercana_site\app\Controllers\Home.php(1512): view('copercana-60-an...', Array)
#5 D:\Pessoal\Projetos\Repositorio\copercana_site\system\CodeIgniter.php(825): App\Controllers\Home->copercana_60_anos()
#6 D:\Pessoal\Projetos\Repositorio\copercana_site\system\CodeIgniter.php(412): CodeIgniter\CodeIgniter->runController(Object(App\Controllers\Home))
#7 D:\Pessoal\Projetos\Repositorio\copercana_site\system\CodeIgniter.php(320): CodeIgniter\CodeIgniter->handleRequest(NULL, Object(Config\Cache), false)
#8 D:\Pessoal\Projetos\Repositorio\copercana_site\public_html\index.php(37): CodeIgniter\CodeIgniter->run()
#9 D:\Pessoal\Projetos\Repositorio\copercana_site\system\Commands\Server\rewrite.php(43): require_once('D:\\Pessoal\\Proj...')
#10 {main}
CRITICAL - 2023-02-09 21:19:02 --> Undefined property: stdClass::$cover
#0 D:\Pessoal\Projetos\Repositorio\copercana_site\app\Views\copercana-60-anos.php(147): CodeIgniter\Debug\Exceptions->errorHandler(8, 'Undefined prope...', 'D:\\Pessoal\\Proj...', 147, Array)
#1 D:\Pessoal\Projetos\Repositorio\copercana_site\system\View\View.php(210): include('D:\\Pessoal\\Proj...')
#2 D:\Pessoal\Projetos\Repositorio\copercana_site\system\View\View.php(213): CodeIgniter\View\View->CodeIgniter\View\{closure}()
#3 D:\Pessoal\Projetos\Repositorio\copercana_site\system\Common.php(1089): CodeIgniter\View\View->render('copercana-60-an...', Array, true)
#4 D:\Pessoal\Projetos\Repositorio\copercana_site\app\Controllers\Home.php(1512): view('copercana-60-an...', Array)
#5 D:\Pessoal\Projetos\Repositorio\copercana_site\system\CodeIgniter.php(825): App\Controllers\Home->copercana_60_anos()
#6 D:\Pessoal\Projetos\Repositorio\copercana_site\system\CodeIgniter.php(412): CodeIgniter\CodeIgniter->runController(Object(App\Controllers\Home))
#7 D:\Pessoal\Projetos\Repositorio\copercana_site\system\CodeIgniter.php(320): CodeIgniter\CodeIgniter->handleRequest(NULL, Object(Config\Cache), false)
#8 D:\Pessoal\Projetos\Repositorio\copercana_site\public_html\index.php(37): CodeIgniter\CodeIgniter->run()
#9 D:\Pessoal\Projetos\Repositorio\copercana_site\system\Commands\Server\rewrite.php(43): require_once('D:\\Pessoal\\Proj...')
#10 {main}
CRITICAL - 2023-02-09 21:19:08 --> Undefined property: stdClass::$cover
#0 D:\Pessoal\Projetos\Repositorio\copercana_site\app\Views\copercana-60-anos.php(147): CodeIgniter\Debug\Exceptions->errorHandler(8, 'Undefined prope...', 'D:\\Pessoal\\Proj...', 147, Array)
#1 D:\Pessoal\Projetos\Repositorio\copercana_site\system\View\View.php(210): include('D:\\Pessoal\\Proj...')
#2 D:\Pessoal\Projetos\Repositorio\copercana_site\system\View\View.php(213): CodeIgniter\View\View->CodeIgniter\View\{closure}()
#3 D:\Pessoal\Projetos\Repositorio\copercana_site\system\Common.php(1089): CodeIgniter\View\View->render('copercana-60-an...', Array, true)
#4 D:\Pessoal\Projetos\Repositorio\copercana_site\app\Controllers\Home.php(1512): view('copercana-60-an...', Array)
#5 D:\Pessoal\Projetos\Repositorio\copercana_site\system\CodeIgniter.php(825): App\Controllers\Home->copercana_60_anos()
#6 D:\Pessoal\Projetos\Repositorio\copercana_site\system\CodeIgniter.php(412): CodeIgniter\CodeIgniter->runController(Object(App\Controllers\Home))
#7 D:\Pessoal\Projetos\Repositorio\copercana_site\system\CodeIgniter.php(320): CodeIgniter\CodeIgniter->handleRequest(NULL, Object(Config\Cache), false)
#8 D:\Pessoal\Projetos\Repositorio\copercana_site\public_html\index.php(37): CodeIgniter\CodeIgniter->run()
#9 D:\Pessoal\Projetos\Repositorio\copercana_site\system\Commands\Server\rewrite.php(43): require_once('D:\\Pessoal\\Proj...')
#10 {main}
CRITICAL - 2023-02-09 21:47:46 --> Undefined variable: galleryOrchestra
#0 D:\Pessoal\Projetos\Repositorio\copercana_site\app\Views\copercana-60-anos.php(194): CodeIgniter\Debug\Exceptions->errorHandler(8, 'Undefined varia...', 'D:\\Pessoal\\Proj...', 194, Array)
#1 D:\Pessoal\Projetos\Repositorio\copercana_site\system\View\View.php(210): include('D:\\Pessoal\\Proj...')
#2 D:\Pessoal\Projetos\Repositorio\copercana_site\system\View\View.php(213): CodeIgniter\View\View->CodeIgniter\View\{closure}()
#3 D:\Pessoal\Projetos\Repositorio\copercana_site\system\Common.php(1089): CodeIgniter\View\View->render('copercana-60-an...', Array, true)
#4 D:\Pessoal\Projetos\Repositorio\copercana_site\app\Controllers\Home.php(1517): view('copercana-60-an...', Array)
#5 D:\Pessoal\Projetos\Repositorio\copercana_site\system\CodeIgniter.php(825): App\Controllers\Home->copercana_60_anos()
#6 D:\Pessoal\Projetos\Repositorio\copercana_site\system\CodeIgniter.php(412): CodeIgniter\CodeIgniter->runController(Object(App\Controllers\Home))
#7 D:\Pessoal\Projetos\Repositorio\copercana_site\system\CodeIgniter.php(320): CodeIgniter\CodeIgniter->handleRequest(NULL, Object(Config\Cache), false)
#8 D:\Pessoal\Projetos\Repositorio\copercana_site\public_html\index.php(37): CodeIgniter\CodeIgniter->run()
#9 D:\Pessoal\Projetos\Repositorio\copercana_site\system\Commands\Server\rewrite.php(43): require_once('D:\\Pessoal\\Proj...')
#10 {main}
CRITICAL - 2023-02-09 22:04:13 --> Undefined variable: magazineOrchestra
#0 D:\Pessoal\Projetos\Repositorio\copercana_site\app\Controllers\Home.php(1513): CodeIgniter\Debug\Exceptions->errorHandler(8, 'Undefined varia...', 'D:\\Pessoal\\Proj...', 1513, Array)
#1 D:\Pessoal\Projetos\Repositorio\copercana_site\system\CodeIgniter.php(825): App\Controllers\Home->copercana_60_anos()
#2 D:\Pessoal\Projetos\Repositorio\copercana_site\system\CodeIgniter.php(412): CodeIgniter\CodeIgniter->runController(Object(App\Controllers\Home))
#3 D:\Pessoal\Projetos\Repositorio\copercana_site\system\CodeIgniter.php(320): CodeIgniter\CodeIgniter->handleRequest(NULL, Object(Config\Cache), false)
#4 D:\Pessoal\Projetos\Repositorio\copercana_site\public_html\index.php(37): CodeIgniter\CodeIgniter->run()
#5 D:\Pessoal\Projetos\Repositorio\copercana_site\system\Commands\Server\rewrite.php(43): require_once('D:\\Pessoal\\Proj...')
#6 {main}
CRITICAL - 2023-02-09 22:04:31 --> Undefined variable: magazineOrchestra
#0 D:\Pessoal\Projetos\Repositorio\copercana_site\app\Controllers\Home.php(1513): CodeIgniter\Debug\Exceptions->errorHandler(8, 'Undefined varia...', 'D:\\Pessoal\\Proj...', 1513, Array)
#1 D:\Pessoal\Projetos\Repositorio\copercana_site\system\CodeIgniter.php(825): App\Controllers\Home->copercana_60_anos()
#2 D:\Pessoal\Projetos\Repositorio\copercana_site\system\CodeIgniter.php(412): CodeIgniter\CodeIgniter->runController(Object(App\Controllers\Home))
#3 D:\Pessoal\Projetos\Repositorio\copercana_site\system\CodeIgniter.php(320): CodeIgniter\CodeIgniter->handleRequest(NULL, Object(Config\Cache), false)
#4 D:\Pessoal\Projetos\Repositorio\copercana_site\public_html\index.php(37): CodeIgniter\CodeIgniter->run()
#5 D:\Pessoal\Projetos\Repositorio\copercana_site\system\Commands\Server\rewrite.php(43): require_once('D:\\Pessoal\\Proj...')
#6 {main}
ERROR - 2023-02-09 22:45:08 --> Column 'url' cannot be null
ERROR - 2023-02-09 22:45:53 --> Column 'url' cannot be null
ERROR - 2023-02-09 22:46:20 --> Column 'url' cannot be null
CRITICAL - 2023-02-09 22:46:46 --> Undefined variable: footer_dependencies
#0 D:\Pessoal\Projetos\Repositorio\copercana_site\app\Controllers\Admin_Videos.php(77): CodeIgniter\Debug\Exceptions->errorHandler(8, 'Undefined varia...', 'D:\\Pessoal\\Proj...', 77, Array)
#1 D:\Pessoal\Projetos\Repositorio\copercana_site\system\CodeIgniter.php(825): App\Controllers\Admin_Videos->edit('1')
#2 D:\Pessoal\Projetos\Repositorio\copercana_site\system\CodeIgniter.php(412): CodeIgniter\CodeIgniter->runController(Object(App\Controllers\Admin_Videos))
#3 D:\Pessoal\Projetos\Repositorio\copercana_site\system\CodeIgniter.php(320): CodeIgniter\CodeIgniter->handleRequest(NULL, Object(Config\Cache), false)
#4 D:\Pessoal\Projetos\Repositorio\copercana_site\public_html\index.php(37): CodeIgniter\CodeIgniter->run()
#5 D:\Pessoal\Projetos\Repositorio\copercana_site\system\Commands\Server\rewrite.php(43): require_once('D:\\Pessoal\\Proj...')
#6 {main}
CRITICAL - 2023-02-09 22:51:18 --> Call to a member function get_all() on null
#0 D:\Pessoal\Projetos\Repositorio\copercana_site\system\CodeIgniter.php(825): App\Controllers\Home->copercana_60_anos()
#1 D:\Pessoal\Projetos\Repositorio\copercana_site\system\CodeIgniter.php(412): CodeIgniter\CodeIgniter->runController(Object(App\Controllers\Home))
#2 D:\Pessoal\Projetos\Repositorio\copercana_site\system\CodeIgniter.php(320): CodeIgniter\CodeIgniter->handleRequest(NULL, Object(Config\Cache), false)
#3 D:\Pessoal\Projetos\Repositorio\copercana_site\public_html\index.php(37): CodeIgniter\CodeIgniter->run()
#4 D:\Pessoal\Projetos\Repositorio\copercana_site\system\Commands\Server\rewrite.php(43): require_once('D:\\Pessoal\\Proj...')
#5 {main}
CRITICAL - 2023-02-09 23:06:19 --> Undefined variable: video
#0 D:\Pessoal\Projetos\Repositorio\copercana_site\app\Views\copercana-60-anos.php(345): CodeIgniter\Debug\Exceptions->errorHandler(8, 'Undefined varia...', 'D:\\Pessoal\\Proj...', 345, Array)
#1 D:\Pessoal\Projetos\Repositorio\copercana_site\system\View\View.php(210): include('D:\\Pessoal\\Proj...')
#2 D:\Pessoal\Projetos\Repositorio\copercana_site\system\View\View.php(213): CodeIgniter\View\View->CodeIgniter\View\{closure}()
#3 D:\Pessoal\Projetos\Repositorio\copercana_site\system\Common.php(1089): CodeIgniter\View\View->render('copercana-60-an...', Array, true)
#4 D:\Pessoal\Projetos\Repositorio\copercana_site\app\Controllers\Home.php(1529): view('copercana-60-an...', Array)
#5 D:\Pessoal\Projetos\Repositorio\copercana_site\system\CodeIgniter.php(825): App\Controllers\Home->copercana_60_anos()
#6 D:\Pessoal\Projetos\Repositorio\copercana_site\system\CodeIgniter.php(412): CodeIgniter\CodeIgniter->runController(Object(App\Controllers\Home))
#7 D:\Pessoal\Projetos\Repositorio\copercana_site\system\CodeIgniter.php(320): CodeIgniter\CodeIgniter->handleRequest(NULL, Object(Config\Cache), false)
#8 D:\Pessoal\Projetos\Repositorio\copercana_site\public_html\index.php(37): CodeIgniter\CodeIgniter->run()
#9 D:\Pessoal\Projetos\Repositorio\copercana_site\system\Commands\Server\rewrite.php(43): require_once('D:\\Pessoal\\Proj...')
#10 {main}
