CRITICAL - 2022-06-21 08:23:30 --> Class 'Imagick' not found
#0 /home/agronegocioscopercana/agronegocioscopercana.com.br/system/CodeIgniter.php(825): App\Controllers\Admin_Exhibitors->make_cover()
#1 /home/agronegocioscopercana/agronegocioscopercana.com.br/system/CodeIgniter.php(412): CodeIgniter\CodeIgniter->runController()
#2 /home/agronegocioscopercana/agronegocioscopercana.com.br/system/CodeIgniter.php(320): CodeIgniter\CodeIgniter->handleRequest()
#3 /home/agronegocioscopercana/agronegocioscopercana.com.br/public_html/index.php(37): CodeIgniter\CodeIgniter->run()
#4 {main}
CRITICAL - 2022-06-21 08:25:03 --> Class 'Imagick' not found
#0 /home/agronegocioscopercana/agronegocioscopercana.com.br/system/CodeIgniter.php(825): App\Controllers\Admin_Exhibitors->make_cover()
#1 /home/agronegocioscopercana/agronegocioscopercana.com.br/system/CodeIgniter.php(412): CodeIgniter\CodeIgniter->runController()
#2 /home/agronegocioscopercana/agronegocioscopercana.com.br/system/CodeIgniter.php(320): CodeIgniter\CodeIgniter->handleRequest()
#3 /home/agronegocioscopercana/agronegocioscopercana.com.br/public_html/index.php(37): CodeIgniter\CodeIgniter->run()
#4 {main}
CRITICAL - 2022-06-21 08:25:12 --> Class 'Imagick' not found
#0 /home/agronegocioscopercana/agronegocioscopercana.com.br/system/CodeIgniter.php(825): App\Controllers\Admin_Exhibitors->make_cover()
#1 /home/agronegocioscopercana/agronegocioscopercana.com.br/system/CodeIgniter.php(412): CodeIgniter\CodeIgniter->runController()
#2 /home/agronegocioscopercana/agronegocioscopercana.com.br/system/CodeIgniter.php(320): CodeIgniter\CodeIgniter->handleRequest()
#3 /home/agronegocioscopercana/agronegocioscopercana.com.br/public_html/index.php(37): CodeIgniter\CodeIgniter->run()
#4 {main}
CRITICAL - 2022-06-21 08:25:29 --> Class 'Imagick' not found
#0 /home/agronegocioscopercana/agronegocioscopercana.com.br/system/CodeIgniter.php(825): App\Controllers\Admin_Exhibitors->make_cover()
#1 /home/agronegocioscopercana/agronegocioscopercana.com.br/system/CodeIgniter.php(412): CodeIgniter\CodeIgniter->runController()
#2 /home/agronegocioscopercana/agronegocioscopercana.com.br/system/CodeIgniter.php(320): CodeIgniter\CodeIgniter->handleRequest()
#3 /home/agronegocioscopercana/agronegocioscopercana.com.br/public_html/index.php(37): CodeIgniter\CodeIgniter->run()
#4 {main}
CRITICAL - 2022-06-21 08:25:35 --> Class 'Imagick' not found
#0 /home/agronegocioscopercana/agronegocioscopercana.com.br/system/CodeIgniter.php(825): App\Controllers\Admin_Exhibitors->make_cover()
#1 /home/agronegocioscopercana/agronegocioscopercana.com.br/system/CodeIgniter.php(412): CodeIgniter\CodeIgniter->runController()
#2 /home/agronegocioscopercana/agronegocioscopercana.com.br/system/CodeIgniter.php(320): CodeIgniter\CodeIgniter->handleRequest()
#3 /home/agronegocioscopercana/agronegocioscopercana.com.br/public_html/index.php(37): CodeIgniter\CodeIgniter->run()
#4 {main}
CRITICAL - 2022-06-21 08:25:46 --> Class 'Imagick' not found
#0 /home/agronegocioscopercana/agronegocioscopercana.com.br/system/CodeIgniter.php(825): App\Controllers\Admin_Exhibitors->make_cover()
#1 /home/agronegocioscopercana/agronegocioscopercana.com.br/system/CodeIgniter.php(412): CodeIgniter\CodeIgniter->runController()
#2 /home/agronegocioscopercana/agronegocioscopercana.com.br/system/CodeIgniter.php(320): CodeIgniter\CodeIgniter->handleRequest()
#3 /home/agronegocioscopercana/agronegocioscopercana.com.br/public_html/index.php(37): CodeIgniter\CodeIgniter->run()
#4 {main}
