CRITICAL - 2022-07-29 09:52:35 --> Undefined property: stdClass::$schedules_section_show
#0 D:\Usuarios\Documents\Projetos\Copercana\copercana.com.br\app\Views\admin\pages\home.php(167): CodeIgniter\Debug\Exceptions->errorHandler(8, 'Undefined prope...', 'D:\\Usuarios\\Doc...', 167, Array)
#1 D:\Usuarios\Documents\Projetos\Copercana\copercana.com.br\system\View\View.php(210): include('D:\\Usuarios\\Doc...')
#2 D:\Usuarios\Documents\Projetos\Copercana\copercana.com.br\system\View\View.php(213): CodeIgniter\View\View->CodeIgniter\View\{closure}()
#3 D:\Usuarios\Documents\Projetos\Copercana\copercana.com.br\system\Common.php(1089): CodeIgniter\View\View->render('admin/pages/hom...', Array, true)
#4 D:\Usuarios\Documents\Projetos\Copercana\copercana.com.br\app\Controllers\Admin_Pages.php(42): view('admin/pages/hom...', Array)
#5 D:\Usuarios\Documents\Projetos\Copercana\copercana.com.br\system\CodeIgniter.php(825): App\Controllers\Admin_Pages->home()
#6 D:\Usuarios\Documents\Projetos\Copercana\copercana.com.br\system\CodeIgniter.php(412): CodeIgniter\CodeIgniter->runController(Object(App\Controllers\Admin_Pages))
#7 D:\Usuarios\Documents\Projetos\Copercana\copercana.com.br\system\CodeIgniter.php(320): CodeIgniter\CodeIgniter->handleRequest(NULL, Object(Config\Cache), false)
#8 D:\Usuarios\Documents\Projetos\Copercana\copercana.com.br\public\index.php(37): CodeIgniter\CodeIgniter->run()
#9 D:\Usuarios\Documents\Projetos\Copercana\copercana.com.br\system\Commands\Server\rewrite.php(43): require_once('D:\\Usuarios\\Doc...')
#10 {main}
CRITICAL - 2022-07-29 09:57:28 --> Undefined property: stdClass::$show_quotation_carousel
#0 D:\Usuarios\Documents\Projetos\Copercana\copercana.com.br\app\Views\admin\pages\home.php(67): CodeIgniter\Debug\Exceptions->errorHandler(8, 'Undefined prope...', 'D:\\Usuarios\\Doc...', 67, Array)
#1 D:\Usuarios\Documents\Projetos\Copercana\copercana.com.br\system\View\View.php(210): include('D:\\Usuarios\\Doc...')
#2 D:\Usuarios\Documents\Projetos\Copercana\copercana.com.br\system\View\View.php(213): CodeIgniter\View\View->CodeIgniter\View\{closure}()
#3 D:\Usuarios\Documents\Projetos\Copercana\copercana.com.br\system\Common.php(1089): CodeIgniter\View\View->render('admin/pages/hom...', Array, true)
#4 D:\Usuarios\Documents\Projetos\Copercana\copercana.com.br\app\Controllers\Admin_Pages.php(42): view('admin/pages/hom...', Array)
#5 D:\Usuarios\Documents\Projetos\Copercana\copercana.com.br\system\CodeIgniter.php(825): App\Controllers\Admin_Pages->home()
#6 D:\Usuarios\Documents\Projetos\Copercana\copercana.com.br\system\CodeIgniter.php(412): CodeIgniter\CodeIgniter->runController(Object(App\Controllers\Admin_Pages))
#7 D:\Usuarios\Documents\Projetos\Copercana\copercana.com.br\system\CodeIgniter.php(320): CodeIgniter\CodeIgniter->handleRequest(NULL, Object(Config\Cache), false)
#8 D:\Usuarios\Documents\Projetos\Copercana\copercana.com.br\public\index.php(37): CodeIgniter\CodeIgniter->run()
#9 D:\Usuarios\Documents\Projetos\Copercana\copercana.com.br\system\Commands\Server\rewrite.php(43): require_once('D:\\Usuarios\\Doc...')
#10 {main}
CRITICAL - 2022-07-29 09:58:00 --> Undefined property: stdClass::$schedules_section_show
#0 D:\Usuarios\Documents\Projetos\Copercana\copercana.com.br\app\Views\admin\pages\home.php(146): CodeIgniter\Debug\Exceptions->errorHandler(8, 'Undefined prope...', 'D:\\Usuarios\\Doc...', 146, Array)
#1 D:\Usuarios\Documents\Projetos\Copercana\copercana.com.br\system\View\View.php(210): include('D:\\Usuarios\\Doc...')
#2 D:\Usuarios\Documents\Projetos\Copercana\copercana.com.br\system\View\View.php(213): CodeIgniter\View\View->CodeIgniter\View\{closure}()
#3 D:\Usuarios\Documents\Projetos\Copercana\copercana.com.br\system\Common.php(1089): CodeIgniter\View\View->render('admin/pages/hom...', Array, true)
#4 D:\Usuarios\Documents\Projetos\Copercana\copercana.com.br\app\Controllers\Admin_Pages.php(42): view('admin/pages/hom...', Array)
#5 D:\Usuarios\Documents\Projetos\Copercana\copercana.com.br\system\CodeIgniter.php(825): App\Controllers\Admin_Pages->home()
#6 D:\Usuarios\Documents\Projetos\Copercana\copercana.com.br\system\CodeIgniter.php(412): CodeIgniter\CodeIgniter->runController(Object(App\Controllers\Admin_Pages))
#7 D:\Usuarios\Documents\Projetos\Copercana\copercana.com.br\system\CodeIgniter.php(320): CodeIgniter\CodeIgniter->handleRequest(NULL, Object(Config\Cache), false)
#8 D:\Usuarios\Documents\Projetos\Copercana\copercana.com.br\public\index.php(37): CodeIgniter\CodeIgniter->run()
#9 D:\Usuarios\Documents\Projetos\Copercana\copercana.com.br\system\Commands\Server\rewrite.php(43): require_once('D:\\Usuarios\\Doc...')
#10 {main}
CRITICAL - 2022-07-29 09:58:45 --> Undefined property: stdClass::$services_section_title
#0 D:\Usuarios\Documents\Projetos\Copercana\copercana.com.br\app\Views\admin\pages\home.php(82): CodeIgniter\Debug\Exceptions->errorHandler(8, 'Undefined prope...', 'D:\\Usuarios\\Doc...', 82, Array)
#1 D:\Usuarios\Documents\Projetos\Copercana\copercana.com.br\system\View\View.php(210): include('D:\\Usuarios\\Doc...')
#2 D:\Usuarios\Documents\Projetos\Copercana\copercana.com.br\system\View\View.php(213): CodeIgniter\View\View->CodeIgniter\View\{closure}()
#3 D:\Usuarios\Documents\Projetos\Copercana\copercana.com.br\system\Common.php(1089): CodeIgniter\View\View->render('admin/pages/hom...', Array, true)
#4 D:\Usuarios\Documents\Projetos\Copercana\copercana.com.br\app\Controllers\Admin_Pages.php(42): view('admin/pages/hom...', Array)
#5 D:\Usuarios\Documents\Projetos\Copercana\copercana.com.br\system\CodeIgniter.php(825): App\Controllers\Admin_Pages->home()
#6 D:\Usuarios\Documents\Projetos\Copercana\copercana.com.br\system\CodeIgniter.php(412): CodeIgniter\CodeIgniter->runController(Object(App\Controllers\Admin_Pages))
#7 D:\Usuarios\Documents\Projetos\Copercana\copercana.com.br\system\CodeIgniter.php(320): CodeIgniter\CodeIgniter->handleRequest(NULL, Object(Config\Cache), false)
#8 D:\Usuarios\Documents\Projetos\Copercana\copercana.com.br\public\index.php(37): CodeIgniter\CodeIgniter->run()
#9 D:\Usuarios\Documents\Projetos\Copercana\copercana.com.br\system\Commands\Server\rewrite.php(43): require_once('D:\\Usuarios\\Doc...')
#10 {main}
CRITICAL - 2022-07-29 10:00:27 --> Undefined property: stdClass::$schedules_section_show
#0 D:\Usuarios\Documents\Projetos\Copercana\copercana.com.br\app\Views\admin\pages\home.php(146): CodeIgniter\Debug\Exceptions->errorHandler(8, 'Undefined prope...', 'D:\\Usuarios\\Doc...', 146, Array)
#1 D:\Usuarios\Documents\Projetos\Copercana\copercana.com.br\system\View\View.php(210): include('D:\\Usuarios\\Doc...')
#2 D:\Usuarios\Documents\Projetos\Copercana\copercana.com.br\system\View\View.php(213): CodeIgniter\View\View->CodeIgniter\View\{closure}()
#3 D:\Usuarios\Documents\Projetos\Copercana\copercana.com.br\system\Common.php(1089): CodeIgniter\View\View->render('admin/pages/hom...', Array, true)
#4 D:\Usuarios\Documents\Projetos\Copercana\copercana.com.br\app\Controllers\Admin_Pages.php(42): view('admin/pages/hom...', Array)
#5 D:\Usuarios\Documents\Projetos\Copercana\copercana.com.br\system\CodeIgniter.php(825): App\Controllers\Admin_Pages->home()
#6 D:\Usuarios\Documents\Projetos\Copercana\copercana.com.br\system\CodeIgniter.php(412): CodeIgniter\CodeIgniter->runController(Object(App\Controllers\Admin_Pages))
#7 D:\Usuarios\Documents\Projetos\Copercana\copercana.com.br\system\CodeIgniter.php(320): CodeIgniter\CodeIgniter->handleRequest(NULL, Object(Config\Cache), false)
#8 D:\Usuarios\Documents\Projetos\Copercana\copercana.com.br\public\index.php(37): CodeIgniter\CodeIgniter->run()
#9 D:\Usuarios\Documents\Projetos\Copercana\copercana.com.br\system\Commands\Server\rewrite.php(43): require_once('D:\\Usuarios\\Doc...')
#10 {main}
ERROR - 2022-07-29 12:36:27 --> Table 'copercana.offers' doesn't exist
CRITICAL - 2022-07-29 13:51:31 --> Object of class stdClass could not be converted to string
#0 D:\Usuarios\Documents\Projetos\Copercana\copercana.com.br\system\View\View.php(210): include()
#1 D:\Usuarios\Documents\Projetos\Copercana\copercana.com.br\system\View\View.php(213): CodeIgniter\View\View->CodeIgniter\View\{closure}()
#2 D:\Usuarios\Documents\Projetos\Copercana\copercana.com.br\system\Common.php(1089): CodeIgniter\View\View->render('admin/offers/ed...', Array, true)
#3 D:\Usuarios\Documents\Projetos\Copercana\copercana.com.br\app\Controllers\Admin_Offers.php(75): view('admin/offers/ed...', Array)
#4 D:\Usuarios\Documents\Projetos\Copercana\copercana.com.br\system\CodeIgniter.php(825): App\Controllers\Admin_Offers->edit('1')
#5 D:\Usuarios\Documents\Projetos\Copercana\copercana.com.br\system\CodeIgniter.php(412): CodeIgniter\CodeIgniter->runController(Object(App\Controllers\Admin_Offers))
#6 D:\Usuarios\Documents\Projetos\Copercana\copercana.com.br\system\CodeIgniter.php(320): CodeIgniter\CodeIgniter->handleRequest(NULL, Object(Config\Cache), false)
#7 D:\Usuarios\Documents\Projetos\Copercana\copercana.com.br\public\index.php(37): CodeIgniter\CodeIgniter->run()
#8 D:\Usuarios\Documents\Projetos\Copercana\copercana.com.br\system\Commands\Server\rewrite.php(43): require_once('D:\\Usuarios\\Doc...')
#9 {main}
CRITICAL - 2022-07-29 13:55:18 --> Class 'App\Controllers\Imagick' not found
#0 D:\Usuarios\Documents\Projetos\Copercana\copercana.com.br\system\CodeIgniter.php(825): App\Controllers\Admin_Offers->make_cover('uploads', 'offers', '20220729', '1659113491_aaa1...')
#1 D:\Usuarios\Documents\Projetos\Copercana\copercana.com.br\system\CodeIgniter.php(412): CodeIgniter\CodeIgniter->runController(Object(App\Controllers\Admin_Offers))
#2 D:\Usuarios\Documents\Projetos\Copercana\copercana.com.br\system\CodeIgniter.php(320): CodeIgniter\CodeIgniter->handleRequest(NULL, Object(Config\Cache), false)
#3 D:\Usuarios\Documents\Projetos\Copercana\copercana.com.br\public\index.php(37): CodeIgniter\CodeIgniter->run()
#4 D:\Usuarios\Documents\Projetos\Copercana\copercana.com.br\system\Commands\Server\rewrite.php(43): require_once('D:\\Usuarios\\Doc...')
#5 {main}
CRITICAL - 2022-07-29 13:55:43 --> Class 'App\Controllers\Imagick' not found
#0 D:\Usuarios\Documents\Projetos\Copercana\copercana.com.br\system\CodeIgniter.php(825): App\Controllers\Admin_Offers->make_cover('uploads', 'offers', '20220729', '1659113491_aaa1...')
#1 D:\Usuarios\Documents\Projetos\Copercana\copercana.com.br\system\CodeIgniter.php(412): CodeIgniter\CodeIgniter->runController(Object(App\Controllers\Admin_Offers))
#2 D:\Usuarios\Documents\Projetos\Copercana\copercana.com.br\system\CodeIgniter.php(320): CodeIgniter\CodeIgniter->handleRequest(NULL, Object(Config\Cache), false)
#3 D:\Usuarios\Documents\Projetos\Copercana\copercana.com.br\public\index.php(37): CodeIgniter\CodeIgniter->run()
#4 D:\Usuarios\Documents\Projetos\Copercana\copercana.com.br\system\Commands\Server\rewrite.php(43): require_once('D:\\Usuarios\\Doc...')
#5 {main}
CRITICAL - 2022-07-29 14:03:37 --> Class 'App\Controllers\Imagick' not found
#0 D:\Usuarios\Documents\Projetos\Copercana\copercana.com.br\system\CodeIgniter.php(825): App\Controllers\Admin_Offers->make_cover('uploads', 'offers', '20220729', '1659113491_aaa1...')
#1 D:\Usuarios\Documents\Projetos\Copercana\copercana.com.br\system\CodeIgniter.php(412): CodeIgniter\CodeIgniter->runController(Object(App\Controllers\Admin_Offers))
#2 D:\Usuarios\Documents\Projetos\Copercana\copercana.com.br\system\CodeIgniter.php(320): CodeIgniter\CodeIgniter->handleRequest(NULL, Object(Config\Cache), false)
#3 D:\Usuarios\Documents\Projetos\Copercana\copercana.com.br\public\index.php(37): CodeIgniter\CodeIgniter->run()
#4 D:\Usuarios\Documents\Projetos\Copercana\copercana.com.br\system\Commands\Server\rewrite.php(43): require_once('D:\\Usuarios\\Doc...')
#5 {main}
CRITICAL - 2022-07-29 14:03:39 --> Class 'App\Controllers\Imagick' not found
#0 D:\Usuarios\Documents\Projetos\Copercana\copercana.com.br\system\CodeIgniter.php(825): App\Controllers\Admin_Offers->make_cover('uploads', 'offers', '20220729', '1659113491_aaa1...')
#1 D:\Usuarios\Documents\Projetos\Copercana\copercana.com.br\system\CodeIgniter.php(412): CodeIgniter\CodeIgniter->runController(Object(App\Controllers\Admin_Offers))
#2 D:\Usuarios\Documents\Projetos\Copercana\copercana.com.br\system\CodeIgniter.php(320): CodeIgniter\CodeIgniter->handleRequest(NULL, Object(Config\Cache), false)
#3 D:\Usuarios\Documents\Projetos\Copercana\copercana.com.br\public\index.php(37): CodeIgniter\CodeIgniter->run()
#4 D:\Usuarios\Documents\Projetos\Copercana\copercana.com.br\system\Commands\Server\rewrite.php(43): require_once('D:\\Usuarios\\Doc...')
#5 {main}
CRITICAL - 2022-07-29 14:03:41 --> Class 'App\Controllers\Imagick' not found
#0 D:\Usuarios\Documents\Projetos\Copercana\copercana.com.br\system\CodeIgniter.php(825): App\Controllers\Admin_Offers->make_cover('uploads', 'offers', '20220729', '1659113491_aaa1...')
#1 D:\Usuarios\Documents\Projetos\Copercana\copercana.com.br\system\CodeIgniter.php(412): CodeIgniter\CodeIgniter->runController(Object(App\Controllers\Admin_Offers))
#2 D:\Usuarios\Documents\Projetos\Copercana\copercana.com.br\system\CodeIgniter.php(320): CodeIgniter\CodeIgniter->handleRequest(NULL, Object(Config\Cache), false)
#3 D:\Usuarios\Documents\Projetos\Copercana\copercana.com.br\public\index.php(37): CodeIgniter\CodeIgniter->run()
#4 D:\Usuarios\Documents\Projetos\Copercana\copercana.com.br\system\Commands\Server\rewrite.php(43): require_once('D:\\Usuarios\\Doc...')
#5 {main}
CRITICAL - 2022-07-29 14:04:01 --> Class 'App\Controllers\Imagick' not found
#0 D:\Usuarios\Documents\Projetos\Copercana\copercana.com.br\system\CodeIgniter.php(825): App\Controllers\Admin_Offers->make_cover('uploads', 'offers', '20220729', '1659113491_aaa1...')
#1 D:\Usuarios\Documents\Projetos\Copercana\copercana.com.br\system\CodeIgniter.php(412): CodeIgniter\CodeIgniter->runController(Object(App\Controllers\Admin_Offers))
#2 D:\Usuarios\Documents\Projetos\Copercana\copercana.com.br\system\CodeIgniter.php(320): CodeIgniter\CodeIgniter->handleRequest(NULL, Object(Config\Cache), false)
#3 D:\Usuarios\Documents\Projetos\Copercana\copercana.com.br\public\index.php(37): CodeIgniter\CodeIgniter->run()
#4 D:\Usuarios\Documents\Projetos\Copercana\copercana.com.br\system\Commands\Server\rewrite.php(43): require_once('D:\\Usuarios\\Doc...')
#5 {main}
CRITICAL - 2022-07-29 14:04:03 --> Class 'App\Controllers\Imagick' not found
#0 D:\Usuarios\Documents\Projetos\Copercana\copercana.com.br\system\CodeIgniter.php(825): App\Controllers\Admin_Offers->make_cover('uploads', 'offers', '20220729', '1659113491_aaa1...')
#1 D:\Usuarios\Documents\Projetos\Copercana\copercana.com.br\system\CodeIgniter.php(412): CodeIgniter\CodeIgniter->runController(Object(App\Controllers\Admin_Offers))
#2 D:\Usuarios\Documents\Projetos\Copercana\copercana.com.br\system\CodeIgniter.php(320): CodeIgniter\CodeIgniter->handleRequest(NULL, Object(Config\Cache), false)
#3 D:\Usuarios\Documents\Projetos\Copercana\copercana.com.br\public\index.php(37): CodeIgniter\CodeIgniter->run()
#4 D:\Usuarios\Documents\Projetos\Copercana\copercana.com.br\system\Commands\Server\rewrite.php(43): require_once('D:\\Usuarios\\Doc...')
#5 {main}
CRITICAL - 2022-07-29 14:04:55 --> syntax error, unexpected '}'
#0 D:\Usuarios\Documents\Projetos\Copercana\copercana.com.br\system\Autoloader\Autoloader.php(241): CodeIgniter\Autoloader\Autoloader->includeFile('D:\\Usuarios\\Doc...')
#1 D:\Usuarios\Documents\Projetos\Copercana\copercana.com.br\system\Autoloader\Autoloader.php(219): CodeIgniter\Autoloader\Autoloader->loadInNamespace('App\\Controllers...')
#2 [internal function]: CodeIgniter\Autoloader\Autoloader->loadClass('App\\Controllers...')
#3 [internal function]: spl_autoload_call('App\\Controllers...')
#4 D:\Usuarios\Documents\Projetos\Copercana\copercana.com.br\system\CodeIgniter.php(790): class_exists('\\App\\Controller...', true)
#5 D:\Usuarios\Documents\Projetos\Copercana\copercana.com.br\system\CodeIgniter.php(399): CodeIgniter\CodeIgniter->startController()
#6 D:\Usuarios\Documents\Projetos\Copercana\copercana.com.br\system\CodeIgniter.php(320): CodeIgniter\CodeIgniter->handleRequest(NULL, Object(Config\Cache), false)
#7 D:\Usuarios\Documents\Projetos\Copercana\copercana.com.br\public\index.php(37): CodeIgniter\CodeIgniter->run()
#8 D:\Usuarios\Documents\Projetos\Copercana\copercana.com.br\system\Commands\Server\rewrite.php(43): require_once('D:\\Usuarios\\Doc...')
#9 {main}
CRITICAL - 2022-07-29 14:07:24 --> Object of class stdClass could not be converted to string
#0 D:\Usuarios\Documents\Projetos\Copercana\copercana.com.br\system\CodeIgniter.php(825): App\Controllers\Api_Datatables->offers()
#1 D:\Usuarios\Documents\Projetos\Copercana\copercana.com.br\system\CodeIgniter.php(412): CodeIgniter\CodeIgniter->runController(Object(App\Controllers\Api_Datatables))
#2 D:\Usuarios\Documents\Projetos\Copercana\copercana.com.br\system\CodeIgniter.php(320): CodeIgniter\CodeIgniter->handleRequest(NULL, Object(Config\Cache), false)
#3 D:\Usuarios\Documents\Projetos\Copercana\copercana.com.br\public\index.php(37): CodeIgniter\CodeIgniter->run()
#4 D:\Usuarios\Documents\Projetos\Copercana\copercana.com.br\system\Commands\Server\rewrite.php(43): require_once('D:\\Usuarios\\Doc...')
#5 {main}
CRITICAL - 2022-07-29 14:07:34 --> Object of class stdClass could not be converted to string
#0 D:\Usuarios\Documents\Projetos\Copercana\copercana.com.br\system\CodeIgniter.php(825): App\Controllers\Api_Datatables->offers()
#1 D:\Usuarios\Documents\Projetos\Copercana\copercana.com.br\system\CodeIgniter.php(412): CodeIgniter\CodeIgniter->runController(Object(App\Controllers\Api_Datatables))
#2 D:\Usuarios\Documents\Projetos\Copercana\copercana.com.br\system\CodeIgniter.php(320): CodeIgniter\CodeIgniter->handleRequest(NULL, Object(Config\Cache), false)
#3 D:\Usuarios\Documents\Projetos\Copercana\copercana.com.br\public\index.php(37): CodeIgniter\CodeIgniter->run()
#4 D:\Usuarios\Documents\Projetos\Copercana\copercana.com.br\system\Commands\Server\rewrite.php(43): require_once('D:\\Usuarios\\Doc...')
#5 {main}
CRITICAL - 2022-07-29 14:15:28 --> Call to a member function getSegments() on string
#0 D:\Usuarios\Documents\Projetos\Copercana\copercana.com.br\system\CodeIgniter.php(825): App\Controllers\Admin_Offers->make_cover('uploads', 'offers', '20220729', '1659114793_6ebb...')
#1 D:\Usuarios\Documents\Projetos\Copercana\copercana.com.br\system\CodeIgniter.php(412): CodeIgniter\CodeIgniter->runController(Object(App\Controllers\Admin_Offers))
#2 D:\Usuarios\Documents\Projetos\Copercana\copercana.com.br\system\CodeIgniter.php(320): CodeIgniter\CodeIgniter->handleRequest(NULL, Object(Config\Cache), false)
#3 D:\Usuarios\Documents\Projetos\Copercana\copercana.com.br\public\index.php(37): CodeIgniter\CodeIgniter->run()
#4 D:\Usuarios\Documents\Projetos\Copercana\copercana.com.br\system\Commands\Server\rewrite.php(43): require_once('D:\\Usuarios\\Doc...')
#5 {main}
