CRITICAL - 2022-08-30 17:05:36 --> Argument 1 passed to _get_uri() must be of the type string, null given, called in /home/copercana/copercana.com.br/system/Helpers/url_helper.php on line 87
#0 /home/copercana/copercana.com.br/system/Helpers/url_helper.php(87): _get_uri()
#1 /home/copercana/copercana.com.br/system/Helpers/url_helper.php(106): site_url()
#2 /home/copercana/copercana.com.br/app/Views/centro-de-eventos.php(82): base_url()
#3 /home/copercana/copercana.com.br/system/View/View.php(210): include('/home/copercana...')
#4 /home/copercana/copercana.com.br/system/View/View.php(213): CodeIgniter\View\View->CodeIgniter\View\{closure}()
#5 /home/copercana/copercana.com.br/system/Common.php(1089): CodeIgniter\View\View->render()
#6 /home/copercana/copercana.com.br/app/Controllers/Home.php(325): view()
#7 /home/copercana/copercana.com.br/system/CodeIgniter.php(825): App\Controllers\Home->centro_eventos()
#8 /home/copercana/copercana.com.br/system/CodeIgniter.php(412): CodeIgniter\CodeIgniter->runController()
#9 /home/copercana/copercana.com.br/system/CodeIgniter.php(320): CodeIgniter\CodeIgniter->handleRequest()
#10 /home/copercana/copercana.com.br/public_html/index.php(37): CodeIgniter\CodeIgniter->run()
#11 {main}
CRITICAL - 2022-08-30 17:05:38 --> Argument 1 passed to _get_uri() must be of the type string, null given, called in /home/copercana/copercana.com.br/system/Helpers/url_helper.php on line 87
#0 /home/copercana/copercana.com.br/system/Helpers/url_helper.php(87): _get_uri()
#1 /home/copercana/copercana.com.br/system/Helpers/url_helper.php(106): site_url()
#2 /home/copercana/copercana.com.br/app/Views/centro-de-eventos.php(82): base_url()
#3 /home/copercana/copercana.com.br/system/View/View.php(210): include('/home/copercana...')
#4 /home/copercana/copercana.com.br/system/View/View.php(213): CodeIgniter\View\View->CodeIgniter\View\{closure}()
#5 /home/copercana/copercana.com.br/system/Common.php(1089): CodeIgniter\View\View->render()
#6 /home/copercana/copercana.com.br/app/Controllers/Home.php(325): view()
#7 /home/copercana/copercana.com.br/system/CodeIgniter.php(825): App\Controllers\Home->centro_eventos()
#8 /home/copercana/copercana.com.br/system/CodeIgniter.php(412): CodeIgniter\CodeIgniter->runController()
#9 /home/copercana/copercana.com.br/system/CodeIgniter.php(320): CodeIgniter\CodeIgniter->handleRequest()
#10 /home/copercana/copercana.com.br/public_html/index.php(37): CodeIgniter\CodeIgniter->run()
#11 {main}
CRITICAL - 2022-08-30 17:11:08 --> count(): Parameter must be an array or an object that implements Countable
#0 /home/copercana/copercana.com.br/app/Views/centro-de-eventos.php(65): CodeIgniter\Debug\Exceptions->errorHandler()
#1 /home/copercana/copercana.com.br/system/View/View.php(210): include('/home/copercana...')
#2 /home/copercana/copercana.com.br/system/View/View.php(213): CodeIgniter\View\View->CodeIgniter\View\{closure}()
#3 /home/copercana/copercana.com.br/system/Common.php(1089): CodeIgniter\View\View->render()
#4 /home/copercana/copercana.com.br/app/Controllers/Home.php(325): view()
#5 /home/copercana/copercana.com.br/system/CodeIgniter.php(825): App\Controllers\Home->centro_eventos()
#6 /home/copercana/copercana.com.br/system/CodeIgniter.php(412): CodeIgniter\CodeIgniter->runController()
#7 /home/copercana/copercana.com.br/system/CodeIgniter.php(320): CodeIgniter\CodeIgniter->handleRequest()
#8 /home/copercana/copercana.com.br/public_html/index.php(37): CodeIgniter\CodeIgniter->run()
#9 {main}
CRITICAL - 2022-08-30 17:11:11 --> count(): Parameter must be an array or an object that implements Countable
#0 /home/copercana/copercana.com.br/app/Views/centro-de-eventos.php(65): CodeIgniter\Debug\Exceptions->errorHandler()
#1 /home/copercana/copercana.com.br/system/View/View.php(210): include('/home/copercana...')
#2 /home/copercana/copercana.com.br/system/View/View.php(213): CodeIgniter\View\View->CodeIgniter\View\{closure}()
#3 /home/copercana/copercana.com.br/system/Common.php(1089): CodeIgniter\View\View->render()
#4 /home/copercana/copercana.com.br/app/Controllers/Home.php(325): view()
#5 /home/copercana/copercana.com.br/system/CodeIgniter.php(825): App\Controllers\Home->centro_eventos()
#6 /home/copercana/copercana.com.br/system/CodeIgniter.php(412): CodeIgniter\CodeIgniter->runController()
#7 /home/copercana/copercana.com.br/system/CodeIgniter.php(320): CodeIgniter\CodeIgniter->handleRequest()
#8 /home/copercana/copercana.com.br/public_html/index.php(37): CodeIgniter\CodeIgniter->run()
#9 {main}
CRITICAL - 2022-08-30 17:12:14 --> count(): Parameter must be an array or an object that implements Countable
#0 /home/copercana/copercana.com.br/app/Views/centro-de-eventos.php(65): CodeIgniter\Debug\Exceptions->errorHandler()
#1 /home/copercana/copercana.com.br/system/View/View.php(210): include('/home/copercana...')
#2 /home/copercana/copercana.com.br/system/View/View.php(213): CodeIgniter\View\View->CodeIgniter\View\{closure}()
#3 /home/copercana/copercana.com.br/system/Common.php(1089): CodeIgniter\View\View->render()
#4 /home/copercana/copercana.com.br/app/Controllers/Home.php(325): view()
#5 /home/copercana/copercana.com.br/system/CodeIgniter.php(825): App\Controllers\Home->centro_eventos()
#6 /home/copercana/copercana.com.br/system/CodeIgniter.php(412): CodeIgniter\CodeIgniter->runController()
#7 /home/copercana/copercana.com.br/system/CodeIgniter.php(320): CodeIgniter\CodeIgniter->handleRequest()
#8 /home/copercana/copercana.com.br/public_html/index.php(37): CodeIgniter\CodeIgniter->run()
#9 {main}
CRITICAL - 2022-08-30 17:19:56 --> Argument 1 passed to _get_uri() must be of the type string, null given, called in /home/copercana/copercana.com.br/system/Helpers/url_helper.php on line 87
#0 /home/copercana/copercana.com.br/system/Helpers/url_helper.php(87): _get_uri()
#1 /home/copercana/copercana.com.br/system/Helpers/url_helper.php(106): site_url()
#2 /home/copercana/copercana.com.br/app/Views/centro-de-eventos.php(80): base_url()
#3 /home/copercana/copercana.com.br/system/View/View.php(210): include('/home/copercana...')
#4 /home/copercana/copercana.com.br/system/View/View.php(213): CodeIgniter\View\View->CodeIgniter\View\{closure}()
#5 /home/copercana/copercana.com.br/system/Common.php(1089): CodeIgniter\View\View->render()
#6 /home/copercana/copercana.com.br/app/Controllers/Home.php(325): view()
#7 /home/copercana/copercana.com.br/system/CodeIgniter.php(825): App\Controllers\Home->centro_eventos()
#8 /home/copercana/copercana.com.br/system/CodeIgniter.php(412): CodeIgniter\CodeIgniter->runController()
#9 /home/copercana/copercana.com.br/system/CodeIgniter.php(320): CodeIgniter\CodeIgniter->handleRequest()
#10 /home/copercana/copercana.com.br/public_html/index.php(37): CodeIgniter\CodeIgniter->run()
#11 {main}
CRITICAL - 2022-08-30 17:19:58 --> Argument 1 passed to _get_uri() must be of the type string, null given, called in /home/copercana/copercana.com.br/system/Helpers/url_helper.php on line 87
#0 /home/copercana/copercana.com.br/system/Helpers/url_helper.php(87): _get_uri()
#1 /home/copercana/copercana.com.br/system/Helpers/url_helper.php(106): site_url()
#2 /home/copercana/copercana.com.br/app/Views/centro-de-eventos.php(80): base_url()
#3 /home/copercana/copercana.com.br/system/View/View.php(210): include('/home/copercana...')
#4 /home/copercana/copercana.com.br/system/View/View.php(213): CodeIgniter\View\View->CodeIgniter\View\{closure}()
#5 /home/copercana/copercana.com.br/system/Common.php(1089): CodeIgniter\View\View->render()
#6 /home/copercana/copercana.com.br/app/Controllers/Home.php(325): view()
#7 /home/copercana/copercana.com.br/system/CodeIgniter.php(825): App\Controllers\Home->centro_eventos()
#8 /home/copercana/copercana.com.br/system/CodeIgniter.php(412): CodeIgniter\CodeIgniter->runController()
#9 /home/copercana/copercana.com.br/system/CodeIgniter.php(320): CodeIgniter\CodeIgniter->handleRequest()
#10 /home/copercana/copercana.com.br/public_html/index.php(37): CodeIgniter\CodeIgniter->run()
#11 {main}
CRITICAL - 2022-08-30 17:20:00 --> Argument 1 passed to _get_uri() must be of the type string, null given, called in /home/copercana/copercana.com.br/system/Helpers/url_helper.php on line 87
#0 /home/copercana/copercana.com.br/system/Helpers/url_helper.php(87): _get_uri()
#1 /home/copercana/copercana.com.br/system/Helpers/url_helper.php(106): site_url()
#2 /home/copercana/copercana.com.br/app/Views/centro-de-eventos.php(80): base_url()
#3 /home/copercana/copercana.com.br/system/View/View.php(210): include('/home/copercana...')
#4 /home/copercana/copercana.com.br/system/View/View.php(213): CodeIgniter\View\View->CodeIgniter\View\{closure}()
#5 /home/copercana/copercana.com.br/system/Common.php(1089): CodeIgniter\View\View->render()
#6 /home/copercana/copercana.com.br/app/Controllers/Home.php(325): view()
#7 /home/copercana/copercana.com.br/system/CodeIgniter.php(825): App\Controllers\Home->centro_eventos()
#8 /home/copercana/copercana.com.br/system/CodeIgniter.php(412): CodeIgniter\CodeIgniter->runController()
#9 /home/copercana/copercana.com.br/system/CodeIgniter.php(320): CodeIgniter\CodeIgniter->handleRequest()
#10 /home/copercana/copercana.com.br/public_html/index.php(37): CodeIgniter\CodeIgniter->run()
#11 {main}
CRITICAL - 2022-08-30 17:21:12 --> Argument 1 passed to _get_uri() must be of the type string, null given, called in /home/copercana/copercana.com.br/system/Helpers/url_helper.php on line 87
#0 /home/copercana/copercana.com.br/system/Helpers/url_helper.php(87): _get_uri()
#1 /home/copercana/copercana.com.br/system/Helpers/url_helper.php(106): site_url()
#2 /home/copercana/copercana.com.br/app/Views/centro-de-eventos.php(80): base_url()
#3 /home/copercana/copercana.com.br/system/View/View.php(210): include('/home/copercana...')
#4 /home/copercana/copercana.com.br/system/View/View.php(213): CodeIgniter\View\View->CodeIgniter\View\{closure}()
#5 /home/copercana/copercana.com.br/system/Common.php(1089): CodeIgniter\View\View->render()
#6 /home/copercana/copercana.com.br/app/Controllers/Home.php(325): view()
#7 /home/copercana/copercana.com.br/system/CodeIgniter.php(825): App\Controllers\Home->centro_eventos()
#8 /home/copercana/copercana.com.br/system/CodeIgniter.php(412): CodeIgniter\CodeIgniter->runController()
#9 /home/copercana/copercana.com.br/system/CodeIgniter.php(320): CodeIgniter\CodeIgniter->handleRequest()
#10 /home/copercana/copercana.com.br/public_html/index.php(37): CodeIgniter\CodeIgniter->run()
#11 {main}
CRITICAL - 2022-08-30 17:21:14 --> Argument 1 passed to _get_uri() must be of the type string, null given, called in /home/copercana/copercana.com.br/system/Helpers/url_helper.php on line 87
#0 /home/copercana/copercana.com.br/system/Helpers/url_helper.php(87): _get_uri()
#1 /home/copercana/copercana.com.br/system/Helpers/url_helper.php(106): site_url()
#2 /home/copercana/copercana.com.br/app/Views/centro-de-eventos.php(80): base_url()
#3 /home/copercana/copercana.com.br/system/View/View.php(210): include('/home/copercana...')
#4 /home/copercana/copercana.com.br/system/View/View.php(213): CodeIgniter\View\View->CodeIgniter\View\{closure}()
#5 /home/copercana/copercana.com.br/system/Common.php(1089): CodeIgniter\View\View->render()
#6 /home/copercana/copercana.com.br/app/Controllers/Home.php(325): view()
#7 /home/copercana/copercana.com.br/system/CodeIgniter.php(825): App\Controllers\Home->centro_eventos()
#8 /home/copercana/copercana.com.br/system/CodeIgniter.php(412): CodeIgniter\CodeIgniter->runController()
#9 /home/copercana/copercana.com.br/system/CodeIgniter.php(320): CodeIgniter\CodeIgniter->handleRequest()
#10 /home/copercana/copercana.com.br/public_html/index.php(37): CodeIgniter\CodeIgniter->run()
#11 {main}
CRITICAL - 2022-08-30 17:21:54 --> Argument 1 passed to _get_uri() must be of the type string, null given, called in /home/copercana/copercana.com.br/system/Helpers/url_helper.php on line 87
#0 /home/copercana/copercana.com.br/system/Helpers/url_helper.php(87): _get_uri()
#1 /home/copercana/copercana.com.br/system/Helpers/url_helper.php(106): site_url()
#2 /home/copercana/copercana.com.br/app/Views/centro-de-eventos.php(80): base_url()
#3 /home/copercana/copercana.com.br/system/View/View.php(210): include('/home/copercana...')
#4 /home/copercana/copercana.com.br/system/View/View.php(213): CodeIgniter\View\View->CodeIgniter\View\{closure}()
#5 /home/copercana/copercana.com.br/system/Common.php(1089): CodeIgniter\View\View->render()
#6 /home/copercana/copercana.com.br/app/Controllers/Home.php(325): view()
#7 /home/copercana/copercana.com.br/system/CodeIgniter.php(825): App\Controllers\Home->centro_eventos()
#8 /home/copercana/copercana.com.br/system/CodeIgniter.php(412): CodeIgniter\CodeIgniter->runController()
#9 /home/copercana/copercana.com.br/system/CodeIgniter.php(320): CodeIgniter\CodeIgniter->handleRequest()
#10 /home/copercana/copercana.com.br/public_html/index.php(37): CodeIgniter\CodeIgniter->run()
#11 {main}
CRITICAL - 2022-08-30 17:22:43 --> Argument 1 passed to _get_uri() must be of the type string, null given, called in /home/copercana/copercana.com.br/system/Helpers/url_helper.php on line 87
#0 /home/copercana/copercana.com.br/system/Helpers/url_helper.php(87): _get_uri()
#1 /home/copercana/copercana.com.br/system/Helpers/url_helper.php(106): site_url()
#2 /home/copercana/copercana.com.br/app/Views/centro-de-eventos.php(80): base_url()
#3 /home/copercana/copercana.com.br/system/View/View.php(210): include('/home/copercana...')
#4 /home/copercana/copercana.com.br/system/View/View.php(213): CodeIgniter\View\View->CodeIgniter\View\{closure}()
#5 /home/copercana/copercana.com.br/system/Common.php(1089): CodeIgniter\View\View->render()
#6 /home/copercana/copercana.com.br/app/Controllers/Home.php(325): view()
#7 /home/copercana/copercana.com.br/system/CodeIgniter.php(825): App\Controllers\Home->centro_eventos()
#8 /home/copercana/copercana.com.br/system/CodeIgniter.php(412): CodeIgniter\CodeIgniter->runController()
#9 /home/copercana/copercana.com.br/system/CodeIgniter.php(320): CodeIgniter\CodeIgniter->handleRequest()
#10 /home/copercana/copercana.com.br/public_html/index.php(37): CodeIgniter\CodeIgniter->run()
#11 {main}
CRITICAL - 2022-08-30 17:22:45 --> Argument 1 passed to _get_uri() must be of the type string, null given, called in /home/copercana/copercana.com.br/system/Helpers/url_helper.php on line 87
#0 /home/copercana/copercana.com.br/system/Helpers/url_helper.php(87): _get_uri()
#1 /home/copercana/copercana.com.br/system/Helpers/url_helper.php(106): site_url()
#2 /home/copercana/copercana.com.br/app/Views/centro-de-eventos.php(80): base_url()
#3 /home/copercana/copercana.com.br/system/View/View.php(210): include('/home/copercana...')
#4 /home/copercana/copercana.com.br/system/View/View.php(213): CodeIgniter\View\View->CodeIgniter\View\{closure}()
#5 /home/copercana/copercana.com.br/system/Common.php(1089): CodeIgniter\View\View->render()
#6 /home/copercana/copercana.com.br/app/Controllers/Home.php(325): view()
#7 /home/copercana/copercana.com.br/system/CodeIgniter.php(825): App\Controllers\Home->centro_eventos()
#8 /home/copercana/copercana.com.br/system/CodeIgniter.php(412): CodeIgniter\CodeIgniter->runController()
#9 /home/copercana/copercana.com.br/system/CodeIgniter.php(320): CodeIgniter\CodeIgniter->handleRequest()
#10 /home/copercana/copercana.com.br/public_html/index.php(37): CodeIgniter\CodeIgniter->run()
#11 {main}
CRITICAL - 2022-08-30 17:23:09 --> Trying to get property 'cover' of non-object
#0 /home/copercana/copercana.com.br/app/Views/centro-de-eventos.php(80): CodeIgniter\Debug\Exceptions->errorHandler()
#1 /home/copercana/copercana.com.br/system/View/View.php(210): include('/home/copercana...')
#2 /home/copercana/copercana.com.br/system/View/View.php(213): CodeIgniter\View\View->CodeIgniter\View\{closure}()
#3 /home/copercana/copercana.com.br/system/Common.php(1089): CodeIgniter\View\View->render()
#4 /home/copercana/copercana.com.br/app/Controllers/Home.php(325): view()
#5 /home/copercana/copercana.com.br/system/CodeIgniter.php(825): App\Controllers\Home->centro_eventos()
#6 /home/copercana/copercana.com.br/system/CodeIgniter.php(412): CodeIgniter\CodeIgniter->runController()
#7 /home/copercana/copercana.com.br/system/CodeIgniter.php(320): CodeIgniter\CodeIgniter->handleRequest()
#8 /home/copercana/copercana.com.br/public_html/index.php(37): CodeIgniter\CodeIgniter->run()
#9 {main}
CRITICAL - 2022-08-30 17:23:58 --> count(): Parameter must be an array or an object that implements Countable
#0 /home/copercana/copercana.com.br/app/Views/centro-de-eventos.php(65): CodeIgniter\Debug\Exceptions->errorHandler()
#1 /home/copercana/copercana.com.br/system/View/View.php(210): include('/home/copercana...')
#2 /home/copercana/copercana.com.br/system/View/View.php(213): CodeIgniter\View\View->CodeIgniter\View\{closure}()
#3 /home/copercana/copercana.com.br/system/Common.php(1089): CodeIgniter\View\View->render()
#4 /home/copercana/copercana.com.br/app/Controllers/Home.php(325): view()
#5 /home/copercana/copercana.com.br/system/CodeIgniter.php(825): App\Controllers\Home->centro_eventos()
#6 /home/copercana/copercana.com.br/system/CodeIgniter.php(412): CodeIgniter\CodeIgniter->runController()
#7 /home/copercana/copercana.com.br/system/CodeIgniter.php(320): CodeIgniter\CodeIgniter->handleRequest()
#8 /home/copercana/copercana.com.br/public_html/index.php(37): CodeIgniter\CodeIgniter->run()
#9 {main}
CRITICAL - 2022-08-30 17:52:21 --> Undefined property: stdClass::$thumbnail
#0 /home/copercana/copercana.com.br/app/Views/centro-de-eventos.php(89): CodeIgniter\Debug\Exceptions->errorHandler()
#1 /home/copercana/copercana.com.br/system/View/View.php(210): include('/home/copercana...')
#2 /home/copercana/copercana.com.br/system/View/View.php(213): CodeIgniter\View\View->CodeIgniter\View\{closure}()
#3 /home/copercana/copercana.com.br/system/Common.php(1089): CodeIgniter\View\View->render()
#4 /home/copercana/copercana.com.br/app/Controllers/Home.php(325): view()
#5 /home/copercana/copercana.com.br/system/CodeIgniter.php(825): App\Controllers\Home->centro_eventos()
#6 /home/copercana/copercana.com.br/system/CodeIgniter.php(412): CodeIgniter\CodeIgniter->runController()
#7 /home/copercana/copercana.com.br/system/CodeIgniter.php(320): CodeIgniter\CodeIgniter->handleRequest()
#8 /home/copercana/copercana.com.br/public_html/index.php(37): CodeIgniter\CodeIgniter->run()
#9 {main}
