ERROR - 2022-08-08 08:57:51 --> Error connecting to the database: Nenhuma conexão pôde ser feita porque a máquina de destino as recusou ativamente.

CRITICAL - 2022-08-08 08:57:51 --> Unable to connect to the database.
Main connection [MySQLi]: Nenhuma conexão pôde ser feita porque a máquina de destino as recusou ativamente.

#0 D:\Usuarios\Documents\Projetos\Copercana\copercana.com.br\system\Database\BaseConnection.php(577): CodeIgniter\Database\BaseConnection->initialize()
#1 D:\Usuarios\Documents\Projetos\Copercana\copercana.com.br\system\Database\BaseBuilder.php(1455): CodeIgniter\Database\BaseConnection->query('SELECT *\nFROM `...', Array, false)
#2 D:\Usuarios\Documents\Projetos\Copercana\copercana.com.br\app\Models\GeneralModel.php(16): CodeIgniter\Database\BaseBuilder->get()
#3 D:\Usuarios\Documents\Projetos\Copercana\copercana.com.br\app\Controllers\Home.php(11): App\Models\GeneralModel->get_by_id(1)
#4 D:\Usuarios\Documents\Projetos\Copercana\copercana.com.br\system\CodeIgniter.php(802): App\Controllers\Home->__construct()
#5 D:\Usuarios\Documents\Projetos\Copercana\copercana.com.br\system\CodeIgniter.php(403): CodeIgniter\CodeIgniter->createController()
#6 D:\Usuarios\Documents\Projetos\Copercana\copercana.com.br\system\CodeIgniter.php(320): CodeIgniter\CodeIgniter->handleRequest(NULL, Object(Config\Cache), false)
#7 D:\Usuarios\Documents\Projetos\Copercana\copercana.com.br\public\index.php(37): CodeIgniter\CodeIgniter->run()
#8 D:\Usuarios\Documents\Projetos\Copercana\copercana.com.br\system\Commands\Server\rewrite.php(43): require_once('D:\\Usuarios\\Doc...')
#9 {main}
ERROR - 2022-08-08 14:20:43 --> Error connecting to the database: Access denied for user '****'@'localhost' to database '****'
CRITICAL - 2022-08-08 14:20:43 --> Unable to connect to the database.
Main connection [MySQLi]: Access denied for user '****'@'localhost' to database '****'
#0 /home/copercana/copercana.com.br/system/Database/BaseConnection.php(577): CodeIgniter\Database\BaseConnection->initialize()
#1 /home/copercana/copercana.com.br/system/Database/BaseBuilder.php(1455): CodeIgniter\Database\BaseConnection->query()
#2 /home/copercana/copercana.com.br/app/Models/GeneralModel.php(16): CodeIgniter\Database\BaseBuilder->get()
#3 /home/copercana/copercana.com.br/app/Controllers/Home.php(11): App\Models\GeneralModel->get_by_id()
#4 /home/copercana/copercana.com.br/system/CodeIgniter.php(802): App\Controllers\Home->__construct()
#5 /home/copercana/copercana.com.br/system/CodeIgniter.php(403): CodeIgniter\CodeIgniter->createController()
#6 /home/copercana/copercana.com.br/system/CodeIgniter.php(320): CodeIgniter\CodeIgniter->handleRequest()
#7 /home/copercana/copercana.com.br/public_html/index.php(37): CodeIgniter\CodeIgniter->run()
#8 {main}
ERROR - 2022-08-08 14:22:36 --> Error connecting to the database: Access denied for user '****'@'localhost' to database '****'
CRITICAL - 2022-08-08 14:22:36 --> Unable to connect to the database.
Main connection [MySQLi]: Access denied for user '****'@'localhost' to database '****'
#0 /home/copercana/copercana.com.br/system/Database/BaseConnection.php(577): CodeIgniter\Database\BaseConnection->initialize()
#1 /home/copercana/copercana.com.br/system/Database/BaseBuilder.php(1455): CodeIgniter\Database\BaseConnection->query()
#2 /home/copercana/copercana.com.br/app/Models/GeneralModel.php(16): CodeIgniter\Database\BaseBuilder->get()
#3 /home/copercana/copercana.com.br/app/Controllers/Home.php(11): App\Models\GeneralModel->get_by_id()
#4 /home/copercana/copercana.com.br/system/CodeIgniter.php(802): App\Controllers\Home->__construct()
#5 /home/copercana/copercana.com.br/system/CodeIgniter.php(403): CodeIgniter\CodeIgniter->createController()
#6 /home/copercana/copercana.com.br/system/CodeIgniter.php(320): CodeIgniter\CodeIgniter->handleRequest()
#7 /home/copercana/copercana.com.br/public_html/index.php(37): CodeIgniter\CodeIgniter->run()
#8 {main}
CRITICAL - 2022-08-08 14:24:23 --> Trying to get property 'slug' of non-object
#0 /home/copercana/copercana.com.br/app/Views/home.php(331): CodeIgniter\Debug\Exceptions->errorHandler()
#1 /home/copercana/copercana.com.br/system/View/View.php(210): include('/home/copercana...')
#2 /home/copercana/copercana.com.br/system/View/View.php(213): CodeIgniter\View\View->CodeIgniter\View\{closure}()
#3 /home/copercana/copercana.com.br/system/Common.php(1089): CodeIgniter\View\View->render()
#4 /home/copercana/copercana.com.br/app/Controllers/Home.php(71): view()
#5 /home/copercana/copercana.com.br/system/CodeIgniter.php(825): App\Controllers\Home->index()
#6 /home/copercana/copercana.com.br/system/CodeIgniter.php(412): CodeIgniter\CodeIgniter->runController()
#7 /home/copercana/copercana.com.br/system/CodeIgniter.php(320): CodeIgniter\CodeIgniter->handleRequest()
#8 /home/copercana/copercana.com.br/public_html/index.php(37): CodeIgniter\CodeIgniter->run()
#9 {main}
CRITICAL - 2022-08-08 14:28:56 --> Trying to get property 'slug' of non-object
#0 /home/copercana/copercana.com.br/app/Views/home.php(331): CodeIgniter\Debug\Exceptions->errorHandler()
#1 /home/copercana/copercana.com.br/system/View/View.php(210): include('/home/copercana...')
#2 /home/copercana/copercana.com.br/system/View/View.php(213): CodeIgniter\View\View->CodeIgniter\View\{closure}()
#3 /home/copercana/copercana.com.br/system/Common.php(1089): CodeIgniter\View\View->render()
#4 /home/copercana/copercana.com.br/app/Controllers/Home.php(71): view()
#5 /home/copercana/copercana.com.br/system/CodeIgniter.php(825): App\Controllers\Home->index()
#6 /home/copercana/copercana.com.br/system/CodeIgniter.php(412): CodeIgniter\CodeIgniter->runController()
#7 /home/copercana/copercana.com.br/system/CodeIgniter.php(320): CodeIgniter\CodeIgniter->handleRequest()
#8 /home/copercana/copercana.com.br/public_html/index.php(37): CodeIgniter\CodeIgniter->run()
#9 {main}
CRITICAL - 2022-08-08 15:53:57 --> Argument 1 passed to _get_uri() must be of the type string, null given, called in /home/copercana/copercana.com.br/system/Helpers/url_helper.php on line 87
#0 /home/copercana/copercana.com.br/system/Helpers/url_helper.php(87): _get_uri()
#1 /home/copercana/copercana.com.br/system/Helpers/url_helper.php(106): site_url()
#2 /home/copercana/copercana.com.br/app/Views/ferragem-magazine.php(64): base_url()
#3 /home/copercana/copercana.com.br/system/View/View.php(210): include('/home/copercana...')
#4 /home/copercana/copercana.com.br/system/View/View.php(213): CodeIgniter\View\View->CodeIgniter\View\{closure}()
#5 /home/copercana/copercana.com.br/system/Common.php(1089): CodeIgniter\View\View->render()
#6 /home/copercana/copercana.com.br/app/Controllers/Home.php(389): view()
#7 /home/copercana/copercana.com.br/system/CodeIgniter.php(825): App\Controllers\Home->ferragem_magazine()
#8 /home/copercana/copercana.com.br/system/CodeIgniter.php(412): CodeIgniter\CodeIgniter->runController()
#9 /home/copercana/copercana.com.br/system/CodeIgniter.php(320): CodeIgniter\CodeIgniter->handleRequest()
#10 /home/copercana/copercana.com.br/public_html/index.php(37): CodeIgniter\CodeIgniter->run()
#11 {main}
CRITICAL - 2022-08-08 15:54:19 --> Argument 1 passed to _get_uri() must be of the type string, null given, called in /home/copercana/copercana.com.br/system/Helpers/url_helper.php on line 87
#0 /home/copercana/copercana.com.br/system/Helpers/url_helper.php(87): _get_uri()
#1 /home/copercana/copercana.com.br/system/Helpers/url_helper.php(106): site_url()
#2 /home/copercana/copercana.com.br/app/Views/ferragem-magazine.php(64): base_url()
#3 /home/copercana/copercana.com.br/system/View/View.php(210): include('/home/copercana...')
#4 /home/copercana/copercana.com.br/system/View/View.php(213): CodeIgniter\View\View->CodeIgniter\View\{closure}()
#5 /home/copercana/copercana.com.br/system/Common.php(1089): CodeIgniter\View\View->render()
#6 /home/copercana/copercana.com.br/app/Controllers/Home.php(389): view()
#7 /home/copercana/copercana.com.br/system/CodeIgniter.php(825): App\Controllers\Home->ferragem_magazine()
#8 /home/copercana/copercana.com.br/system/CodeIgniter.php(412): CodeIgniter\CodeIgniter->runController()
#9 /home/copercana/copercana.com.br/system/CodeIgniter.php(320): CodeIgniter\CodeIgniter->handleRequest()
#10 /home/copercana/copercana.com.br/public_html/index.php(37): CodeIgniter\CodeIgniter->run()
#11 {main}
CRITICAL - 2022-08-08 17:29:09 --> You must set the database table to be used with your query.
#0 /home/copercana/copercana.com.br/system/Model.php(545): CodeIgniter\Database\BaseConnection->table()
#1 /home/copercana/copercana.com.br/system/Model.php(722): CodeIgniter\Model->builder()
#2 /home/copercana/copercana.com.br/app/Controllers/Admin_Offers.php(283): CodeIgniter\Model->__call()
#3 /home/copercana/copercana.com.br/system/CodeIgniter.php(825): App\Controllers\Admin_Offers->delete()
#4 /home/copercana/copercana.com.br/system/CodeIgniter.php(412): CodeIgniter\CodeIgniter->runController()
#5 /home/copercana/copercana.com.br/system/CodeIgniter.php(320): CodeIgniter\CodeIgniter->handleRequest()
#6 /home/copercana/copercana.com.br/public_html/index.php(37): CodeIgniter\CodeIgniter->run()
#7 {main}
CRITICAL - 2022-08-08 17:30:14 --> You must set the database table to be used with your query.
#0 /home/copercana/copercana.com.br/system/Model.php(545): CodeIgniter\Database\BaseConnection->table()
#1 /home/copercana/copercana.com.br/system/Model.php(722): CodeIgniter\Model->builder()
#2 /home/copercana/copercana.com.br/app/Controllers/Admin_Offers.php(283): CodeIgniter\Model->__call()
#3 /home/copercana/copercana.com.br/system/CodeIgniter.php(825): App\Controllers\Admin_Offers->delete()
#4 /home/copercana/copercana.com.br/system/CodeIgniter.php(412): CodeIgniter\CodeIgniter->runController()
#5 /home/copercana/copercana.com.br/system/CodeIgniter.php(320): CodeIgniter\CodeIgniter->handleRequest()
#6 /home/copercana/copercana.com.br/public_html/index.php(37): CodeIgniter\CodeIgniter->run()
#7 {main}
CRITICAL - 2022-08-08 17:31:53 --> Class 'Imagick' not found
#0 /home/copercana/copercana.com.br/system/CodeIgniter.php(825): App\Controllers\Admin_Offers->add_offer()
#1 /home/copercana/copercana.com.br/system/CodeIgniter.php(412): CodeIgniter\CodeIgniter->runController()
#2 /home/copercana/copercana.com.br/system/CodeIgniter.php(320): CodeIgniter\CodeIgniter->handleRequest()
#3 /home/copercana/copercana.com.br/public_html/index.php(37): CodeIgniter\CodeIgniter->run()
#4 {main}
CRITICAL - 2022-08-08 17:33:38 --> Class 'Imagick' not found
#0 /home/copercana/copercana.com.br/system/CodeIgniter.php(825): App\Controllers\Admin_Offers->add_offer()
#1 /home/copercana/copercana.com.br/system/CodeIgniter.php(412): CodeIgniter\CodeIgniter->runController()
#2 /home/copercana/copercana.com.br/system/CodeIgniter.php(320): CodeIgniter\CodeIgniter->handleRequest()
#3 /home/copercana/copercana.com.br/public_html/index.php(37): CodeIgniter\CodeIgniter->run()
#4 {main}
CRITICAL - 2022-08-08 17:37:05 --> Class 'Imagick' not found
#0 /home/copercana/copercana.com.br/system/CodeIgniter.php(825): App\Controllers\Admin_Offers->add_offer()
#1 /home/copercana/copercana.com.br/system/CodeIgniter.php(412): CodeIgniter\CodeIgniter->runController()
#2 /home/copercana/copercana.com.br/system/CodeIgniter.php(320): CodeIgniter\CodeIgniter->handleRequest()
#3 /home/copercana/copercana.com.br/public_html/index.php(37): CodeIgniter\CodeIgniter->run()
#4 {main}
CRITICAL - 2022-08-08 17:37:12 --> Class 'Imagick' not found
#0 /home/copercana/copercana.com.br/system/CodeIgniter.php(825): App\Controllers\Admin_Offers->add_offer()
#1 /home/copercana/copercana.com.br/system/CodeIgniter.php(412): CodeIgniter\CodeIgniter->runController()
#2 /home/copercana/copercana.com.br/system/CodeIgniter.php(320): CodeIgniter\CodeIgniter->handleRequest()
#3 /home/copercana/copercana.com.br/public_html/index.php(37): CodeIgniter\CodeIgniter->run()
#4 {main}
CRITICAL - 2022-08-08 17:40:04 --> Class 'Imagick' not found
#0 /home/copercana/copercana.com.br/system/CodeIgniter.php(825): App\Controllers\Admin_Offers->add_offer()
#1 /home/copercana/copercana.com.br/system/CodeIgniter.php(412): CodeIgniter\CodeIgniter->runController()
#2 /home/copercana/copercana.com.br/system/CodeIgniter.php(320): CodeIgniter\CodeIgniter->handleRequest()
#3 /home/copercana/copercana.com.br/public_html/index.php(37): CodeIgniter\CodeIgniter->run()
#4 {main}
CRITICAL - 2022-08-08 17:40:17 --> Class 'Imagick' not found
#0 /home/copercana/copercana.com.br/system/CodeIgniter.php(825): App\Controllers\Admin_Offers->add_offer()
#1 /home/copercana/copercana.com.br/system/CodeIgniter.php(412): CodeIgniter\CodeIgniter->runController()
#2 /home/copercana/copercana.com.br/system/CodeIgniter.php(320): CodeIgniter\CodeIgniter->handleRequest()
#3 /home/copercana/copercana.com.br/public_html/index.php(37): CodeIgniter\CodeIgniter->run()
#4 {main}
